--------------- Rebuild Started: 02/12/2025 15:48:27 Project: Sensored BLDC Motor Control, Configuration: ARM GCC 5.4-2016-q2-update Debug ---------------
Deleting file ".\CortexM0\ARM_GCC_541\Debug\speedloop.o"
Deleting file ".\CortexM0\ARM_GCC_541\Debug\userinterface.o"
Deleting file ".\CortexM0\ARM_GCC_541\Debug\STATUS_LED.o"
Deleting file ".\CortexM0\ARM_GCC_541\Debug\UART_BCP_SPI_UART_INT.o"
Deleting file ".\CortexM0\ARM_GCC_541\Debug\UART_BCP_PM.o"
Deleting file ".\CortexM0\ARM_GCC_541\Debug\SW2.o"
Deleting file ".\CortexM0\ARM_GCC_541\Debug\Vbus.o"
Deleting file ".\CortexM0\ARM_GCC_541\Debug\Vbus_PM.o"
Deleting file ".\CortexM0\ARM_GCC_541\Debug\UART_BCP_SCBCLK.o"
Deleting file ".\CortexM0\ARM_GCC_541\Debug\UART_BCP_tx_PM.o"
Deleting file ".\CortexM0\ARM_GCC_541\Debug\UART_BCP_rx_PM.o"
Deleting file ".\CortexM0\ARM_GCC_541\Debug\Sensored BLDC Motor Control.map"
cydsfit.exe -.appdatapath "C:\Users\IlyR\AppData\Local\Cypress Semiconductor\PSoC Creator\4.2" -.fdsnotice -.fdswarpdepfile=warp_dependencies.txt -.fdselabdepfile=elab_dependencies.txt -.fdsbldfile=generated_files.txt -.fdsreffile=referenced_files.txt -p "C:\Users\IlyR\OneDrive - The University of Manchester\EEE MTE SEM2\3YP\control\speed_control_v1\Sensored BLDC Motor Control\Sensored BLDC Motor Control.cydsn\Sensored BLDC Motor Control.cyprj" -d CY8C4245AXI-483 -s "C:\Users\IlyR\OneDrive - The University of Manchester\EEE MTE SEM2\3YP\control\speed_control_v1\Sensored BLDC Motor Control\Sensored BLDC Motor Control.cydsn\Generated_Source\PSoC4" -- -yv2 -q10 -ygs -o2 -v3 -.fftcfgtype=LE
Elaborating Design...
HDL Generation...
Synthesis...
Tech Mapping...
Info: plm.M0038: The pin named PWMCL(0) at location P3[5] prevents usage of special purposes: TCPWM[2].line_compl. (App=cydsfit)
Info: plm.M0038: The pin named PWMCL(0) at location P3[5] prevents usage of special purposes: SCB[1].spi_ssel[2]. (App=cydsfit)
Info: plm.M0038: The pin named PWMBL(0) at location P3[6] prevents usage of special purposes: TCPWM[3].line. (App=cydsfit)
Info: plm.M0038: The pin named PWMBL(0) at location P3[6] prevents usage of special purposes: SCB[1].spi_ssel[3]. (App=cydsfit)
Info: plm.M0038: The pin named PWMAL(0) at location P0[6] prevents usage of special purposes: SCB[1].spi_clk. (App=cydsfit)
Info: plm.M0038: The pin named PWMCH(0) at location P3[7] prevents usage of special purposes: TCPWM[3].line_compl. (App=cydsfit)
Info: plm.M0038: The pin named PWMBH(0) at location P2[7] prevents usage of special purposes: SARMUX[0].in[7]. (App=cydsfit)
Info: plm.M0038: The pin named PWMBH(0) at location P2[7] prevents usage of special purposes: TCPWM[1].line_compl. (App=cydsfit)
Info: plm.M0038: The pin named PWMAH(0) at location P3[4] prevents usage of special purposes: TCPWM[2].line. (App=cydsfit)
Info: plm.M0038: The pin named PWMAH(0) at location P3[4] prevents usage of special purposes: SCB[1].spi_ssel[1]. (App=cydsfit)
Analog Placement...
Info: plm.M0038: The pin named STATUS_LED(0) at location [IOP=(0)][IoId=(2)] prevents usage of special purposes: F(LPCOMP,1). (App=cydsfit)
Info: plm.M0038: The pin named SW2(0) at location [IOP=(0)][IoId=(3)] prevents usage of special purposes: F(LPCOMP,1). (App=cydsfit)
Analog Routing...
Analog Code Generation...
Digital Placement...
Digital Routing...
Bitstream Generation...
Bitstream Verification...
Static timing analysis...
API Generation...
Dependency Generation...
Cleanup...
arm-none-eabi-gcc.exe -mcpu=cortex-m0 -mthumb -I. -IGenerated_Source\PSoC4 -Wa,-alh=.\CortexM0\ARM_GCC_541\Debug/main.lst -g -D DEBUG -Wall -ffunction-sections -ffat-lto-objects -O0 -c main.c -o .\CortexM0\ARM_GCC_541\Debug\main.o
arm-none-eabi-gcc.exe -mcpu=cortex-m0 -mthumb -I. -IGenerated_Source\PSoC4 -Wa,-alh=.\CortexM0\ARM_GCC_541\Debug/getvalue.lst -g -D DEBUG -Wall -ffunction-sections -ffat-lto-objects -O0 -c getvalue.c -o .\CortexM0\ARM_GCC_541\Debug\getvalue.o
arm-none-eabi-gcc.exe -mcpu=cortex-m0 -mthumb -I. -IGenerated_Source\PSoC4 -Wa,-alh=.\CortexM0\ARM_GCC_541\Debug/speedloop.lst -g -D DEBUG -Wall -ffunction-sections -ffat-lto-objects -O0 -c speedloop.c -o .\CortexM0\ARM_GCC_541\Debug\speedloop.o
arm-none-eabi-gcc.exe -mcpu=cortex-m0 -mthumb -I. -IGenerated_Source\PSoC4 -Wa,-alh=.\CortexM0\ARM_GCC_541\Debug/userinterface.lst -g -D DEBUG -Wall -ffunction-sections -ffat-lto-objects -O0 -c userinterface.c -o .\CortexM0\ARM_GCC_541\Debug\userinterface.o
arm-none-eabi-gcc.exe -mcpu=cortex-m0 -mthumb -I. -IGenerated_Source\PSoC4 -Wa,-alh=.\CortexM0\ARM_GCC_541\Debug/motor.lst -g -D DEBUG -Wall -ffunction-sections -ffat-lto-objects -O0 -c motor.c -o .\CortexM0\ARM_GCC_541\Debug\motor.o
arm-none-eabi-gcc.exe -mcpu=cortex-m0 -mthumb -I. -IGenerated_Source\PSoC4 -Wa,-alh=.\CortexM0\ARM_GCC_541\Debug/cyfitter_cfg.lst -g -D DEBUG -Wall -ffunction-sections -ffat-lto-objects -O0 -c Generated_Source\PSoC4\cyfitter_cfg.c -o .\CortexM0\ARM_GCC_541\Debug\cyfitter_cfg.o
arm-none-eabi-gcc.exe -mcpu=cortex-m0 -mthumb -I. -IGenerated_Source\PSoC4 -Wa,-alh=.\CortexM0\ARM_GCC_541\Debug/cymetadata.lst -g -D DEBUG -Wall -ffunction-sections -ffat-lto-objects -O0 -c Generated_Source\PSoC4\cymetadata.c -o .\CortexM0\ARM_GCC_541\Debug\cymetadata.o
arm-none-eabi-gcc.exe -mcpu=cortex-m0 -mthumb -I. -IGenerated_Source\PSoC4 -Wa,-alh=.\CortexM0\ARM_GCC_541\Debug/clock_2.lst -g -D DEBUG -Wall -ffunction-sections -ffat-lto-objects -O0 -c Generated_Source\PSoC4\clock_2.c -o .\CortexM0\ARM_GCC_541\Debug\clock_2.o
arm-none-eabi-gcc.exe -mcpu=cortex-m0 -mthumb -I. -IGenerated_Source\PSoC4 -Wa,-alh=.\CortexM0\ARM_GCC_541\Debug/isr_spd.lst -g -D DEBUG -Wall -ffunction-sections -ffat-lto-objects -O0 -c Generated_Source\PSoC4\isr_spd.c -o .\CortexM0\ARM_GCC_541\Debug\isr_spd.o
arm-none-eabi-gcc.exe -mcpu=cortex-m0 -mthumb -I. -IGenerated_Source\PSoC4 -Wa,-alh=.\CortexM0\ARM_GCC_541\Debug/Hall_Error.lst -g -D DEBUG -Wall -ffunction-sections -ffat-lto-objects -O0 -c Generated_Source\PSoC4\Hall_Error.c -o .\CortexM0\ARM_GCC_541\Debug\Hall_Error.o
arm-none-eabi-gcc.exe -mcpu=cortex-m0 -mthumb -I. -IGenerated_Source\PSoC4 -Wa,-alh=.\CortexM0\ARM_GCC_541\Debug/PWM_Drive.lst -g -D DEBUG -Wall -ffunction-sections -ffat-lto-objects -O0 -c Generated_Source\PSoC4\PWM_Drive.c -o .\CortexM0\ARM_GCC_541\Debug\PWM_Drive.o
arm-none-eabi-gcc.exe -mcpu=cortex-m0 -mthumb -I. -IGenerated_Source\PSoC4 -Wa,-alh=.\CortexM0\ARM_GCC_541\Debug/PWM_Drive_PM.lst -g -D DEBUG -Wall -ffunction-sections -ffat-lto-objects -O0 -c Generated_Source\PSoC4\PWM_Drive_PM.c -o .\CortexM0\ARM_GCC_541\Debug\PWM_Drive_PM.o
arm-none-eabi-gcc.exe -mcpu=cortex-m0 -mthumb -I. -IGenerated_Source\PSoC4 -Wa,-alh=.\CortexM0\ARM_GCC_541\Debug/isr_pwm.lst -g -D DEBUG -Wall -ffunction-sections -ffat-lto-objects -O0 -c Generated_Source\PSoC4\isr_pwm.c -o .\CortexM0\ARM_GCC_541\Debug\isr_pwm.o
arm-none-eabi-gcc.exe -mcpu=cortex-m0 -mthumb -I. -IGenerated_Source\PSoC4 -Wa,-alh=.\CortexM0\ARM_GCC_541\Debug/PWMCL.lst -g -D DEBUG -Wall -ffunction-sections -ffat-lto-objects -O0 -c Generated_Source\PSoC4\PWMCL.c -o .\CortexM0\ARM_GCC_541\Debug\PWMCL.o
arm-none-eabi-gcc.exe -mcpu=cortex-m0 -mthumb -I. -IGenerated_Source\PSoC4 -Wa,-alh=.\CortexM0\ARM_GCC_541\Debug/PWMCL_PM.lst -g -D DEBUG -Wall -ffunction-sections -ffat-lto-objects -O0 -c Generated_Source\PSoC4\PWMCL_PM.c -o .\CortexM0\ARM_GCC_541\Debug\PWMCL_PM.o
arm-none-eabi-gcc.exe -mcpu=cortex-m0 -mthumb -I. -IGenerated_Source\PSoC4 -Wa,-alh=.\CortexM0\ARM_GCC_541\Debug/PWMBL.lst -g -D DEBUG -Wall -ffunction-sections -ffat-lto-objects -O0 -c Generated_Source\PSoC4\PWMBL.c -o .\CortexM0\ARM_GCC_541\Debug\PWMBL.o
arm-none-eabi-gcc.exe -mcpu=cortex-m0 -mthumb -I. -IGenerated_Source\PSoC4 -Wa,-alh=.\CortexM0\ARM_GCC_541\Debug/PWMBL_PM.lst -g -D DEBUG -Wall -ffunction-sections -ffat-lto-objects -O0 -c Generated_Source\PSoC4\PWMBL_PM.c -o .\CortexM0\ARM_GCC_541\Debug\PWMBL_PM.o
arm-none-eabi-gcc.exe -mcpu=cortex-m0 -mthumb -I. -IGenerated_Source\PSoC4 -Wa,-alh=.\CortexM0\ARM_GCC_541\Debug/PWMAL.lst -g -D DEBUG -Wall -ffunction-sections -ffat-lto-objects -O0 -c Generated_Source\PSoC4\PWMAL.c -o .\CortexM0\ARM_GCC_541\Debug\PWMAL.o
arm-none-eabi-gcc.exe -mcpu=cortex-m0 -mthumb -I. -IGenerated_Source\PSoC4 -Wa,-alh=.\CortexM0\ARM_GCC_541\Debug/PWMAL_PM.lst -g -D DEBUG -Wall -ffunction-sections -ffat-lto-objects -O0 -c Generated_Source\PSoC4\PWMAL_PM.c -o .\CortexM0\ARM_GCC_541\Debug\PWMAL_PM.o
arm-none-eabi-gcc.exe -mcpu=cortex-m0 -mthumb -I. -IGenerated_Source\PSoC4 -Wa,-alh=.\CortexM0\ARM_GCC_541\Debug/PWMCH.lst -g -D DEBUG -Wall -ffunction-sections -ffat-lto-objects -O0 -c Generated_Source\PSoC4\PWMCH.c -o .\CortexM0\ARM_GCC_541\Debug\PWMCH.o
arm-none-eabi-gcc.exe -mcpu=cortex-m0 -mthumb -I. -IGenerated_Source\PSoC4 -Wa,-alh=.\CortexM0\ARM_GCC_541\Debug/PWMCH_PM.lst -g -D DEBUG -Wall -ffunction-sections -ffat-lto-objects -O0 -c Generated_Source\PSoC4\PWMCH_PM.c -o .\CortexM0\ARM_GCC_541\Debug\PWMCH_PM.o
arm-none-eabi-gcc.exe -mcpu=cortex-m0 -mthumb -I. -IGenerated_Source\PSoC4 -Wa,-alh=.\CortexM0\ARM_GCC_541\Debug/PWMBH.lst -g -D DEBUG -Wall -ffunction-sections -ffat-lto-objects -O0 -c Generated_Source\PSoC4\PWMBH.c -o .\CortexM0\ARM_GCC_541\Debug\PWMBH.o
arm-none-eabi-gcc.exe -mcpu=cortex-m0 -mthumb -I. -IGenerated_Source\PSoC4 -Wa,-alh=.\CortexM0\ARM_GCC_541\Debug/PWMBH_PM.lst -g -D DEBUG -Wall -ffunction-sections -ffat-lto-objects -O0 -c Generated_Source\PSoC4\PWMBH_PM.c -o .\CortexM0\ARM_GCC_541\Debug\PWMBH_PM.o
arm-none-eabi-gcc.exe -mcpu=cortex-m0 -mthumb -I. -IGenerated_Source\PSoC4 -Wa,-alh=.\CortexM0\ARM_GCC_541\Debug/PWMAH.lst -g -D DEBUG -Wall -ffunction-sections -ffat-lto-objects -O0 -c Generated_Source\PSoC4\PWMAH.c -o .\CortexM0\ARM_GCC_541\Debug\PWMAH.o
arm-none-eabi-gcc.exe -mcpu=cortex-m0 -mthumb -I. -IGenerated_Source\PSoC4 -Wa,-alh=.\CortexM0\ARM_GCC_541\Debug/PWMAH_PM.lst -g -D DEBUG -Wall -ffunction-sections -ffat-lto-objects -O0 -c Generated_Source\PSoC4\PWMAH_PM.c -o .\CortexM0\ARM_GCC_541\Debug\PWMAH_PM.o
arm-none-eabi-gcc.exe -mcpu=cortex-m0 -mthumb -I. -IGenerated_Source\PSoC4 -Wa,-alh=.\CortexM0\ARM_GCC_541\Debug/Hall3.lst -g -D DEBUG -Wall -ffunction-sections -ffat-lto-objects -O0 -c Generated_Source\PSoC4\Hall3.c -o .\CortexM0\ARM_GCC_541\Debug\Hall3.o
arm-none-eabi-gcc.exe -mcpu=cortex-m0 -mthumb -I. -IGenerated_Source\PSoC4 -Wa,-alh=.\CortexM0\ARM_GCC_541\Debug/Hall3_PM.lst -g -D DEBUG -Wall -ffunction-sections -ffat-lto-objects -O0 -c Generated_Source\PSoC4\Hall3_PM.c -o .\CortexM0\ARM_GCC_541\Debug\Hall3_PM.o
arm-none-eabi-gcc.exe -mcpu=cortex-m0 -mthumb -I. -IGenerated_Source\PSoC4 -Wa,-alh=.\CortexM0\ARM_GCC_541\Debug/Hall2.lst -g -D DEBUG -Wall -ffunction-sections -ffat-lto-objects -O0 -c Generated_Source\PSoC4\Hall2.c -o .\CortexM0\ARM_GCC_541\Debug\Hall2.o
arm-none-eabi-gcc.exe -mcpu=cortex-m0 -mthumb -I. -IGenerated_Source\PSoC4 -Wa,-alh=.\CortexM0\ARM_GCC_541\Debug/Hall2_PM.lst -g -D DEBUG -Wall -ffunction-sections -ffat-lto-objects -O0 -c Generated_Source\PSoC4\Hall2_PM.c -o .\CortexM0\ARM_GCC_541\Debug\Hall2_PM.o
arm-none-eabi-gcc.exe -mcpu=cortex-m0 -mthumb -I. -IGenerated_Source\PSoC4 -Wa,-alh=.\CortexM0\ARM_GCC_541\Debug/Hall1.lst -g -D DEBUG -Wall -ffunction-sections -ffat-lto-objects -O0 -c Generated_Source\PSoC4\Hall1.c -o .\CortexM0\ARM_GCC_541\Debug\Hall1.o
arm-none-eabi-gcc.exe -mcpu=cortex-m0 -mthumb -I. -IGenerated_Source\PSoC4 -Wa,-alh=.\CortexM0\ARM_GCC_541\Debug/Hall1_PM.lst -g -D DEBUG -Wall -ffunction-sections -ffat-lto-objects -O0 -c Generated_Source\PSoC4\Hall1_PM.c -o .\CortexM0\ARM_GCC_541\Debug\Hall1_PM.o
arm-none-eabi-gcc.exe -mcpu=cortex-m0 -mthumb -I. -IGenerated_Source\PSoC4 -Wa,-alh=.\CortexM0\ARM_GCC_541\Debug/CtrlReg_Dir.lst -g -D DEBUG -Wall -ffunction-sections -ffat-lto-objects -O0 -c Generated_Source\PSoC4\CtrlReg_Dir.c -o .\CortexM0\ARM_GCC_541\Debug\CtrlReg_Dir.o
arm-none-eabi-gcc.exe -mcpu=cortex-m0 -mthumb -I. -IGenerated_Source\PSoC4 -Wa,-alh=.\CortexM0\ARM_GCC_541\Debug/CtrlReg_Dir_PM.lst -g -D DEBUG -Wall -ffunction-sections -ffat-lto-objects -O0 -c Generated_Source\PSoC4\CtrlReg_Dir_PM.c -o .\CortexM0\ARM_GCC_541\Debug\CtrlReg_Dir_PM.o
arm-none-eabi-gcc.exe -mcpu=cortex-m0 -mthumb -I. -IGenerated_Source\PSoC4 -Wa,-alh=.\CortexM0\ARM_GCC_541\Debug/CtrlReg_PWMOut.lst -g -D DEBUG -Wall -ffunction-sections -ffat-lto-objects -O0 -c Generated_Source\PSoC4\CtrlReg_PWMOut.c -o .\CortexM0\ARM_GCC_541\Debug\CtrlReg_PWMOut.o
arm-none-eabi-gcc.exe -mcpu=cortex-m0 -mthumb -I. -IGenerated_Source\PSoC4 -Wa,-alh=.\CortexM0\ARM_GCC_541\Debug/CtrlReg_PWMOut_PM.lst -g -D DEBUG -Wall -ffunction-sections -ffat-lto-objects -O0 -c Generated_Source\PSoC4\CtrlReg_PWMOut_PM.c -o .\CortexM0\ARM_GCC_541\Debug\CtrlReg_PWMOut_PM.o
arm-none-eabi-gcc.exe -mcpu=cortex-m0 -mthumb -I. -IGenerated_Source\PSoC4 -Wa,-alh=.\CortexM0\ARM_GCC_541\Debug/clock_1.lst -g -D DEBUG -Wall -ffunction-sections -ffat-lto-objects -O0 -c Generated_Source\PSoC4\clock_1.c -o .\CortexM0\ARM_GCC_541\Debug\clock_1.o
arm-none-eabi-gcc.exe -mcpu=cortex-m0 -mthumb -I. -IGenerated_Source\PSoC4 -Wa,-alh=.\CortexM0\ARM_GCC_541\Debug/STATUS_LED.lst -g -D DEBUG -Wall -ffunction-sections -ffat-lto-objects -O0 -c Generated_Source\PSoC4\STATUS_LED.c -o .\CortexM0\ARM_GCC_541\Debug\STATUS_LED.o
arm-none-eabi-gcc.exe -mcpu=cortex-m0 -mthumb -I. -IGenerated_Source\PSoC4 -Wa,-alh=.\CortexM0\ARM_GCC_541\Debug/STATUS_LED_PM.lst -g -D DEBUG -Wall -ffunction-sections -ffat-lto-objects -O0 -c Generated_Source\PSoC4\STATUS_LED_PM.c -o .\CortexM0\ARM_GCC_541\Debug\STATUS_LED_PM.o
arm-none-eabi-gcc.exe -mcpu=cortex-m0 -mthumb -I. -IGenerated_Source\PSoC4 -Wa,-alh=.\CortexM0\ARM_GCC_541\Debug/UART_BCP.lst -g -D DEBUG -Wall -ffunction-sections -ffat-lto-objects -O0 -c Generated_Source\PSoC4\UART_BCP.c -o .\CortexM0\ARM_GCC_541\Debug\UART_BCP.o
arm-none-eabi-gcc.exe -mcpu=cortex-m0 -mthumb -I. -IGenerated_Source\PSoC4 -Wa,-alh=.\CortexM0\ARM_GCC_541\Debug/UART_BCP_SPI_UART.lst -g -D DEBUG -Wall -ffunction-sections -ffat-lto-objects -O0 -c Generated_Source\PSoC4\UART_BCP_SPI_UART.c -o .\CortexM0\ARM_GCC_541\Debug\UART_BCP_SPI_UART.o
arm-none-eabi-gcc.exe -mcpu=cortex-m0 -mthumb -I. -IGenerated_Source\PSoC4 -Wa,-alh=.\CortexM0\ARM_GCC_541\Debug/UART_BCP_SPI_UART_INT.lst -g -D DEBUG -Wall -ffunction-sections -ffat-lto-objects -O0 -c Generated_Source\PSoC4\UART_BCP_SPI_UART_INT.c -o .\CortexM0\ARM_GCC_541\Debug\UART_BCP_SPI_UART_INT.o
arm-none-eabi-gcc.exe -mcpu=cortex-m0 -mthumb -I. -IGenerated_Source\PSoC4 -Wa,-alh=.\CortexM0\ARM_GCC_541\Debug/UART_BCP_PM.lst -g -D DEBUG -Wall -ffunction-sections -ffat-lto-objects -O0 -c Generated_Source\PSoC4\UART_BCP_PM.c -o .\CortexM0\ARM_GCC_541\Debug\UART_BCP_PM.o
arm-none-eabi-gcc.exe -mcpu=cortex-m0 -mthumb -I. -IGenerated_Source\PSoC4 -Wa,-alh=.\CortexM0\ARM_GCC_541\Debug/UART_BCP_UART.lst -g -D DEBUG -Wall -ffunction-sections -ffat-lto-objects -O0 -c Generated_Source\PSoC4\UART_BCP_UART.c -o .\CortexM0\ARM_GCC_541\Debug\UART_BCP_UART.o
arm-none-eabi-gcc.exe -mcpu=cortex-m0 -mthumb -I. -IGenerated_Source\PSoC4 -Wa,-alh=.\CortexM0\ARM_GCC_541\Debug/UART_BCP_BOOT.lst -g -D DEBUG -Wall -ffunction-sections -ffat-lto-objects -O0 -c Generated_Source\PSoC4\UART_BCP_BOOT.c -o .\CortexM0\ARM_GCC_541\Debug\UART_BCP_BOOT.o
arm-none-eabi-gcc.exe -mcpu=cortex-m0 -mthumb -I. -IGenerated_Source\PSoC4 -Wa,-alh=.\CortexM0\ARM_GCC_541\Debug/UART_BCP_UART_BOOT.lst -g -D DEBUG -Wall -ffunction-sections -ffat-lto-objects -O0 -c Generated_Source\PSoC4\UART_BCP_UART_BOOT.c -o .\CortexM0\ARM_GCC_541\Debug\UART_BCP_UART_BOOT.o
arm-none-eabi-gcc.exe -mcpu=cortex-m0 -mthumb -I. -IGenerated_Source\PSoC4 -Wa,-alh=.\CortexM0\ARM_GCC_541\Debug/SW2.lst -g -D DEBUG -Wall -ffunction-sections -ffat-lto-objects -O0 -c Generated_Source\PSoC4\SW2.c -o .\CortexM0\ARM_GCC_541\Debug\SW2.o
arm-none-eabi-gcc.exe -mcpu=cortex-m0 -mthumb -I. -IGenerated_Source\PSoC4 -Wa,-alh=.\CortexM0\ARM_GCC_541\Debug/SW2_PM.lst -g -D DEBUG -Wall -ffunction-sections -ffat-lto-objects -O0 -c Generated_Source\PSoC4\SW2_PM.c -o .\CortexM0\ARM_GCC_541\Debug\SW2_PM.o
arm-none-eabi-gcc.exe -mcpu=cortex-m0 -mthumb -I. -IGenerated_Source\PSoC4 -Wa,-alh=.\CortexM0\ARM_GCC_541\Debug/ADC_SAR_Seq_1.lst -g -D DEBUG -Wall -ffunction-sections -ffat-lto-objects -O0 -c Generated_Source\PSoC4\ADC_SAR_Seq_1.c -o .\CortexM0\ARM_GCC_541\Debug\ADC_SAR_Seq_1.o
arm-none-eabi-gcc.exe -mcpu=cortex-m0 -mthumb -I. -IGenerated_Source\PSoC4 -Wa,-alh=.\CortexM0\ARM_GCC_541\Debug/ADC_SAR_Seq_1_PM.lst -g -D DEBUG -Wall -ffunction-sections -ffat-lto-objects -O0 -c Generated_Source\PSoC4\ADC_SAR_Seq_1_PM.c -o .\CortexM0\ARM_GCC_541\Debug\ADC_SAR_Seq_1_PM.o
arm-none-eabi-gcc.exe -mcpu=cortex-m0 -mthumb -I. -IGenerated_Source\PSoC4 -Wa,-alh=.\CortexM0\ARM_GCC_541\Debug/ADC_SAR_Seq_1_INT.lst -g -D DEBUG -Wall -ffunction-sections -ffat-lto-objects -O0 -c Generated_Source\PSoC4\ADC_SAR_Seq_1_INT.c -o .\CortexM0\ARM_GCC_541\Debug\ADC_SAR_Seq_1_INT.o
arm-none-eabi-gcc.exe -mcpu=cortex-m0 -mthumb -I. -IGenerated_Source\PSoC4 -Wa,-alh=.\CortexM0\ARM_GCC_541\Debug/IDAC_Iref.lst -g -D DEBUG -Wall -ffunction-sections -ffat-lto-objects -O0 -c Generated_Source\PSoC4\IDAC_Iref.c -o .\CortexM0\ARM_GCC_541\Debug\IDAC_Iref.o
arm-none-eabi-gcc.exe -mcpu=cortex-m0 -mthumb -I. -IGenerated_Source\PSoC4 -Wa,-alh=.\CortexM0\ARM_GCC_541\Debug/IDAC_Iref_PM.lst -g -D DEBUG -Wall -ffunction-sections -ffat-lto-objects -O0 -c Generated_Source\PSoC4\IDAC_Iref_PM.c -o .\CortexM0\ARM_GCC_541\Debug\IDAC_Iref_PM.o
arm-none-eabi-gcc.exe -mcpu=cortex-m0 -mthumb -I. -IGenerated_Source\PSoC4 -Wa,-alh=.\CortexM0\ARM_GCC_541\Debug/Pin_Ibus.lst -g -D DEBUG -Wall -ffunction-sections -ffat-lto-objects -O0 -c Generated_Source\PSoC4\Pin_Ibus.c -o .\CortexM0\ARM_GCC_541\Debug\Pin_Ibus.o
arm-none-eabi-gcc.exe -mcpu=cortex-m0 -mthumb -I. -IGenerated_Source\PSoC4 -Wa,-alh=.\CortexM0\ARM_GCC_541\Debug/Pin_Ibus_PM.lst -g -D DEBUG -Wall -ffunction-sections -ffat-lto-objects -O0 -c Generated_Source\PSoC4\Pin_Ibus_PM.c -o .\CortexM0\ARM_GCC_541\Debug\Pin_Ibus_PM.o
arm-none-eabi-gcc.exe -mcpu=cortex-m0 -mthumb -I. -IGenerated_Source\PSoC4 -Wa,-alh=.\CortexM0\ARM_GCC_541\Debug/Pin_Iref.lst -g -D DEBUG -Wall -ffunction-sections -ffat-lto-objects -O0 -c Generated_Source\PSoC4\Pin_Iref.c -o .\CortexM0\ARM_GCC_541\Debug\Pin_Iref.o
arm-none-eabi-gcc.exe -mcpu=cortex-m0 -mthumb -I. -IGenerated_Source\PSoC4 -Wa,-alh=.\CortexM0\ARM_GCC_541\Debug/Pin_Iref_PM.lst -g -D DEBUG -Wall -ffunction-sections -ffat-lto-objects -O0 -c Generated_Source\PSoC4\Pin_Iref_PM.c -o .\CortexM0\ARM_GCC_541\Debug\Pin_Iref_PM.o
arm-none-eabi-gcc.exe -mcpu=cortex-m0 -mthumb -I. -IGenerated_Source\PSoC4 -Wa,-alh=.\CortexM0\ARM_GCC_541\Debug/LPComp_OC.lst -g -D DEBUG -Wall -ffunction-sections -ffat-lto-objects -O0 -c Generated_Source\PSoC4\LPComp_OC.c -o .\CortexM0\ARM_GCC_541\Debug\LPComp_OC.o
arm-none-eabi-gcc.exe -mcpu=cortex-m0 -mthumb -I. -IGenerated_Source\PSoC4 -Wa,-alh=.\CortexM0\ARM_GCC_541\Debug/LPComp_OC_PM.lst -g -D DEBUG -Wall -ffunction-sections -ffat-lto-objects -O0 -c Generated_Source\PSoC4\LPComp_OC_PM.c -o .\CortexM0\ARM_GCC_541\Debug\LPComp_OC_PM.o
arm-none-eabi-gcc.exe -mcpu=cortex-m0 -mthumb -I. -IGenerated_Source\PSoC4 -Wa,-alh=.\CortexM0\ARM_GCC_541\Debug/isr_oc.lst -g -D DEBUG -Wall -ffunction-sections -ffat-lto-objects -O0 -c Generated_Source\PSoC4\isr_oc.c -o .\CortexM0\ARM_GCC_541\Debug\isr_oc.o
arm-none-eabi-gcc.exe -mcpu=cortex-m0 -mthumb -I. -IGenerated_Source\PSoC4 -Wa,-alh=.\CortexM0\ARM_GCC_541\Debug/Vbus.lst -g -D DEBUG -Wall -ffunction-sections -ffat-lto-objects -O0 -c Generated_Source\PSoC4\Vbus.c -o .\CortexM0\ARM_GCC_541\Debug\Vbus.o
arm-none-eabi-gcc.exe -mcpu=cortex-m0 -mthumb -I. -IGenerated_Source\PSoC4 -Wa,-alh=.\CortexM0\ARM_GCC_541\Debug/Vbus_PM.lst -g -D DEBUG -Wall -ffunction-sections -ffat-lto-objects -O0 -c Generated_Source\PSoC4\Vbus_PM.c -o .\CortexM0\ARM_GCC_541\Debug\Vbus_PM.o
arm-none-eabi-gcc.exe -mcpu=cortex-m0 -mthumb -I. -IGenerated_Source\PSoC4 -Wa,-alh=.\CortexM0\ARM_GCC_541\Debug/Vrpm.lst -g -D DEBUG -Wall -ffunction-sections -ffat-lto-objects -O0 -c Generated_Source\PSoC4\Vrpm.c -o .\CortexM0\ARM_GCC_541\Debug\Vrpm.o
arm-none-eabi-gcc.exe -mcpu=cortex-m0 -mthumb -I. -IGenerated_Source\PSoC4 -Wa,-alh=.\CortexM0\ARM_GCC_541\Debug/Vrpm_PM.lst -g -D DEBUG -Wall -ffunction-sections -ffat-lto-objects -O0 -c Generated_Source\PSoC4\Vrpm_PM.c -o .\CortexM0\ARM_GCC_541\Debug\Vrpm_PM.o
arm-none-eabi-gcc.exe -mcpu=cortex-m0 -mthumb -I. -IGenerated_Source\PSoC4 -Wa,-alh=.\CortexM0\ARM_GCC_541\Debug/Counter_Spd.lst -g -D DEBUG -Wall -ffunction-sections -ffat-lto-objects -O0 -c Generated_Source\PSoC4\Counter_Spd.c -o .\CortexM0\ARM_GCC_541\Debug\Counter_Spd.o
arm-none-eabi-gcc.exe -mcpu=cortex-m0 -mthumb -I. -IGenerated_Source\PSoC4 -Wa,-alh=.\CortexM0\ARM_GCC_541\Debug/Counter_Spd_PM.lst -g -D DEBUG -Wall -ffunction-sections -ffat-lto-objects -O0 -c Generated_Source\PSoC4\Counter_Spd_PM.c -o .\CortexM0\ARM_GCC_541\Debug\Counter_Spd_PM.o
arm-none-eabi-gcc.exe -mcpu=cortex-m0 -mthumb -I. -IGenerated_Source\PSoC4 -Wa,-alh=.\CortexM0\ARM_GCC_541\Debug/UART_BCP_SCBCLK.lst -g -D DEBUG -Wall -ffunction-sections -ffat-lto-objects -O0 -c Generated_Source\PSoC4\UART_BCP_SCBCLK.c -o .\CortexM0\ARM_GCC_541\Debug\UART_BCP_SCBCLK.o
arm-none-eabi-gcc.exe -mcpu=cortex-m0 -mthumb -I. -IGenerated_Source\PSoC4 -Wa,-alh=.\CortexM0\ARM_GCC_541\Debug/UART_BCP_tx.lst -g -D DEBUG -Wall -ffunction-sections -ffat-lto-objects -O0 -c Generated_Source\PSoC4\UART_BCP_tx.c -o .\CortexM0\ARM_GCC_541\Debug\UART_BCP_tx.o
arm-none-eabi-gcc.exe -mcpu=cortex-m0 -mthumb -I. -IGenerated_Source\PSoC4 -Wa,-alh=.\CortexM0\ARM_GCC_541\Debug/UART_BCP_tx_PM.lst -g -D DEBUG -Wall -ffunction-sections -ffat-lto-objects -O0 -c Generated_Source\PSoC4\UART_BCP_tx_PM.c -o .\CortexM0\ARM_GCC_541\Debug\UART_BCP_tx_PM.o
arm-none-eabi-gcc.exe -mcpu=cortex-m0 -mthumb -I. -IGenerated_Source\PSoC4 -Wa,-alh=.\CortexM0\ARM_GCC_541\Debug/UART_BCP_rx.lst -g -D DEBUG -Wall -ffunction-sections -ffat-lto-objects -O0 -c Generated_Source\PSoC4\UART_BCP_rx.c -o .\CortexM0\ARM_GCC_541\Debug\UART_BCP_rx.o
arm-none-eabi-gcc.exe -mcpu=cortex-m0 -mthumb -I. -IGenerated_Source\PSoC4 -Wa,-alh=.\CortexM0\ARM_GCC_541\Debug/UART_BCP_rx_PM.lst -g -D DEBUG -Wall -ffunction-sections -ffat-lto-objects -O0 -c Generated_Source\PSoC4\UART_BCP_rx_PM.c -o .\CortexM0\ARM_GCC_541\Debug\UART_BCP_rx_PM.o
arm-none-eabi-gcc.exe -mcpu=cortex-m0 -mthumb -I. -IGenerated_Source\PSoC4 -Wa,-alh=.\CortexM0\ARM_GCC_541\Debug/ADC_SAR_Seq_1_IRQ.lst -g -D DEBUG -Wall -ffunction-sections -ffat-lto-objects -O0 -c Generated_Source\PSoC4\ADC_SAR_Seq_1_IRQ.c -o .\CortexM0\ARM_GCC_541\Debug\ADC_SAR_Seq_1_IRQ.o
arm-none-eabi-gcc.exe -mcpu=cortex-m0 -mthumb -I. -IGenerated_Source\PSoC4 -Wa,-alh=.\CortexM0\ARM_GCC_541\Debug/ADC_SAR_Seq_1_intClock.lst -g -D DEBUG -Wall -ffunction-sections -ffat-lto-objects -O0 -c Generated_Source\PSoC4\ADC_SAR_Seq_1_intClock.c -o .\CortexM0\ARM_GCC_541\Debug\ADC_SAR_Seq_1_intClock.o
arm-none-eabi-gcc.exe -mcpu=cortex-m0 -mthumb -I. -IGenerated_Source\PSoC4 -Wa,-alh=.\CortexM0\ARM_GCC_541\Debug/Cm0Start.lst -g -D DEBUG -Wall -ffunction-sections -ffat-lto-objects -O0 -c Generated_Source\PSoC4\Cm0Start.c -o .\CortexM0\ARM_GCC_541\Debug\Cm0Start.o
arm-none-eabi-gcc.exe -mcpu=cortex-m0 -mthumb -I. -IGenerated_Source\PSoC4 -Wa,-alh=.\CortexM0\ARM_GCC_541\Debug/CyFlash.lst -g -D DEBUG -Wall -ffunction-sections -ffat-lto-objects -O0 -c Generated_Source\PSoC4\CyFlash.c -o .\CortexM0\ARM_GCC_541\Debug\CyFlash.o
arm-none-eabi-gcc.exe -mcpu=cortex-m0 -mthumb -I. -IGenerated_Source\PSoC4 -Wa,-alh=.\CortexM0\ARM_GCC_541\Debug/CyLib.lst -g -D DEBUG -Wall -ffunction-sections -ffat-lto-objects -O0 -c Generated_Source\PSoC4\CyLib.c -o .\CortexM0\ARM_GCC_541\Debug\CyLib.o
arm-none-eabi-gcc.exe -mcpu=cortex-m0 -mthumb -I. -IGenerated_Source\PSoC4 -Wa,-alh=.\CortexM0\ARM_GCC_541\Debug/cyPm.lst -g -D DEBUG -Wall -ffunction-sections -ffat-lto-objects -O0 -c Generated_Source\PSoC4\cyPm.c -o .\CortexM0\ARM_GCC_541\Debug\cyPm.o
arm-none-eabi-gcc.exe -mcpu=cortex-m0 -mthumb -I. -IGenerated_Source\PSoC4 -Wa,-alh=.\CortexM0\ARM_GCC_541\Debug/cyutils.lst -g -D DEBUG -Wall -ffunction-sections -ffat-lto-objects -O0 -c Generated_Source\PSoC4\cyutils.c -o .\CortexM0\ARM_GCC_541\Debug\cyutils.o
arm-none-eabi-gcc.exe -mcpu=cortex-m0 -mthumb -I. -IGenerated_Source\PSoC4 -Wa,-alh=.\CortexM0\ARM_GCC_541\Debug/CyLFClk.lst -g -D DEBUG -Wall -ffunction-sections -ffat-lto-objects -O0 -c Generated_Source\PSoC4\CyLFClk.c -o .\CortexM0\ARM_GCC_541\Debug\CyLFClk.o
arm-none-eabi-gcc.exe -mcpu=cortex-m0 -mthumb -I. -IGenerated_Source\PSoC4 -Wa,-alh=.\CortexM0\ARM_GCC_541\Debug/cy_em_eeprom.lst -g -D DEBUG -Wall -ffunction-sections -ffat-lto-objects -O0 -c Generated_Source\PSoC4\cy_em_eeprom.c -o .\CortexM0\ARM_GCC_541\Debug\cy_em_eeprom.o
arm-none-eabi-as.exe -mcpu=cortex-m0 -mthumb -I. -IGenerated_Source\PSoC4 -alh=.\CortexM0\ARM_GCC_541\Debug/CyBootAsmGnu.lst -g -o .\CortexM0\ARM_GCC_541\Debug\CyBootAsmGnu.o Generated_Source\PSoC4\CyBootAsmGnu.s
arm-none-eabi-ar.exe -rs ".\CortexM0\ARM_GCC_541\Debug\Sensored BLDC Motor Control.a" .\CortexM0\ARM_GCC_541\Debug\clock_2.o .\CortexM0\ARM_GCC_541\Debug\isr_spd.o .\CortexM0\ARM_GCC_541\Debug\Hall_Error.o .\CortexM0\ARM_GCC_541\Debug\PWM_Drive.o .\CortexM0\ARM_GCC_541\Debug\PWM_Drive_PM.o .\CortexM0\ARM_GCC_541\Debug\isr_pwm.o .\CortexM0\ARM_GCC_541\Debug\PWMCL.o .\CortexM0\ARM_GCC_541\Debug\PWMCL_PM.o .\CortexM0\ARM_GCC_541\Debug\PWMBL.o .\CortexM0\ARM_GCC_541\Debug\PWMBL_PM.o .\CortexM0\ARM_GCC_541\Debug\PWMAL.o .\CortexM0\ARM_GCC_541\Debug\PWMAL_PM.o .\CortexM0\ARM_GCC_541\Debug\PWMCH.o .\CortexM0\ARM_GCC_541\Debug\PWMCH_PM.o .\CortexM0\ARM_GCC_541\Debug\PWMBH.o .\CortexM0\ARM_GCC_541\Debug\PWMBH_PM.o .\CortexM0\ARM_GCC_541\Debug\PWMAH.o .\CortexM0\ARM_GCC_541\Debug\PWMAH_PM.o .\CortexM0\ARM_GCC_541\Debug\Hall3.o .\CortexM0\ARM_GCC_541\Debug\Hall3_PM.o .\CortexM0\ARM_GCC_541\Debug\Hall2.o .\CortexM0\ARM_GCC_541\Debug\Hall2_PM.o .\CortexM0\ARM_GCC_541\Debug\Hall1.o .\CortexM0\ARM_GCC_541\Debug\Hall1_PM.o .\CortexM0\ARM_GCC_541\Debug\CtrlReg_Dir.o .\CortexM0\ARM_GCC_541\Debug\CtrlReg_Dir_PM.o .\CortexM0\ARM_GCC_541\Debug\CtrlReg_PWMOut.o .\CortexM0\ARM_GCC_541\Debug\CtrlReg_PWMOut_PM.o .\CortexM0\ARM_GCC_541\Debug\clock_1.o .\CortexM0\ARM_GCC_541\Debug\STATUS_LED.o .\CortexM0\ARM_GCC_541\Debug\STATUS_LED_PM.o .\CortexM0\ARM_GCC_541\Debug\UART_BCP.o .\CortexM0\ARM_GCC_541\Debug\UART_BCP_SPI_UART.o .\CortexM0\ARM_GCC_541\Debug\UART_BCP_SPI_UART_INT.o .\CortexM0\ARM_GCC_541\Debug\UART_BCP_PM.o .\CortexM0\ARM_GCC_541\Debug\UART_BCP_UART.o .\CortexM0\ARM_GCC_541\Debug\UART_BCP_BOOT.o .\CortexM0\ARM_GCC_541\Debug\UART_BCP_UART_BOOT.o .\CortexM0\ARM_GCC_541\Debug\SW2.o .\CortexM0\ARM_GCC_541\Debug\SW2_PM.o .\CortexM0\ARM_GCC_541\Debug\ADC_SAR_Seq_1.o .\CortexM0\ARM_GCC_541\Debug\ADC_SAR_Seq_1_PM.o .\CortexM0\ARM_GCC_541\Debug\ADC_SAR_Seq_1_INT.o .\CortexM0\ARM_GCC_541\Debug\IDAC_Iref.o .\CortexM0\ARM_GCC_541\Debug\IDAC_Iref_PM.o .\CortexM0\ARM_GCC_541\Debug\Pin_Ibus.o .\CortexM0\ARM_GCC_541\Debug\Pin_Ibus_PM.o .\CortexM0\ARM_GCC_541\Debug\Pin_Iref.o .\CortexM0\ARM_GCC_541\Debug\Pin_Iref_PM.o .\CortexM0\ARM_GCC_541\Debug\LPComp_OC.o .\CortexM0\ARM_GCC_541\Debug\LPComp_OC_PM.o .\CortexM0\ARM_GCC_541\Debug\isr_oc.o .\CortexM0\ARM_GCC_541\Debug\Vbus.o .\CortexM0\ARM_GCC_541\Debug\Vbus_PM.o .\CortexM0\ARM_GCC_541\Debug\Vrpm.o .\CortexM0\ARM_GCC_541\Debug\Vrpm_PM.o .\CortexM0\ARM_GCC_541\Debug\Counter_Spd.o .\CortexM0\ARM_GCC_541\Debug\Counter_Spd_PM.o .\CortexM0\ARM_GCC_541\Debug\UART_BCP_SCBCLK.o .\CortexM0\ARM_GCC_541\Debug\UART_BCP_tx.o .\CortexM0\ARM_GCC_541\Debug\UART_BCP_tx_PM.o .\CortexM0\ARM_GCC_541\Debug\UART_BCP_rx.o .\CortexM0\ARM_GCC_541\Debug\UART_BCP_rx_PM.o .\CortexM0\ARM_GCC_541\Debug\ADC_SAR_Seq_1_IRQ.o .\CortexM0\ARM_GCC_541\Debug\ADC_SAR_Seq_1_intClock.o .\CortexM0\ARM_GCC_541\Debug\CyFlash.o .\CortexM0\ARM_GCC_541\Debug\CyLib.o .\CortexM0\ARM_GCC_541\Debug\cyPm.o .\CortexM0\ARM_GCC_541\Debug\cyutils.o .\CortexM0\ARM_GCC_541\Debug\CyLFClk.o .\CortexM0\ARM_GCC_541\Debug\cy_em_eeprom.o .\CortexM0\ARM_GCC_541\Debug\CyBootAsmGnu.o
arm-none-eabi-ar.exe: creating .\CortexM0\ARM_GCC_541\Debug\Sensored BLDC Motor Control.a
arm-none-eabi-gcc.exe -Wl,--start-group -o "C:\Users\IlyR\OneDrive - The University of Manchester\EEE MTE SEM2\3YP\control\speed_control_v1\Sensored BLDC Motor Control\Sensored BLDC Motor Control.cydsn\CortexM0\ARM_GCC_541\Debug\Sensored BLDC Motor Control.elf" .\CortexM0\ARM_GCC_541\Debug\main.o .\CortexM0\ARM_GCC_541\Debug\getvalue.o .\CortexM0\ARM_GCC_541\Debug\speedloop.o .\CortexM0\ARM_GCC_541\Debug\userinterface.o .\CortexM0\ARM_GCC_541\Debug\motor.o .\CortexM0\ARM_GCC_541\Debug\cyfitter_cfg.o .\CortexM0\ARM_GCC_541\Debug\cymetadata.o .\CortexM0\ARM_GCC_541\Debug\Cm0Start.o ".\CortexM0\ARM_GCC_541\Debug\Sensored BLDC Motor Control.a" -mcpu=cortex-m0 -mthumb -L Generated_Source\PSoC4 "-Wl,-Map,.\CortexM0\ARM_GCC_541\Debug/Sensored BLDC Motor Control.map" -T Generated_Source\PSoC4\cm0gcc.ld -specs=nano.specs -Wl,--gc-sections -g -ffunction-sections -O0 -ffat-lto-objects -Wl,--end-group
cyelftool.exe -C "C:\Users\IlyR\OneDrive - The University of Manchester\EEE MTE SEM2\3YP\control\speed_control_v1\Sensored BLDC Motor Control\Sensored BLDC Motor Control.cydsn\CortexM0\ARM_GCC_541\Debug\Sensored BLDC Motor Control.elf" --flash_row_size 128 --flash_size 32768 --flash_offset 0x00000000
No ELF section .cychecksum found, creating one
Application checksum calculated and stored in ELF section .cychecksum
Checksum calculated and stored in ELF section .cymeta
cyelftool.exe -S "C:\Users\IlyR\OneDrive - The University of Manchester\EEE MTE SEM2\3YP\control\speed_control_v1\Sensored BLDC Motor Control\Sensored BLDC Motor Control.cydsn\CortexM0\ARM_GCC_541\Debug\Sensored BLDC Motor Control.elf"
Flash used: 9080 of 32768 bytes (27.7%).
SRAM used: 1764 of 4096 bytes (43.1%). Stack: 1024 bytes. Heap: 256 bytes.
--------------- Rebuild Succeeded: 02/12/2025 15:49:28 ---------------
