ARM GAS  C:\Users\IlyR\AppData\Local\Temp\ccOS4ElN.s 			page 1


   1              		.syntax unified
   2              		.cpu cortex-m0
   3              		.fpu softvfp
   4              		.eabi_attribute 20, 1
   5              		.eabi_attribute 21, 1
   6              		.eabi_attribute 23, 3
   7              		.eabi_attribute 24, 1
   8              		.eabi_attribute 25, 1
   9              		.eabi_attribute 26, 1
  10              		.eabi_attribute 30, 6
  11              		.eabi_attribute 34, 0
  12              		.eabi_attribute 18, 4
  13              		.thumb
  14              		.syntax unified
  15              		.file	"getvalue.c"
  16              		.text
  17              	.Ltext0:
  18              		.cfi_sections	.debug_frame
  19              		.section	.text.VoltageCheck,"ax",%progbits
  20              		.align	2
  21              		.global	VoltageCheck
  22              		.code	16
  23              		.thumb_func
  24              		.type	VoltageCheck, %function
  25              	VoltageCheck:
  26              	.LFB32:
  27              		.file 1 "getvalue.c"
   1:getvalue.c    **** /*******************************************************************************
   2:getvalue.c    **** * Project Name		: Sensored BLDC Motor Control
   3:getvalue.c    **** * File Name			: getvalue.c
   4:getvalue.c    **** * Version			: 1.0
   5:getvalue.c    **** * Device Used		: CY8C4245AXI-483     
   6:getvalue.c    **** * Software Used		: PSoC Creator 4.2
   7:getvalue.c    **** * Compiler Used		: ARM GCC 5.4.1 
   8:getvalue.c    **** * Related Hardware  : CY8CKIT-042 PSoC 4 Pioneer Kit + CY8CKIT-037 PSoC 4
   9:getvalue.c    **** *                     Motor Control Evaluation Kit
  10:getvalue.c    **** ******************************************************************************
  11:getvalue.c    **** * Copyright (2018), Cypress Semiconductor Corporation. All rights reserved.
  12:getvalue.c    **** *******************************************************************************
  13:getvalue.c    **** * This software, including source code, documentation and related materials
  14:getvalue.c    **** * (“Software”), is owned by Cypress Semiconductor Corporation or one of its
  15:getvalue.c    **** * subsidiaries (“Cypress”) and is protected by and subject to worldwide patent
  16:getvalue.c    **** * protection (United States and foreign), United States copyright laws and
  17:getvalue.c    **** * international treaty provisions. Therefore, you may use this Software only
  18:getvalue.c    **** * as provided in the license agreement accompanying the software package from
  19:getvalue.c    **** * which you obtained this Software (“EULA”).
  20:getvalue.c    **** *
  21:getvalue.c    **** * If no EULA applies, Cypress hereby grants you a personal, nonexclusive,
  22:getvalue.c    **** * non-transferable license to copy, modify, and compile the Software source
  23:getvalue.c    **** * code solely for use in connection with Cypress’s integrated circuit products.
  24:getvalue.c    **** * Any reproduction, modification, translation, compilation, or representation
  25:getvalue.c    **** * of this Software except as specified above is prohibited without the express
  26:getvalue.c    **** * written permission of Cypress.
  27:getvalue.c    **** *
  28:getvalue.c    **** * Disclaimer: THIS SOFTWARE IS PROVIDED AS-IS, WITH NO WARRANTY OF ANY KIND, 
  29:getvalue.c    **** * EXPRESS OR IMPLIED, INCLUDING, BUT NOT LIMITED TO, NONINFRINGEMENT, IMPLIED 
  30:getvalue.c    **** * WARRANTIES OF MERCHANTABILITY AND FITNESS FOR A PARTICULAR PURPOSE. Cypress 
ARM GAS  C:\Users\IlyR\AppData\Local\Temp\ccOS4ElN.s 			page 2


  31:getvalue.c    **** * reserves the right to make changes to the Software without notice. Cypress 
  32:getvalue.c    **** * does not assume any liability arising out of the application or use of the 
  33:getvalue.c    **** * Software or any product or circuit described in the Software. Cypress does 
  34:getvalue.c    **** * not authorize its products for use in any products where a malfunction or 
  35:getvalue.c    **** * failure of the Cypress product may reasonably be expected to result in 
  36:getvalue.c    **** * significant property damage, injury or death (“High Risk Product”). By 
  37:getvalue.c    **** * including Cypress’s product in a High Risk Product, the manufacturer of such 
  38:getvalue.c    **** * system or application assumes all risk of such use and in doing so agrees to 
  39:getvalue.c    **** * indemnify Cypress against all liability.
  40:getvalue.c    **** *******************************************************************************/
  41:getvalue.c    **** #include <project.h>
  42:getvalue.c    **** #include "speed.h"
  43:getvalue.c    **** #include "motor.h"
  44:getvalue.c    **** #include "getvalue.h"
  45:getvalue.c    **** #include "userinterface.h"
  46:getvalue.c    **** 
  47:getvalue.c    **** /*******************************************************************************
  48:getvalue.c    **** * Function Name: ReadVolt
  49:getvalue.c    **** ********************************************************************************
  50:getvalue.c    **** * Summary:
  51:getvalue.c    **** * The ReadVolt function samples Vbus to protect board from low-voltage and high
  52:getvalue.c    **** * voltage. 
  53:getvalue.c    **** *
  54:getvalue.c    **** * Parameters: None 
  55:getvalue.c    **** *
  56:getvalue.c    **** * Return: None
  57:getvalue.c    **** *
  58:getvalue.c    **** *******************************************************************************/
  59:getvalue.c    **** 
  60:getvalue.c    **** void VoltageCheck(void)
  61:getvalue.c    **** {
  28              		.loc 1 61 0
  29              		.cfi_startproc
  30              		@ args = 0, pretend = 0, frame = 8
  31              		@ frame_needed = 1, uses_anonymous_args = 0
  32 0000 80B5     		push	{r7, lr}
  33              		.cfi_def_cfa_offset 8
  34              		.cfi_offset 7, -8
  35              		.cfi_offset 14, -4
  36 0002 82B0     		sub	sp, sp, #8
  37              		.cfi_def_cfa_offset 16
  38 0004 00AF     		add	r7, sp, #0
  39              		.cfi_def_cfa_register 7
  62:getvalue.c    ****     uint16 adcResult = 0;	
  40              		.loc 1 62 0
  41 0006 BB1D     		adds	r3, r7, #6
  42 0008 0022     		movs	r2, #0
  43 000a 1A80     		strh	r2, [r3]
  63:getvalue.c    ****     static uint16 highVoltCounter = 0;
  64:getvalue.c    ****     static uint16 lowVoltCounter = 0;    
  65:getvalue.c    **** 	adcResult = (ADC_SAR_Seq_1_GetResult16(0) & 0x00ff);       /* filter unwanted MSB, 2011,12,29 */
  44              		.loc 1 65 0
  45 000c 0020     		movs	r0, #0
  46 000e FFF7FEFF 		bl	ADC_SAR_Seq_1_GetResult16
  47 0012 0300     		movs	r3, r0
  48 0014 9AB2     		uxth	r2, r3
  49 0016 BB1D     		adds	r3, r7, #6
ARM GAS  C:\Users\IlyR\AppData\Local\Temp\ccOS4ElN.s 			page 3


  50 0018 FF21     		movs	r1, #255
  51 001a 0A40     		ands	r2, r1
  52 001c 1A80     		strh	r2, [r3]
  66:getvalue.c    **** 
  67:getvalue.c    ****    /*Over voltage or under voltage*/
  68:getvalue.c    ****     if(adcResult < LVTHRESHOLD)
  53              		.loc 1 68 0
  54 001e BB1D     		adds	r3, r7, #6
  55 0020 1B88     		ldrh	r3, [r3]
  56 0022 272B     		cmp	r3, #39
  57 0024 06D8     		bhi	.L2
  69:getvalue.c    ****     {
  70:getvalue.c    ****     	lowVoltCounter++;					/*Record low voltage count*/
  58              		.loc 1 70 0
  59 0026 204B     		ldr	r3, .L9
  60 0028 1B88     		ldrh	r3, [r3]
  61 002a 0133     		adds	r3, r3, #1
  62 002c 9AB2     		uxth	r2, r3
  63 002e 1E4B     		ldr	r3, .L9
  64 0030 1A80     		strh	r2, [r3]
  65 0032 1EE0     		b	.L3
  66              	.L2:
  71:getvalue.c    ****     }
  72:getvalue.c    ****     else if (adcResult > HVTHRESHOLD)
  67              		.loc 1 72 0
  68 0034 BB1D     		adds	r3, r7, #6
  69 0036 1B88     		ldrh	r3, [r3]
  70 0038 5A2B     		cmp	r3, #90
  71 003a 06D9     		bls	.L4
  73:getvalue.c    ****     {
  74:getvalue.c    ****     	highVoltCounter++;					/*Record high voltage count*/
  72              		.loc 1 74 0
  73 003c 1B4B     		ldr	r3, .L9+4
  74 003e 1B88     		ldrh	r3, [r3]
  75 0040 0133     		adds	r3, r3, #1
  76 0042 9AB2     		uxth	r2, r3
  77 0044 194B     		ldr	r3, .L9+4
  78 0046 1A80     		strh	r2, [r3]
  79 0048 13E0     		b	.L3
  80              	.L4:
  75:getvalue.c    ****     }	   
  76:getvalue.c    ****     else if((lowVoltCounter>0)||(highVoltCounter>0))		/*Eliminate pulse high or low voltage count*/
  81              		.loc 1 76 0
  82 004a 174B     		ldr	r3, .L9
  83 004c 1B88     		ldrh	r3, [r3]
  84 004e 002B     		cmp	r3, #0
  85 0050 03D1     		bne	.L5
  86              		.loc 1 76 0 is_stmt 0 discriminator 1
  87 0052 164B     		ldr	r3, .L9+4
  88 0054 1B88     		ldrh	r3, [r3]
  89 0056 002B     		cmp	r3, #0
  90 0058 0BD0     		beq	.L3
  91              	.L5:
  77:getvalue.c    ****     {
  78:getvalue.c    ****     	lowVoltCounter--;
  92              		.loc 1 78 0 is_stmt 1
  93 005a 134B     		ldr	r3, .L9
ARM GAS  C:\Users\IlyR\AppData\Local\Temp\ccOS4ElN.s 			page 4


  94 005c 1B88     		ldrh	r3, [r3]
  95 005e 013B     		subs	r3, r3, #1
  96 0060 9AB2     		uxth	r2, r3
  97 0062 114B     		ldr	r3, .L9
  98 0064 1A80     		strh	r2, [r3]
  79:getvalue.c    **** 		highVoltCounter--;
  99              		.loc 1 79 0
 100 0066 114B     		ldr	r3, .L9+4
 101 0068 1B88     		ldrh	r3, [r3]
 102 006a 013B     		subs	r3, r3, #1
 103 006c 9AB2     		uxth	r2, r3
 104 006e 0F4B     		ldr	r3, .L9+4
 105 0070 1A80     		strh	r2, [r3]
 106              	.L3:
  80:getvalue.c    ****     }
  81:getvalue.c    **** 	
  82:getvalue.c    ****    /*Last more than voltage error time threshold, then stop motor*/
  83:getvalue.c    ****    	if(lowVoltCounter > LVCNTTHRES)
 107              		.loc 1 83 0
 108 0072 0D4B     		ldr	r3, .L9
 109 0074 1A88     		ldrh	r2, [r3]
 110 0076 A023     		movs	r3, #160
 111 0078 1B01     		lsls	r3, r3, #4
 112 007a 9A42     		cmp	r2, r3
 113 007c 04D9     		bls	.L6
  84:getvalue.c    ****     {       
  85:getvalue.c    ****    		errorState = lowVolt;
 114              		.loc 1 85 0
 115 007e 0C4B     		ldr	r3, .L9+8
 116 0080 0322     		movs	r2, #3
 117 0082 1A70     		strb	r2, [r3]
  86:getvalue.c    ****     	UpdateStatusError();		
 118              		.loc 1 86 0
 119 0084 FFF7FEFF 		bl	UpdateStatusError
 120              	.L6:
  87:getvalue.c    ****     }
  88:getvalue.c    ****     if(highVoltCounter > HVCNTTHRES)
 121              		.loc 1 88 0
 122 0088 084B     		ldr	r3, .L9+4
 123 008a 1A88     		ldrh	r2, [r3]
 124 008c A023     		movs	r3, #160
 125 008e 1B01     		lsls	r3, r3, #4
 126 0090 9A42     		cmp	r2, r3
 127 0092 04D9     		bls	.L8
  89:getvalue.c    ****     {
  90:getvalue.c    ****    		errorState = highVolt;
 128              		.loc 1 90 0
 129 0094 064B     		ldr	r3, .L9+8
 130 0096 0422     		movs	r2, #4
 131 0098 1A70     		strb	r2, [r3]
  91:getvalue.c    ****     	UpdateStatusError();
 132              		.loc 1 91 0
 133 009a FFF7FEFF 		bl	UpdateStatusError
 134              	.L8:
  92:getvalue.c    ****     }
  93:getvalue.c    **** }
 135              		.loc 1 93 0
ARM GAS  C:\Users\IlyR\AppData\Local\Temp\ccOS4ElN.s 			page 5


 136 009e C046     		nop
 137 00a0 BD46     		mov	sp, r7
 138 00a2 02B0     		add	sp, sp, #8
 139              		@ sp needed
 140 00a4 80BD     		pop	{r7, pc}
 141              	.L10:
 142 00a6 C046     		.align	2
 143              	.L9:
 144 00a8 00000000 		.word	lowVoltCounter.6222
 145 00ac 02000000 		.word	highVoltCounter.6221
 146 00b0 00000000 		.word	errorState
 147              		.cfi_endproc
 148              	.LFE32:
 149              		.size	VoltageCheck, .-VoltageCheck
 150              		.global	__aeabi_uidiv
 151              		.section	.text.ReadRpmRef,"ax",%progbits
 152              		.align	2
 153              		.global	ReadRpmRef
 154              		.code	16
 155              		.thumb_func
 156              		.type	ReadRpmRef, %function
 157              	ReadRpmRef:
 158              	.LFB33:
  94:getvalue.c    **** 
  95:getvalue.c    **** /*******************************************************************************
  96:getvalue.c    **** * Function Name: ReadRpmRef
  97:getvalue.c    **** ********************************************************************************
  98:getvalue.c    **** * Summary:
  99:getvalue.c    **** * The ReadRpmRef function reads speed reference value from potentiometer. 
 100:getvalue.c    **** *
 101:getvalue.c    **** * Parameters: None  
 102:getvalue.c    **** *
 103:getvalue.c    **** * Return: uint16  
 104:getvalue.c    **** *
 105:getvalue.c    **** *******************************************************************************/
 106:getvalue.c    **** uint16 ReadRpmRef(void)
 107:getvalue.c    **** {
 159              		.loc 1 107 0
 160              		.cfi_startproc
 161              		@ args = 0, pretend = 0, frame = 8
 162              		@ frame_needed = 1, uses_anonymous_args = 0
 163 0000 90B5     		push	{r4, r7, lr}
 164              		.cfi_def_cfa_offset 12
 165              		.cfi_offset 4, -12
 166              		.cfi_offset 7, -8
 167              		.cfi_offset 14, -4
 168 0002 83B0     		sub	sp, sp, #12
 169              		.cfi_def_cfa_offset 24
 170 0004 00AF     		add	r7, sp, #0
 171              		.cfi_def_cfa_register 7
 108:getvalue.c    **** 	uint16 speedSampleCur = (ADC_SAR_Seq_1_GetResult16(SPEED_REF_CHAN) & 0x0FFF); 
 172              		.loc 1 108 0
 173 0006 0120     		movs	r0, #1
 174 0008 FFF7FEFF 		bl	ADC_SAR_Seq_1_GetResult16
 175 000c 0300     		movs	r3, r0
 176 000e 9AB2     		uxth	r2, r3
 177 0010 BB1D     		adds	r3, r7, #6
ARM GAS  C:\Users\IlyR\AppData\Local\Temp\ccOS4ElN.s 			page 6


 178 0012 1205     		lsls	r2, r2, #20
 179 0014 120D     		lsrs	r2, r2, #20
 180 0016 1A80     		strh	r2, [r3]
 109:getvalue.c    ****     uint16 speedRange = UI_Data.maxSpeedRpm - UI_Data.minSpeedRpm;
 181              		.loc 1 109 0
 182 0018 194B     		ldr	r3, .L15
 183 001a 198A     		ldrh	r1, [r3, #16]
 184 001c 184B     		ldr	r3, .L15
 185 001e 5A8A     		ldrh	r2, [r3, #18]
 186 0020 3B1D     		adds	r3, r7, #4
 187 0022 8A1A     		subs	r2, r1, r2
 188 0024 1A80     		strh	r2, [r3]
 110:getvalue.c    ****     uint16 speedGiven = 0;
 189              		.loc 1 110 0
 190 0026 BB1C     		adds	r3, r7, #2
 191 0028 0022     		movs	r2, #0
 192 002a 1A80     		strh	r2, [r3]
 111:getvalue.c    ****     
 112:getvalue.c    ****     if(speedSampleCur > MAX_SPEED_REF_ADC_VALUE)
 193              		.loc 1 112 0
 194 002c BB1D     		adds	r3, r7, #6
 195 002e 1B88     		ldrh	r3, [r3]
 196 0030 144A     		ldr	r2, .L15+4
 197 0032 9342     		cmp	r3, r2
 198 0034 02D9     		bls	.L12
 113:getvalue.c    ****         speedSampleCur = MAX_SPEED_REF_ADC_VALUE;
 199              		.loc 1 113 0
 200 0036 BB1D     		adds	r3, r7, #6
 201 0038 124A     		ldr	r2, .L15+4
 202 003a 1A80     		strh	r2, [r3]
 203              	.L12:
 114:getvalue.c    ****     if(speedSampleCur < MIN_SPEED_REF_ADC_VALUE)
 204              		.loc 1 114 0
 205 003c BB1D     		adds	r3, r7, #6
 206 003e 1B88     		ldrh	r3, [r3]
 207 0040 9B2B     		cmp	r3, #155
 208 0042 02D8     		bhi	.L13
 115:getvalue.c    ****         speedSampleCur = MIN_SPEED_REF_ADC_VALUE;
 209              		.loc 1 115 0
 210 0044 BB1D     		adds	r3, r7, #6
 211 0046 9C22     		movs	r2, #156
 212 0048 1A80     		strh	r2, [r3]
 213              	.L13:
 116:getvalue.c    ****     
 117:getvalue.c    ****     speedSampleCur -= MIN_SPEED_REF_ADC_VALUE;
 214              		.loc 1 117 0
 215 004a BB1D     		adds	r3, r7, #6
 216 004c BA1D     		adds	r2, r7, #6
 217 004e 1288     		ldrh	r2, [r2]
 218 0050 9C3A     		subs	r2, r2, #156
 219 0052 1A80     		strh	r2, [r3]
 118:getvalue.c    ****     speedGiven = UI_Data.minSpeedRpm + ((uint32)(speedSampleCur * speedRange) / 
 220              		.loc 1 118 0
 221 0054 0A4B     		ldr	r3, .L15
 222 0056 5C8A     		ldrh	r4, [r3, #18]
 223 0058 BB1D     		adds	r3, r7, #6
 224 005a 1B88     		ldrh	r3, [r3]
ARM GAS  C:\Users\IlyR\AppData\Local\Temp\ccOS4ElN.s 			page 7


 225 005c 3A1D     		adds	r2, r7, #4
 226 005e 1288     		ldrh	r2, [r2]
 227 0060 5343     		muls	r3, r2
 228 0062 0949     		ldr	r1, .L15+8
 229 0064 1800     		movs	r0, r3
 230 0066 FFF7FEFF 		bl	__aeabi_uidiv
 231 006a 0300     		movs	r3, r0
 232 006c 9AB2     		uxth	r2, r3
 233 006e BB1C     		adds	r3, r7, #2
 234 0070 A218     		adds	r2, r4, r2
 235 0072 1A80     		strh	r2, [r3]
 119:getvalue.c    ****                                                (MAX_SPEED_REF_ADC_VALUE - MIN_SPEED_REF_ADC_VALUE))
 120:getvalue.c    ****     
 121:getvalue.c    ****     return speedGiven;
 236              		.loc 1 121 0
 237 0074 BB1C     		adds	r3, r7, #2
 238 0076 1B88     		ldrh	r3, [r3]
 122:getvalue.c    **** }
 239              		.loc 1 122 0
 240 0078 1800     		movs	r0, r3
 241 007a BD46     		mov	sp, r7
 242 007c 03B0     		add	sp, sp, #12
 243              		@ sp needed
 244 007e 90BD     		pop	{r4, r7, pc}
 245              	.L16:
 246              		.align	2
 247              	.L15:
 248 0080 00000000 		.word	UI_Data
 249 0084 630F0000 		.word	3939
 250 0088 C70E0000 		.word	3783
 251              		.cfi_endproc
 252              	.LFE33:
 253              		.size	ReadRpmRef, .-ReadRpmRef
 254              		.bss
 255              		.align	1
 256              	lowVoltCounter.6222:
 257 0000 0000     		.space	2
 258              		.align	1
 259              	highVoltCounter.6221:
 260 0002 0000     		.space	2
 261              		.text
 262              	.Letext0:
 263              		.file 2 "Generated_Source\\PSoC4/cytypes.h"
 264              		.file 3 "motor.h"
 265              		.section	.debug_info,"",%progbits
 266              	.Ldebug_info0:
 267 0000 AF020000 		.4byte	0x2af
 268 0004 0400     		.2byte	0x4
 269 0006 00000000 		.4byte	.Ldebug_abbrev0
 270 000a 04       		.byte	0x4
 271 000b 01       		.uleb128 0x1
 272 000c 20010000 		.4byte	.LASF53
 273 0010 0C       		.byte	0xc
 274 0011 96020000 		.4byte	.LASF54
 275 0015 66020000 		.4byte	.LASF55
 276 0019 00000000 		.4byte	.Ldebug_ranges0+0
 277 001d 00000000 		.4byte	0
ARM GAS  C:\Users\IlyR\AppData\Local\Temp\ccOS4ElN.s 			page 8


 278 0021 00000000 		.4byte	.Ldebug_line0
 279 0025 02       		.uleb128 0x2
 280 0026 01       		.byte	0x1
 281 0027 06       		.byte	0x6
 282 0028 2A030000 		.4byte	.LASF0
 283 002c 02       		.uleb128 0x2
 284 002d 01       		.byte	0x1
 285 002e 08       		.byte	0x8
 286 002f D1010000 		.4byte	.LASF1
 287 0033 02       		.uleb128 0x2
 288 0034 02       		.byte	0x2
 289 0035 05       		.byte	0x5
 290 0036 68000000 		.4byte	.LASF2
 291 003a 02       		.uleb128 0x2
 292 003b 02       		.byte	0x2
 293 003c 07       		.byte	0x7
 294 003d 0D010000 		.4byte	.LASF3
 295 0041 02       		.uleb128 0x2
 296 0042 04       		.byte	0x4
 297 0043 05       		.byte	0x5
 298 0044 4D000000 		.4byte	.LASF4
 299 0048 02       		.uleb128 0x2
 300 0049 04       		.byte	0x4
 301 004a 07       		.byte	0x7
 302 004b F3000000 		.4byte	.LASF5
 303 004f 02       		.uleb128 0x2
 304 0050 08       		.byte	0x8
 305 0051 05       		.byte	0x5
 306 0052 B4020000 		.4byte	.LASF6
 307 0056 02       		.uleb128 0x2
 308 0057 08       		.byte	0x8
 309 0058 07       		.byte	0x7
 310 0059 46020000 		.4byte	.LASF7
 311 005d 03       		.uleb128 0x3
 312 005e 04       		.byte	0x4
 313 005f 05       		.byte	0x5
 314 0060 696E7400 		.ascii	"int\000"
 315 0064 02       		.uleb128 0x2
 316 0065 04       		.byte	0x4
 317 0066 07       		.byte	0x7
 318 0067 2E020000 		.4byte	.LASF8
 319 006b 04       		.uleb128 0x4
 320 006c D2000000 		.4byte	.LASF9
 321 0070 02       		.byte	0x2
 322 0071 E401     		.2byte	0x1e4
 323 0073 2C000000 		.4byte	0x2c
 324 0077 04       		.uleb128 0x4
 325 0078 0B020000 		.4byte	.LASF10
 326 007c 02       		.byte	0x2
 327 007d E501     		.2byte	0x1e5
 328 007f 3A000000 		.4byte	0x3a
 329 0083 04       		.uleb128 0x4
 330 0084 12020000 		.4byte	.LASF11
 331 0088 02       		.byte	0x2
 332 0089 E601     		.2byte	0x1e6
 333 008b 48000000 		.4byte	0x48
 334 008f 04       		.uleb128 0x4
ARM GAS  C:\Users\IlyR\AppData\Local\Temp\ccOS4ElN.s 			page 9


 335 0090 ED000000 		.4byte	.LASF12
 336 0094 02       		.byte	0x2
 337 0095 E801     		.2byte	0x1e8
 338 0097 33000000 		.4byte	0x33
 339 009b 04       		.uleb128 0x4
 340 009c 06030000 		.4byte	.LASF13
 341 00a0 02       		.byte	0x2
 342 00a1 EA01     		.2byte	0x1ea
 343 00a3 A7000000 		.4byte	0xa7
 344 00a7 02       		.uleb128 0x2
 345 00a8 04       		.byte	0x4
 346 00a9 04       		.byte	0x4
 347 00aa 24000000 		.4byte	.LASF14
 348 00ae 04       		.uleb128 0x4
 349 00af 1C000000 		.4byte	.LASF15
 350 00b3 02       		.byte	0x2
 351 00b4 EE01     		.2byte	0x1ee
 352 00b6 BA000000 		.4byte	0xba
 353 00ba 02       		.uleb128 0x2
 354 00bb 08       		.byte	0x8
 355 00bc 04       		.byte	0x4
 356 00bd DF010000 		.4byte	.LASF16
 357 00c1 02       		.uleb128 0x2
 358 00c2 01       		.byte	0x1
 359 00c3 08       		.byte	0x8
 360 00c4 C2020000 		.4byte	.LASF17
 361 00c8 02       		.uleb128 0x2
 362 00c9 08       		.byte	0x8
 363 00ca 04       		.byte	0x4
 364 00cb 1E030000 		.4byte	.LASF18
 365 00cf 02       		.uleb128 0x2
 366 00d0 04       		.byte	0x4
 367 00d1 07       		.byte	0x7
 368 00d2 AB020000 		.4byte	.LASF19
 369 00d6 05       		.uleb128 0x5
 370 00d7 30       		.byte	0x30
 371 00d8 03       		.byte	0x3
 372 00d9 4F       		.byte	0x4f
 373 00da C1010000 		.4byte	0x1c1
 374 00de 06       		.uleb128 0x6
 375 00df 29020000 		.4byte	.LASF20
 376 00e3 03       		.byte	0x3
 377 00e4 51       		.byte	0x51
 378 00e5 8F000000 		.4byte	0x8f
 379 00e9 00       		.byte	0
 380 00ea 06       		.uleb128 0x6
 381 00eb 19020000 		.4byte	.LASF21
 382 00ef 03       		.byte	0x3
 383 00f0 52       		.byte	0x52
 384 00f1 8F000000 		.4byte	0x8f
 385 00f5 02       		.byte	0x2
 386 00f6 07       		.uleb128 0x7
 387 00f7 44697200 		.ascii	"Dir\000"
 388 00fb 03       		.byte	0x3
 389 00fc 54       		.byte	0x54
 390 00fd 6B000000 		.4byte	0x6b
 391 0101 04       		.byte	0x4
ARM GAS  C:\Users\IlyR\AppData\Local\Temp\ccOS4ElN.s 			page 10


 392 0102 06       		.uleb128 0x6
 393 0103 C8000000 		.4byte	.LASF22
 394 0107 03       		.byte	0x3
 395 0108 56       		.byte	0x56
 396 0109 77000000 		.4byte	0x77
 397 010d 06       		.byte	0x6
 398 010e 06       		.uleb128 0x6
 399 010f EE020000 		.4byte	.LASF23
 400 0113 03       		.byte	0x3
 401 0114 57       		.byte	0x57
 402 0115 77000000 		.4byte	0x77
 403 0119 08       		.byte	0x8
 404 011a 06       		.uleb128 0x6
 405 011b 36000000 		.4byte	.LASF24
 406 011f 03       		.byte	0x3
 407 0120 58       		.byte	0x58
 408 0121 77000000 		.4byte	0x77
 409 0125 0A       		.byte	0xa
 410 0126 07       		.uleb128 0x7
 411 0127 6B7000   		.ascii	"kp\000"
 412 012a 03       		.byte	0x3
 413 012b 5A       		.byte	0x5a
 414 012c 77000000 		.4byte	0x77
 415 0130 0C       		.byte	0xc
 416 0131 07       		.uleb128 0x7
 417 0132 6B6900   		.ascii	"ki\000"
 418 0135 03       		.byte	0x3
 419 0136 5B       		.byte	0x5b
 420 0137 77000000 		.4byte	0x77
 421 013b 0E       		.byte	0xe
 422 013c 06       		.uleb128 0x6
 423 013d 10000000 		.4byte	.LASF25
 424 0141 03       		.byte	0x3
 425 0142 5D       		.byte	0x5d
 426 0143 77000000 		.4byte	0x77
 427 0147 10       		.byte	0x10
 428 0148 06       		.uleb128 0x6
 429 0149 2A000000 		.4byte	.LASF26
 430 014d 03       		.byte	0x3
 431 014e 5E       		.byte	0x5e
 432 014f 77000000 		.4byte	0x77
 433 0153 12       		.byte	0x12
 434 0154 06       		.uleb128 0x6
 435 0155 72000000 		.4byte	.LASF27
 436 0159 03       		.byte	0x3
 437 015a 5F       		.byte	0x5f
 438 015b 6B000000 		.4byte	0x6b
 439 015f 14       		.byte	0x14
 440 0160 06       		.uleb128 0x6
 441 0161 C7020000 		.4byte	.LASF28
 442 0165 03       		.byte	0x3
 443 0166 60       		.byte	0x60
 444 0167 6B000000 		.4byte	0x6b
 445 016b 15       		.byte	0x15
 446 016c 06       		.uleb128 0x6
 447 016d CF020000 		.4byte	.LASF29
 448 0171 03       		.byte	0x3
ARM GAS  C:\Users\IlyR\AppData\Local\Temp\ccOS4ElN.s 			page 11


 449 0172 62       		.byte	0x62
 450 0173 77000000 		.4byte	0x77
 451 0177 16       		.byte	0x16
 452 0178 06       		.uleb128 0x6
 453 0179 42000000 		.4byte	.LASF30
 454 017d 03       		.byte	0x3
 455 017e 63       		.byte	0x63
 456 017f AE000000 		.4byte	0xae
 457 0183 18       		.byte	0x18
 458 0184 06       		.uleb128 0x6
 459 0185 1F020000 		.4byte	.LASF31
 460 0189 03       		.byte	0x3
 461 018a 64       		.byte	0x64
 462 018b 8F000000 		.4byte	0x8f
 463 018f 20       		.byte	0x20
 464 0190 06       		.uleb128 0x6
 465 0191 FB010000 		.4byte	.LASF32
 466 0195 03       		.byte	0x3
 467 0196 65       		.byte	0x65
 468 0197 6B000000 		.4byte	0x6b
 469 019b 22       		.byte	0x22
 470 019c 06       		.uleb128 0x6
 471 019d AE010000 		.4byte	.LASF33
 472 01a1 03       		.byte	0x3
 473 01a2 66       		.byte	0x66
 474 01a3 6B000000 		.4byte	0x6b
 475 01a7 23       		.byte	0x23
 476 01a8 06       		.uleb128 0x6
 477 01a9 EF010000 		.4byte	.LASF34
 478 01ad 03       		.byte	0x3
 479 01ae 67       		.byte	0x67
 480 01af 9B000000 		.4byte	0x9b
 481 01b3 24       		.byte	0x24
 482 01b4 06       		.uleb128 0x6
 483 01b5 7C000000 		.4byte	.LASF35
 484 01b9 03       		.byte	0x3
 485 01ba 69       		.byte	0x69
 486 01bb 77000000 		.4byte	0x77
 487 01bf 28       		.byte	0x28
 488 01c0 00       		.byte	0
 489 01c1 08       		.uleb128 0x8
 490 01c2 E6020000 		.4byte	.LASF36
 491 01c6 03       		.byte	0x3
 492 01c7 6A       		.byte	0x6a
 493 01c8 D6000000 		.4byte	0xd6
 494 01cc 09       		.uleb128 0x9
 495 01cd 56000000 		.4byte	.LASF56
 496 01d1 01       		.byte	0x1
 497 01d2 2C000000 		.4byte	0x2c
 498 01d6 03       		.byte	0x3
 499 01d7 6E       		.byte	0x6e
 500 01d8 07020000 		.4byte	0x207
 501 01dc 0A       		.uleb128 0xa
 502 01dd C8010000 		.4byte	.LASF37
 503 01e1 00       		.byte	0
 504 01e2 0A       		.uleb128 0xa
 505 01e3 36030000 		.4byte	.LASF38
ARM GAS  C:\Users\IlyR\AppData\Local\Temp\ccOS4ElN.s 			page 12


 506 01e7 01       		.byte	0x1
 507 01e8 0A       		.uleb128 0xa
 508 01e9 E3000000 		.4byte	.LASF39
 509 01ed 02       		.byte	0x2
 510 01ee 0A       		.uleb128 0xa
 511 01ef 05010000 		.4byte	.LASF40
 512 01f3 03       		.byte	0x3
 513 01f4 0A       		.uleb128 0xa
 514 01f5 5D020000 		.4byte	.LASF41
 515 01f9 04       		.byte	0x4
 516 01fa 0A       		.uleb128 0xa
 517 01fb E6010000 		.4byte	.LASF42
 518 01ff 05       		.byte	0x5
 519 0200 0A       		.uleb128 0xa
 520 0201 9A000000 		.4byte	.LASF43
 521 0205 06       		.byte	0x6
 522 0206 00       		.byte	0
 523 0207 08       		.uleb128 0x8
 524 0208 00000000 		.4byte	.LASF44
 525 020c 03       		.byte	0x3
 526 020d 76       		.byte	0x76
 527 020e CC010000 		.4byte	0x1cc
 528 0212 0B       		.uleb128 0xb
 529 0213 BB000000 		.4byte	.LASF57
 530 0217 01       		.byte	0x1
 531 0218 3C       		.byte	0x3c
 532 0219 00000000 		.4byte	.LFB32
 533 021d B4000000 		.4byte	.LFE32-.LFB32
 534 0221 01       		.uleb128 0x1
 535 0222 9C       		.byte	0x9c
 536 0223 58020000 		.4byte	0x258
 537 0227 0C       		.uleb128 0xc
 538 0228 A1020000 		.4byte	.LASF45
 539 022c 01       		.byte	0x1
 540 022d 3E       		.byte	0x3e
 541 022e 77000000 		.4byte	0x77
 542 0232 02       		.uleb128 0x2
 543 0233 91       		.byte	0x91
 544 0234 76       		.sleb128 -10
 545 0235 0C       		.uleb128 0xc
 546 0236 0E030000 		.4byte	.LASF46
 547 023a 01       		.byte	0x1
 548 023b 3F       		.byte	0x3f
 549 023c 77000000 		.4byte	0x77
 550 0240 05       		.uleb128 0x5
 551 0241 03       		.byte	0x3
 552 0242 02000000 		.4byte	highVoltCounter.6221
 553 0246 0C       		.uleb128 0xc
 554 0247 AC000000 		.4byte	.LASF47
 555 024b 01       		.byte	0x1
 556 024c 40       		.byte	0x40
 557 024d 77000000 		.4byte	0x77
 558 0251 05       		.uleb128 0x5
 559 0252 03       		.byte	0x3
 560 0253 00000000 		.4byte	lowVoltCounter.6222
 561 0257 00       		.byte	0
 562 0258 0D       		.uleb128 0xd
ARM GAS  C:\Users\IlyR\AppData\Local\Temp\ccOS4ElN.s 			page 13


 563 0259 3B020000 		.4byte	.LASF58
 564 025d 01       		.byte	0x1
 565 025e 6A       		.byte	0x6a
 566 025f 77000000 		.4byte	0x77
 567 0263 00000000 		.4byte	.LFB33
 568 0267 8C000000 		.4byte	.LFE33-.LFB33
 569 026b 01       		.uleb128 0x1
 570 026c 9C       		.byte	0x9c
 571 026d 9C020000 		.4byte	0x29c
 572 0271 0C       		.uleb128 0xc
 573 0272 F7020000 		.4byte	.LASF48
 574 0276 01       		.byte	0x1
 575 0277 6C       		.byte	0x6c
 576 0278 77000000 		.4byte	0x77
 577 027c 02       		.uleb128 0x2
 578 027d 91       		.byte	0x91
 579 027e 6E       		.sleb128 -18
 580 027f 0C       		.uleb128 0xc
 581 0280 5D000000 		.4byte	.LASF49
 582 0284 01       		.byte	0x1
 583 0285 6D       		.byte	0x6d
 584 0286 77000000 		.4byte	0x77
 585 028a 02       		.uleb128 0x2
 586 028b 91       		.byte	0x91
 587 028c 6C       		.sleb128 -20
 588 028d 0C       		.uleb128 0xc
 589 028e 3E030000 		.4byte	.LASF50
 590 0292 01       		.byte	0x1
 591 0293 6E       		.byte	0x6e
 592 0294 77000000 		.4byte	0x77
 593 0298 02       		.uleb128 0x2
 594 0299 91       		.byte	0x91
 595 029a 6A       		.sleb128 -22
 596 029b 00       		.byte	0
 597 029c 0E       		.uleb128 0xe
 598 029d D8000000 		.4byte	.LASF51
 599 02a1 03       		.byte	0x3
 600 02a2 78       		.byte	0x78
 601 02a3 07020000 		.4byte	0x207
 602 02a7 0E       		.uleb128 0xe
 603 02a8 08000000 		.4byte	.LASF52
 604 02ac 03       		.byte	0x3
 605 02ad 7A       		.byte	0x7a
 606 02ae C1010000 		.4byte	0x1c1
 607 02b2 00       		.byte	0
 608              		.section	.debug_abbrev,"",%progbits
 609              	.Ldebug_abbrev0:
 610 0000 01       		.uleb128 0x1
 611 0001 11       		.uleb128 0x11
 612 0002 01       		.byte	0x1
 613 0003 25       		.uleb128 0x25
 614 0004 0E       		.uleb128 0xe
 615 0005 13       		.uleb128 0x13
 616 0006 0B       		.uleb128 0xb
 617 0007 03       		.uleb128 0x3
 618 0008 0E       		.uleb128 0xe
 619 0009 1B       		.uleb128 0x1b
ARM GAS  C:\Users\IlyR\AppData\Local\Temp\ccOS4ElN.s 			page 14


 620 000a 0E       		.uleb128 0xe
 621 000b 55       		.uleb128 0x55
 622 000c 17       		.uleb128 0x17
 623 000d 11       		.uleb128 0x11
 624 000e 01       		.uleb128 0x1
 625 000f 10       		.uleb128 0x10
 626 0010 17       		.uleb128 0x17
 627 0011 00       		.byte	0
 628 0012 00       		.byte	0
 629 0013 02       		.uleb128 0x2
 630 0014 24       		.uleb128 0x24
 631 0015 00       		.byte	0
 632 0016 0B       		.uleb128 0xb
 633 0017 0B       		.uleb128 0xb
 634 0018 3E       		.uleb128 0x3e
 635 0019 0B       		.uleb128 0xb
 636 001a 03       		.uleb128 0x3
 637 001b 0E       		.uleb128 0xe
 638 001c 00       		.byte	0
 639 001d 00       		.byte	0
 640 001e 03       		.uleb128 0x3
 641 001f 24       		.uleb128 0x24
 642 0020 00       		.byte	0
 643 0021 0B       		.uleb128 0xb
 644 0022 0B       		.uleb128 0xb
 645 0023 3E       		.uleb128 0x3e
 646 0024 0B       		.uleb128 0xb
 647 0025 03       		.uleb128 0x3
 648 0026 08       		.uleb128 0x8
 649 0027 00       		.byte	0
 650 0028 00       		.byte	0
 651 0029 04       		.uleb128 0x4
 652 002a 16       		.uleb128 0x16
 653 002b 00       		.byte	0
 654 002c 03       		.uleb128 0x3
 655 002d 0E       		.uleb128 0xe
 656 002e 3A       		.uleb128 0x3a
 657 002f 0B       		.uleb128 0xb
 658 0030 3B       		.uleb128 0x3b
 659 0031 05       		.uleb128 0x5
 660 0032 49       		.uleb128 0x49
 661 0033 13       		.uleb128 0x13
 662 0034 00       		.byte	0
 663 0035 00       		.byte	0
 664 0036 05       		.uleb128 0x5
 665 0037 13       		.uleb128 0x13
 666 0038 01       		.byte	0x1
 667 0039 0B       		.uleb128 0xb
 668 003a 0B       		.uleb128 0xb
 669 003b 3A       		.uleb128 0x3a
 670 003c 0B       		.uleb128 0xb
 671 003d 3B       		.uleb128 0x3b
 672 003e 0B       		.uleb128 0xb
 673 003f 01       		.uleb128 0x1
 674 0040 13       		.uleb128 0x13
 675 0041 00       		.byte	0
 676 0042 00       		.byte	0
ARM GAS  C:\Users\IlyR\AppData\Local\Temp\ccOS4ElN.s 			page 15


 677 0043 06       		.uleb128 0x6
 678 0044 0D       		.uleb128 0xd
 679 0045 00       		.byte	0
 680 0046 03       		.uleb128 0x3
 681 0047 0E       		.uleb128 0xe
 682 0048 3A       		.uleb128 0x3a
 683 0049 0B       		.uleb128 0xb
 684 004a 3B       		.uleb128 0x3b
 685 004b 0B       		.uleb128 0xb
 686 004c 49       		.uleb128 0x49
 687 004d 13       		.uleb128 0x13
 688 004e 38       		.uleb128 0x38
 689 004f 0B       		.uleb128 0xb
 690 0050 00       		.byte	0
 691 0051 00       		.byte	0
 692 0052 07       		.uleb128 0x7
 693 0053 0D       		.uleb128 0xd
 694 0054 00       		.byte	0
 695 0055 03       		.uleb128 0x3
 696 0056 08       		.uleb128 0x8
 697 0057 3A       		.uleb128 0x3a
 698 0058 0B       		.uleb128 0xb
 699 0059 3B       		.uleb128 0x3b
 700 005a 0B       		.uleb128 0xb
 701 005b 49       		.uleb128 0x49
 702 005c 13       		.uleb128 0x13
 703 005d 38       		.uleb128 0x38
 704 005e 0B       		.uleb128 0xb
 705 005f 00       		.byte	0
 706 0060 00       		.byte	0
 707 0061 08       		.uleb128 0x8
 708 0062 16       		.uleb128 0x16
 709 0063 00       		.byte	0
 710 0064 03       		.uleb128 0x3
 711 0065 0E       		.uleb128 0xe
 712 0066 3A       		.uleb128 0x3a
 713 0067 0B       		.uleb128 0xb
 714 0068 3B       		.uleb128 0x3b
 715 0069 0B       		.uleb128 0xb
 716 006a 49       		.uleb128 0x49
 717 006b 13       		.uleb128 0x13
 718 006c 00       		.byte	0
 719 006d 00       		.byte	0
 720 006e 09       		.uleb128 0x9
 721 006f 04       		.uleb128 0x4
 722 0070 01       		.byte	0x1
 723 0071 03       		.uleb128 0x3
 724 0072 0E       		.uleb128 0xe
 725 0073 0B       		.uleb128 0xb
 726 0074 0B       		.uleb128 0xb
 727 0075 49       		.uleb128 0x49
 728 0076 13       		.uleb128 0x13
 729 0077 3A       		.uleb128 0x3a
 730 0078 0B       		.uleb128 0xb
 731 0079 3B       		.uleb128 0x3b
 732 007a 0B       		.uleb128 0xb
 733 007b 01       		.uleb128 0x1
ARM GAS  C:\Users\IlyR\AppData\Local\Temp\ccOS4ElN.s 			page 16


 734 007c 13       		.uleb128 0x13
 735 007d 00       		.byte	0
 736 007e 00       		.byte	0
 737 007f 0A       		.uleb128 0xa
 738 0080 28       		.uleb128 0x28
 739 0081 00       		.byte	0
 740 0082 03       		.uleb128 0x3
 741 0083 0E       		.uleb128 0xe
 742 0084 1C       		.uleb128 0x1c
 743 0085 0B       		.uleb128 0xb
 744 0086 00       		.byte	0
 745 0087 00       		.byte	0
 746 0088 0B       		.uleb128 0xb
 747 0089 2E       		.uleb128 0x2e
 748 008a 01       		.byte	0x1
 749 008b 3F       		.uleb128 0x3f
 750 008c 19       		.uleb128 0x19
 751 008d 03       		.uleb128 0x3
 752 008e 0E       		.uleb128 0xe
 753 008f 3A       		.uleb128 0x3a
 754 0090 0B       		.uleb128 0xb
 755 0091 3B       		.uleb128 0x3b
 756 0092 0B       		.uleb128 0xb
 757 0093 27       		.uleb128 0x27
 758 0094 19       		.uleb128 0x19
 759 0095 11       		.uleb128 0x11
 760 0096 01       		.uleb128 0x1
 761 0097 12       		.uleb128 0x12
 762 0098 06       		.uleb128 0x6
 763 0099 40       		.uleb128 0x40
 764 009a 18       		.uleb128 0x18
 765 009b 9642     		.uleb128 0x2116
 766 009d 19       		.uleb128 0x19
 767 009e 01       		.uleb128 0x1
 768 009f 13       		.uleb128 0x13
 769 00a0 00       		.byte	0
 770 00a1 00       		.byte	0
 771 00a2 0C       		.uleb128 0xc
 772 00a3 34       		.uleb128 0x34
 773 00a4 00       		.byte	0
 774 00a5 03       		.uleb128 0x3
 775 00a6 0E       		.uleb128 0xe
 776 00a7 3A       		.uleb128 0x3a
 777 00a8 0B       		.uleb128 0xb
 778 00a9 3B       		.uleb128 0x3b
 779 00aa 0B       		.uleb128 0xb
 780 00ab 49       		.uleb128 0x49
 781 00ac 13       		.uleb128 0x13
 782 00ad 02       		.uleb128 0x2
 783 00ae 18       		.uleb128 0x18
 784 00af 00       		.byte	0
 785 00b0 00       		.byte	0
 786 00b1 0D       		.uleb128 0xd
 787 00b2 2E       		.uleb128 0x2e
 788 00b3 01       		.byte	0x1
 789 00b4 3F       		.uleb128 0x3f
 790 00b5 19       		.uleb128 0x19
ARM GAS  C:\Users\IlyR\AppData\Local\Temp\ccOS4ElN.s 			page 17


 791 00b6 03       		.uleb128 0x3
 792 00b7 0E       		.uleb128 0xe
 793 00b8 3A       		.uleb128 0x3a
 794 00b9 0B       		.uleb128 0xb
 795 00ba 3B       		.uleb128 0x3b
 796 00bb 0B       		.uleb128 0xb
 797 00bc 27       		.uleb128 0x27
 798 00bd 19       		.uleb128 0x19
 799 00be 49       		.uleb128 0x49
 800 00bf 13       		.uleb128 0x13
 801 00c0 11       		.uleb128 0x11
 802 00c1 01       		.uleb128 0x1
 803 00c2 12       		.uleb128 0x12
 804 00c3 06       		.uleb128 0x6
 805 00c4 40       		.uleb128 0x40
 806 00c5 18       		.uleb128 0x18
 807 00c6 9642     		.uleb128 0x2116
 808 00c8 19       		.uleb128 0x19
 809 00c9 01       		.uleb128 0x1
 810 00ca 13       		.uleb128 0x13
 811 00cb 00       		.byte	0
 812 00cc 00       		.byte	0
 813 00cd 0E       		.uleb128 0xe
 814 00ce 34       		.uleb128 0x34
 815 00cf 00       		.byte	0
 816 00d0 03       		.uleb128 0x3
 817 00d1 0E       		.uleb128 0xe
 818 00d2 3A       		.uleb128 0x3a
 819 00d3 0B       		.uleb128 0xb
 820 00d4 3B       		.uleb128 0x3b
 821 00d5 0B       		.uleb128 0xb
 822 00d6 49       		.uleb128 0x49
 823 00d7 13       		.uleb128 0x13
 824 00d8 3F       		.uleb128 0x3f
 825 00d9 19       		.uleb128 0x19
 826 00da 3C       		.uleb128 0x3c
 827 00db 19       		.uleb128 0x19
 828 00dc 00       		.byte	0
 829 00dd 00       		.byte	0
 830 00de 00       		.byte	0
 831              		.section	.debug_aranges,"",%progbits
 832 0000 24000000 		.4byte	0x24
 833 0004 0200     		.2byte	0x2
 834 0006 00000000 		.4byte	.Ldebug_info0
 835 000a 04       		.byte	0x4
 836 000b 00       		.byte	0
 837 000c 0000     		.2byte	0
 838 000e 0000     		.2byte	0
 839 0010 00000000 		.4byte	.LFB32
 840 0014 B4000000 		.4byte	.LFE32-.LFB32
 841 0018 00000000 		.4byte	.LFB33
 842 001c 8C000000 		.4byte	.LFE33-.LFB33
 843 0020 00000000 		.4byte	0
 844 0024 00000000 		.4byte	0
 845              		.section	.debug_ranges,"",%progbits
 846              	.Ldebug_ranges0:
 847 0000 00000000 		.4byte	.LFB32
ARM GAS  C:\Users\IlyR\AppData\Local\Temp\ccOS4ElN.s 			page 18


 848 0004 B4000000 		.4byte	.LFE32
 849 0008 00000000 		.4byte	.LFB33
 850 000c 8C000000 		.4byte	.LFE33
 851 0010 00000000 		.4byte	0
 852 0014 00000000 		.4byte	0
 853              		.section	.debug_line,"",%progbits
 854              	.Ldebug_line0:
 855 0000 97000000 		.section	.debug_str,"MS",%progbits,1
 855      02005000 
 855      00000201 
 855      FB0E0D00 
 855      01010101 
 856              	.LASF44:
 857 0000 4572726F 		.ascii	"Error_T\000"
 857      725F5400 
 858              	.LASF52:
 859 0008 55495F44 		.ascii	"UI_Data\000"
 859      61746100 
 860              	.LASF25:
 861 0010 6D617853 		.ascii	"maxSpeedRpm\000"
 861      70656564 
 861      52706D00 
 862              	.LASF15:
 863 001c 666C6F61 		.ascii	"float64\000"
 863      74363400 
 864              	.LASF14:
 865 0024 666C6F61 		.ascii	"float\000"
 865      7400
 866              	.LASF26:
 867 002a 6D696E53 		.ascii	"minSpeedRpm\000"
 867      70656564 
 867      52706D00 
 868              	.LASF24:
 869 0036 73706565 		.ascii	"speedRpmRef\000"
 869      6452706D 
 869      52656600 
 870              	.LASF30:
 871 0042 616E6775 		.ascii	"angularPos\000"
 871      6C617250 
 871      6F7300
 872              	.LASF4:
 873 004d 6C6F6E67 		.ascii	"long int\000"
 873      20696E74 
 873      00
 874              	.LASF56:
 875 0056 5F457272 		.ascii	"_Error\000"
 875      6F7200
 876              	.LASF49:
 877 005d 73706565 		.ascii	"speedRange\000"
 877      6452616E 
 877      676500
 878              	.LASF2:
 879 0068 73686F72 		.ascii	"short int\000"
 879      7420696E 
 879      7400
 880              	.LASF27:
 881 0072 706F6C65 		.ascii	"polePairs\000"
ARM GAS  C:\Users\IlyR\AppData\Local\Temp\ccOS4ElN.s 			page 19


 881      50616972 
 881      7300
 882              	.LASF35:
 883 007c 6D6F746F 		.ascii	"motorWindupOvercurrentDisable\000"
 883      7257696E 
 883      6475704F 
 883      76657263 
 883      75727265 
 884              	.LASF43:
 885 009a 73746174 		.ascii	"stateMachineError\000"
 885      654D6163 
 885      68696E65 
 885      4572726F 
 885      7200
 886              	.LASF47:
 887 00ac 6C6F7756 		.ascii	"lowVoltCounter\000"
 887      6F6C7443 
 887      6F756E74 
 887      657200
 888              	.LASF57:
 889 00bb 566F6C74 		.ascii	"VoltageCheck\000"
 889      61676543 
 889      6865636B 
 889      00
 890              	.LASF22:
 891 00c8 67656172 		.ascii	"gearRatio\000"
 891      52617469 
 891      6F00
 892              	.LASF9:
 893 00d2 75696E74 		.ascii	"uint8\000"
 893      3800
 894              	.LASF51:
 895 00d8 6572726F 		.ascii	"errorState\000"
 895      72537461 
 895      746500
 896              	.LASF39:
 897 00e3 68616C6C 		.ascii	"hallError\000"
 897      4572726F 
 897      7200
 898              	.LASF12:
 899 00ed 696E7431 		.ascii	"int16\000"
 899      3600
 900              	.LASF5:
 901 00f3 6C6F6E67 		.ascii	"long unsigned int\000"
 901      20756E73 
 901      69676E65 
 901      6420696E 
 901      7400
 902              	.LASF40:
 903 0105 6C6F7756 		.ascii	"lowVolt\000"
 903      6F6C7400 
 904              	.LASF3:
 905 010d 73686F72 		.ascii	"short unsigned int\000"
 905      7420756E 
 905      7369676E 
 905      65642069 
 905      6E7400
ARM GAS  C:\Users\IlyR\AppData\Local\Temp\ccOS4ElN.s 			page 20


 906              	.LASF53:
 907 0120 474E5520 		.ascii	"GNU C11 5.4.1 20160609 (release) [ARM/embedded-5-br"
 907      43313120 
 907      352E342E 
 907      31203230 
 907      31363036 
 908 0153 616E6368 		.ascii	"anch revision 237715] -mcpu=cortex-m0 -mthumb -g -O"
 908      20726576 
 908      6973696F 
 908      6E203233 
 908      37373135 
 909 0186 30202D66 		.ascii	"0 -ffunction-sections -ffat-lto-objects\000"
 909      66756E63 
 909      74696F6E 
 909      2D736563 
 909      74696F6E 
 910              	.LASF33:
 911 01ae 70726F67 		.ascii	"programStateManchineState\000"
 911      72616D53 
 911      74617465 
 911      4D616E63 
 911      68696E65 
 912              	.LASF37:
 913 01c8 6E6F5F65 		.ascii	"no_error\000"
 913      72726F72 
 913      00
 914              	.LASF1:
 915 01d1 756E7369 		.ascii	"unsigned char\000"
 915      676E6564 
 915      20636861 
 915      7200
 916              	.LASF16:
 917 01df 646F7562 		.ascii	"double\000"
 917      6C6500
 918              	.LASF42:
 919 01e6 64697245 		.ascii	"dirError\000"
 919      72726F72 
 919      00
 920              	.LASF34:
 921 01ef 73776974 		.ascii	"switchAngle\000"
 921      6368416E 
 921      676C6500 
 922              	.LASF32:
 923 01fb 6368616E 		.ascii	"changeDirection\000"
 923      67654469 
 923      72656374 
 923      696F6E00 
 924              	.LASF10:
 925 020b 75696E74 		.ascii	"uint16\000"
 925      313600
 926              	.LASF11:
 927 0212 75696E74 		.ascii	"uint32\000"
 927      333200
 928              	.LASF21:
 929 0219 74657374 		.ascii	"test2\000"
 929      3200
 930              	.LASF31:
ARM GAS  C:\Users\IlyR\AppData\Local\Temp\ccOS4ElN.s 			page 21


 931 021f 7370696E 		.ascii	"spinCount\000"
 931      436F756E 
 931      7400
 932              	.LASF20:
 933 0229 74657374 		.ascii	"test\000"
 933      00
 934              	.LASF8:
 935 022e 756E7369 		.ascii	"unsigned int\000"
 935      676E6564 
 935      20696E74 
 935      00
 936              	.LASF58:
 937 023b 52656164 		.ascii	"ReadRpmRef\000"
 937      52706D52 
 937      656600
 938              	.LASF7:
 939 0246 6C6F6E67 		.ascii	"long long unsigned int\000"
 939      206C6F6E 
 939      6720756E 
 939      7369676E 
 939      65642069 
 940              	.LASF41:
 941 025d 68696768 		.ascii	"highVolt\000"
 941      566F6C74 
 941      00
 942              	.LASF55:
 943 0266 443A5C53 		.ascii	"D:\\Sensored BLDC Motor Control\\control_v3.cydsn\000"
 943      656E736F 
 943      72656420 
 943      424C4443 
 943      204D6F74 
 944              	.LASF54:
 945 0296 67657476 		.ascii	"getvalue.c\000"
 945      616C7565 
 945      2E6300
 946              	.LASF45:
 947 02a1 61646352 		.ascii	"adcResult\000"
 947      6573756C 
 947      7400
 948              	.LASF19:
 949 02ab 73697A65 		.ascii	"sizetype\000"
 949      74797065 
 949      00
 950              	.LASF6:
 951 02b4 6C6F6E67 		.ascii	"long long int\000"
 951      206C6F6E 
 951      6720696E 
 951      7400
 952              	.LASF17:
 953 02c2 63686172 		.ascii	"char\000"
 953      00
 954              	.LASF28:
 955 02c7 6D617843 		.ascii	"maxCurr\000"
 955      75727200 
 956              	.LASF29:
 957 02cf 74696D65 		.ascii	"timeBetweenHallSamples\000"
 957      42657477 
ARM GAS  C:\Users\IlyR\AppData\Local\Temp\ccOS4ElN.s 			page 22


 957      65656E48 
 957      616C6C53 
 957      616D706C 
 958              	.LASF36:
 959 02e6 55495F44 		.ascii	"UI_DATA\000"
 959      41544100 
 960              	.LASF23:
 961 02ee 73706565 		.ascii	"speedRpm\000"
 961      6452706D 
 961      00
 962              	.LASF48:
 963 02f7 73706565 		.ascii	"speedSampleCur\000"
 963      6453616D 
 963      706C6543 
 963      757200
 964              	.LASF13:
 965 0306 666C6F61 		.ascii	"float32\000"
 965      74333200 
 966              	.LASF46:
 967 030e 68696768 		.ascii	"highVoltCounter\000"
 967      566F6C74 
 967      436F756E 
 967      74657200 
 968              	.LASF18:
 969 031e 6C6F6E67 		.ascii	"long double\000"
 969      20646F75 
 969      626C6500 
 970              	.LASF0:
 971 032a 7369676E 		.ascii	"signed char\000"
 971      65642063 
 971      68617200 
 972              	.LASF38:
 973 0336 6F766572 		.ascii	"overCur\000"
 973      43757200 
 974              	.LASF50:
 975 033e 73706565 		.ascii	"speedGiven\000"
 975      64476976 
 975      656E00
 976              		.ident	"GCC: (GNU Tools for ARM Embedded Processors) 5.4.1 20160609 (release) [ARM/embedded-5-bran
