ARM GAS  C:\Users\IlyR\AppData\Local\Temp\ccWX9Fdo.s 			page 1


   1              		.syntax unified
   2              		.cpu cortex-m0
   3              		.fpu softvfp
   4              		.eabi_attribute 20, 1
   5              		.eabi_attribute 21, 1
   6              		.eabi_attribute 23, 3
   7              		.eabi_attribute 24, 1
   8              		.eabi_attribute 25, 1
   9              		.eabi_attribute 26, 1
  10              		.eabi_attribute 30, 6
  11              		.eabi_attribute 34, 0
  12              		.eabi_attribute 18, 4
  13              		.thumb
  14              		.syntax unified
  15              		.file	"main.c"
  16              		.text
  17              	.Ltext0:
  18              		.cfi_sections	.debug_frame
  19              		.global	__aeabi_uidiv
  20              		.section	.text.main,"ax",%progbits
  21              		.align	2
  22              		.global	main
  23              		.code	16
  24              		.thumb_func
  25              		.type	main, %function
  26              	main:
  27              	.LFB32:
  28              		.file 1 "main.c"
   1:main.c        **** /*******************************************************************************
   2:main.c        **** * Project Name		: Sensored BLDC Motor Control
   3:main.c        **** * File Name			: main.c
   4:main.c        **** * Version			: 1.0
   5:main.c        **** * Device Used		: CY8C4245AXI-483     
   6:main.c        **** * Software Used		: PSoC Creator 4.2
   7:main.c        **** * Compiler Used		: ARM GCC 5.4.1 
   8:main.c        **** * Related Hardware  : CY8CKIT-042 PSoC 4 Pioneer Kit + CY8CKIT-037 PSoC 4
   9:main.c        **** *                     Motor Control Evaluation Kit
  10:main.c        **** ******************************************************************************
  11:main.c        **** * Copyright (2018), Cypress Semiconductor Corporation. All rights reserved.
  12:main.c        **** *******************************************************************************
  13:main.c        **** * This software, including source code, documentation and related materials
  14:main.c        **** * (“Software”), is owned by Cypress Semiconductor Corporation or one of its
  15:main.c        **** * subsidiaries (“Cypress”) and is protected by and subject to worldwide patent
  16:main.c        **** * protection (United States and foreign), United States copyright laws and
  17:main.c        **** * international treaty provisions. Therefore, you may use this Software only
  18:main.c        **** * as provided in the license agreement accompanying the software package from
  19:main.c        **** * which you obtained this Software (“EULA”).
  20:main.c        **** *
  21:main.c        **** * If no EULA applies, Cypress hereby grants you a personal, nonexclusive,
  22:main.c        **** * non-transferable license to copy, modify, and compile the Software source
  23:main.c        **** * code solely for use in connection with Cypress’s integrated circuit products.
  24:main.c        **** * Any reproduction, modification, translation, compilation, or representation
  25:main.c        **** * of this Software except as specified above is prohibited without the express
  26:main.c        **** * written permission of Cypress.
  27:main.c        **** *
  28:main.c        **** * Disclaimer: THIS SOFTWARE IS PROVIDED AS-IS, WITH NO WARRANTY OF ANY KIND, 
  29:main.c        **** * EXPRESS OR IMPLIED, INCLUDING, BUT NOT LIMITED TO, NONINFRINGEMENT, IMPLIED 
ARM GAS  C:\Users\IlyR\AppData\Local\Temp\ccWX9Fdo.s 			page 2


  30:main.c        **** * WARRANTIES OF MERCHANTABILITY AND FITNESS FOR A PARTICULAR PURPOSE. Cypress 
  31:main.c        **** * reserves the right to make changes to the Software without notice. Cypress 
  32:main.c        **** * does not assume any liability arising out of the application or use of the 
  33:main.c        **** * Software or any product or circuit described in the Software. Cypress does 
  34:main.c        **** * not authorize its products for use in any products where a malfunction or 
  35:main.c        **** * failure of the Cypress product may reasonably be expected to result in 
  36:main.c        **** * significant property damage, injury or death (“High Risk Product”). By 
  37:main.c        **** * including Cypress’s product in a High Risk Product, the manufacturer of such 
  38:main.c        **** * system or application assumes all risk of such use and in doing so agrees to 
  39:main.c        **** * indemnify Cypress against all liability.
  40:main.c        **** *******************************************************************************/
  41:main.c        **** #include <project.h>
  42:main.c        **** #include "motor.h"
  43:main.c        **** #include "speed.h"
  44:main.c        **** #include "userinterface.h"
  45:main.c        **** #include "getvalue.h"
  46:main.c        **** 
  47:main.c        **** 
  48:main.c        **** int main()
  49:main.c        **** {  
  29              		.loc 1 49 0
  30              		.cfi_startproc
  31              		@ args = 0, pretend = 0, frame = 16
  32              		@ frame_needed = 1, uses_anonymous_args = 0
  33 0000 90B5     		push	{r4, r7, lr}
  34              		.cfi_def_cfa_offset 12
  35              		.cfi_offset 4, -12
  36              		.cfi_offset 7, -8
  37              		.cfi_offset 14, -4
  38 0002 85B0     		sub	sp, sp, #20
  39              		.cfi_def_cfa_offset 32
  40 0004 00AF     		add	r7, sp, #0
  41              		.cfi_def_cfa_register 7
  50:main.c        ****     uint8 HallReader =0;    
  42              		.loc 1 50 0
  43 0006 0D23     		movs	r3, #13
  44 0008 FB18     		adds	r3, r7, r3
  45 000a 0022     		movs	r2, #0
  46 000c 1A70     		strb	r2, [r3]
  51:main.c        **** 	uint16 pwmCntLocal = 0;
  47              		.loc 1 51 0
  48 000e 0E23     		movs	r3, #14
  49 0010 FB18     		adds	r3, r7, r3
  50 0012 0022     		movs	r2, #0
  51 0014 1A80     		strh	r2, [r3]
  52:main.c        ****     
  53:main.c        ****     /* initialize parameters in UI FW */
  54:main.c        ****     Init_UI_FW();    
  52              		.loc 1 54 0
  53 0016 FFF7FEFF 		bl	Init_UI_FW
  55:main.c        ****     /* disable global interrupt */ 
  56:main.c        **** 	CyGlobalIntDisable;	
  54              		.loc 1 56 0
  55              		.syntax divided
  56              	@ 56 "main.c" 1
  57 001a 72B6     		CPSID   i
  58              	@ 0 "" 2
ARM GAS  C:\Users\IlyR\AppData\Local\Temp\ccWX9Fdo.s 			page 3


  57:main.c        ****     /* initialize system hardware components */	
  58:main.c        ****     Init_HW();   	
  59              		.loc 1 58 0
  60              		.thumb
  61              		.syntax unified
  62 001c FFF7FEFF 		bl	Init_HW
  59:main.c        ****     /*Enable Global interrupt*/
  60:main.c        **** 	CyGlobalIntEnable;    
  63              		.loc 1 60 0
  64              		.syntax divided
  65              	@ 60 "main.c" 1
  66 0020 62B6     		CPSIE   i
  67              	@ 0 "" 2
  61:main.c        ****     /* initialize UI hardware components */ 
  62:main.c        **** 	Init_UI_HW();
  68              		.loc 1 62 0
  69              		.thumb
  70              		.syntax unified
  71 0022 FFF7FEFF 		bl	Init_UI_HW
  63:main.c        ****     
  64:main.c        ****     /* stop motor as default */
  65:main.c        **** 	UI_Cmd.run =  FALSE;     
  72              		.loc 1 65 0
  73 0026 584B     		ldr	r3, .L9
  74 0028 0022     		movs	r2, #0
  75 002a 1A70     		strb	r2, [r3]
  66:main.c        ****     /* Set Motor Direction */
  67:main.c        ****     /* CLOCK_WISE = 0x01, and COUNTER_CLOCK_WISE = 0x00 */  
  68:main.c        ****     CtrlReg_Dir_Write(UI_Data.Dir);
  76              		.loc 1 68 0
  77 002c 574B     		ldr	r3, .L9+4
  78 002e 1B78     		ldrb	r3, [r3]
  79 0030 1800     		movs	r0, r3
  80 0032 FFF7FEFF 		bl	CtrlReg_Dir_Write
  81              	.L8:
  69:main.c        ****     
  70:main.c        ****     for(;;)
  71:main.c        ****     {
  72:main.c        ****         /* Scan sensors and handle event */
  73:main.c        **** 	    ButtonProcess();
  82              		.loc 1 73 0
  83 0036 FFF7FEFF 		bl	ButtonProcess
  74:main.c        **** 		
  75:main.c        ****         /* Measure bus voltage */
  76:main.c        ****         VoltageCheck();	
  84              		.loc 1 76 0
  85 003a FFF7FEFF 		bl	VoltageCheck
  77:main.c        **** 		
  78:main.c        ****         /*Stop motor by disabling PWM output */
  79:main.c        **** 		if(UI_Cmd.run == FALSE)
  86              		.loc 1 79 0
  87 003e 524B     		ldr	r3, .L9
  88 0040 1B78     		ldrb	r3, [r3]
  89 0042 002B     		cmp	r3, #0
  90 0044 14D1     		bne	.L2
  80:main.c        ****         {
  81:main.c        **** 			/* Turning off LED when motor stopping */
ARM GAS  C:\Users\IlyR\AppData\Local\Temp\ccWX9Fdo.s 			page 4


  82:main.c        **** 			STATUS_LED_Write(1);			
  91              		.loc 1 82 0
  92 0046 0120     		movs	r0, #1
  93 0048 FFF7FEFF 		bl	STATUS_LED_Write
  83:main.c        ****         	CtrlReg_PWMOut_Write(0x00);  
  94              		.loc 1 83 0
  95 004c 0020     		movs	r0, #0
  96 004e FFF7FEFF 		bl	CtrlReg_PWMOut_Write
  84:main.c        **** 			PWM_Drive_WriteCompare(PWM_Drive_ReadPeriod()>>16);
  97              		.loc 1 84 0
  98 0052 FFF7FEFF 		bl	PWM_Drive_ReadPeriod
  99 0056 0300     		movs	r3, r0
 100 0058 1B0C     		lsrs	r3, r3, #16
 101 005a 1800     		movs	r0, r3
 102 005c FFF7FEFF 		bl	PWM_Drive_WriteCompare
  85:main.c        ****             
  86:main.c        ****         	piOut = INIT_PIOUT;
 103              		.loc 1 86 0
 104 0060 4B4B     		ldr	r3, .L9+8
 105 0062 A022     		movs	r2, #160
 106 0064 D202     		lsls	r2, r2, #11
 107 0066 1A60     		str	r2, [r3]
  87:main.c        ****         	HallReader = TRUE;
 108              		.loc 1 87 0
 109 0068 0D23     		movs	r3, #13
 110 006a FB18     		adds	r3, r7, r3
 111 006c 0122     		movs	r2, #1
 112 006e 1A70     		strb	r2, [r3]
 113              	.L2:
  88:main.c        ****         } 
  89:main.c        **** 		
  90:main.c        **** 		/* Error Protection: Disable PWM and shining LED at 1Hz */
  91:main.c        **** 		if(errorState != 0)
 114              		.loc 1 91 0
 115 0070 484B     		ldr	r3, .L9+12
 116 0072 1B78     		ldrb	r3, [r3]
 117 0074 002B     		cmp	r3, #0
 118 0076 1CD0     		beq	.L3
  92:main.c        **** 		{
  93:main.c        **** 			CtrlReg_PWMOut_Write(0x00);
 119              		.loc 1 93 0
 120 0078 0020     		movs	r0, #0
 121 007a FFF7FEFF 		bl	CtrlReg_PWMOut_Write
  94:main.c        ****             
  95:main.c        **** 			STATUS_LED_Write(~(STATUS_LED_Read()));
 122              		.loc 1 95 0
 123 007e FFF7FEFF 		bl	STATUS_LED_Read
 124 0082 0300     		movs	r3, r0
 125 0084 DB43     		mvns	r3, r3
 126 0086 DBB2     		uxtb	r3, r3
 127 0088 1800     		movs	r0, r3
 128 008a FFF7FEFF 		bl	STATUS_LED_Write
  96:main.c        **** 			CyDelay(500);
 129              		.loc 1 96 0
 130 008e FA23     		movs	r3, #250
 131 0090 5B00     		lsls	r3, r3, #1
 132 0092 1800     		movs	r0, r3
ARM GAS  C:\Users\IlyR\AppData\Local\Temp\ccWX9Fdo.s 			page 5


 133 0094 FFF7FEFF 		bl	CyDelay
  97:main.c        **** 			STATUS_LED_Write(~(STATUS_LED_Read()));
 134              		.loc 1 97 0
 135 0098 FFF7FEFF 		bl	STATUS_LED_Read
 136 009c 0300     		movs	r3, r0
 137 009e DB43     		mvns	r3, r3
 138 00a0 DBB2     		uxtb	r3, r3
 139 00a2 1800     		movs	r0, r3
 140 00a4 FFF7FEFF 		bl	STATUS_LED_Write
  98:main.c        **** 			CyDelay(500);
 141              		.loc 1 98 0
 142 00a8 FA23     		movs	r3, #250
 143 00aa 5B00     		lsls	r3, r3, #1
 144 00ac 1800     		movs	r0, r3
 145 00ae FFF7FEFF 		bl	CyDelay
 146              	.L3:
  99:main.c        **** 		}		
 100:main.c        ****         
 101:main.c        **** 		/* Motor Running */
 102:main.c        ****         if(UI_Cmd.run == TRUE && errorState == 0)
 147              		.loc 1 102 0
 148 00b2 354B     		ldr	r3, .L9
 149 00b4 1B78     		ldrb	r3, [r3]
 150 00b6 012B     		cmp	r3, #1
 151 00b8 BDD1     		bne	.L8
 152              		.loc 1 102 0 is_stmt 0 discriminator 1
 153 00ba 364B     		ldr	r3, .L9+12
 154 00bc 1B78     		ldrb	r3, [r3]
 155 00be 002B     		cmp	r3, #0
 156 00c0 B9D1     		bne	.L8
 103:main.c        ****         {
 104:main.c        **** 			/* Lighting LED when motor running */
 105:main.c        **** 			STATUS_LED_Write(0);
 157              		.loc 1 105 0 is_stmt 1
 158 00c2 0020     		movs	r0, #0
 159 00c4 FFF7FEFF 		bl	STATUS_LED_Write
 106:main.c        **** 			
 107:main.c        ****             /* only send out UART data when motor is running */
 108:main.c        **** 		    BCPPoll();
 160              		.loc 1 108 0
 161 00c8 FFF7FEFF 		bl	BCPPoll
 109:main.c        ****             
 110:main.c        ****             CtrlReg_PWMOut_Write(0x03);  
 162              		.loc 1 110 0
 163 00cc 0320     		movs	r0, #3
 164 00ce FFF7FEFF 		bl	CtrlReg_PWMOut_Write
 111:main.c        ****             
 112:main.c        ****             pwmCntLocal = pwmCnt;
 165              		.loc 1 112 0
 166 00d2 0E23     		movs	r3, #14
 167 00d4 FB18     		adds	r3, r7, r3
 168 00d6 304A     		ldr	r2, .L9+16
 169 00d8 1288     		ldrh	r2, [r2]
 170 00da 1A80     		strh	r2, [r3]
 113:main.c        ****             
 114:main.c        ****             /* Update every 12.5mS*/
 115:main.c        ****            	if((pwmCntLocal & 0xff) == 0xff) /*if the number of PWM periods is 256, this if code ru
ARM GAS  C:\Users\IlyR\AppData\Local\Temp\ccWX9Fdo.s 			page 6


 171              		.loc 1 115 0
 172 00dc 0E23     		movs	r3, #14
 173 00de FB18     		adds	r3, r7, r3
 174 00e0 1B88     		ldrh	r3, [r3]
 175 00e2 FF22     		movs	r2, #255
 176 00e4 1340     		ands	r3, r2
 177 00e6 FF2B     		cmp	r3, #255
 178 00e8 2BD1     		bne	.L5
 116:main.c        ****     	    {
 117:main.c        **** 				pwmCntLocal++;
 179              		.loc 1 117 0
 180 00ea 0E23     		movs	r3, #14
 181 00ec FB18     		adds	r3, r7, r3
 182 00ee 1A88     		ldrh	r2, [r3]
 183 00f0 0E23     		movs	r3, #14
 184 00f2 FB18     		adds	r3, r7, r3
 185 00f4 0132     		adds	r2, r2, #1
 186 00f6 1A80     		strh	r2, [r3]
 118:main.c        ****                 
 119:main.c        ****                 /* Upon Input, read motor speed reference (RPM) */
 120:main.c        **** 				/* UI_Data.speedRpmRef = ReadRpmRef(); */
 121:main.c        **** 								
 122:main.c        ****                 speedRef = (60*FREQ_CAPTURE_CLK)/(uint32)(MOTOR_POLE_PAIRS*UI_Data.speedRpmRef*UI_D
 187              		.loc 1 122 0
 188 00f8 244B     		ldr	r3, .L9+4
 189 00fa DB88     		ldrh	r3, [r3, #6]
 190 00fc 1A00     		movs	r2, r3
 191 00fe 234B     		ldr	r3, .L9+4
 192 0100 5B88     		ldrh	r3, [r3, #2]
 193 0102 5343     		muls	r3, r2
 194 0104 9B00     		lsls	r3, r3, #2
 195 0106 1900     		movs	r1, r3
 196 0108 2448     		ldr	r0, .L9+20
 197 010a FFF7FEFF 		bl	__aeabi_uidiv
 198 010e 0300     		movs	r3, r0
 199 0110 9AB2     		uxth	r2, r3
 200 0112 234B     		ldr	r3, .L9+24
 201 0114 1A80     		strh	r2, [r3]
 123:main.c        ****     			
 124:main.c        ****                 if(UI_Cmd.run == TRUE)
 202              		.loc 1 124 0
 203 0116 1C4B     		ldr	r3, .L9
 204 0118 1B78     		ldrb	r3, [r3]
 205 011a 012B     		cmp	r3, #1
 206 011c 01D1     		bne	.L6
 125:main.c        ****                 {
 126:main.c        ****                 /*Speed close loop control */            
 127:main.c        ****                 	SpeedPID();  
 207              		.loc 1 127 0
 208 011e FFF7FEFF 		bl	SpeedPID
 209              	.L6:
 128:main.c        ****                 }	 
 129:main.c        ****     			
 130:main.c        ****                 /* Hall Error Detection*/
 131:main.c        ****                 HallReader  = Hall_Error_Read();
 210              		.loc 1 131 0
 211 0122 0D23     		movs	r3, #13
ARM GAS  C:\Users\IlyR\AppData\Local\Temp\ccWX9Fdo.s 			page 7


 212 0124 FC18     		adds	r4, r7, r3
 213 0126 FFF7FEFF 		bl	Hall_Error_Read
 214 012a 0300     		movs	r3, r0
 215 012c 2370     		strb	r3, [r4]
 132:main.c        ****                 if(HallReader == TRUE)
 216              		.loc 1 132 0
 217 012e 0D23     		movs	r3, #13
 218 0130 FB18     		adds	r3, r7, r3
 219 0132 1B78     		ldrb	r3, [r3]
 220 0134 012B     		cmp	r3, #1
 221 0136 04D1     		bne	.L5
 133:main.c        ****                 {               
 134:main.c        ****     				errorState = hallError;
 222              		.loc 1 134 0
 223 0138 164B     		ldr	r3, .L9+12
 224 013a 0222     		movs	r2, #2
 225 013c 1A70     		strb	r2, [r3]
 135:main.c        ****                 	UpdateStatusError();
 226              		.loc 1 135 0
 227 013e FFF7FEFF 		bl	UpdateStatusError
 228              	.L5:
 136:main.c        ****                 }			
 137:main.c        ****     		}
 138:main.c        ****             /* Calculate the real time motor speed every 2000 PWM period, unit: RPM*/
 139:main.c        ****             if(pwmCntLocal >= 2000) 
 229              		.loc 1 139 0
 230 0142 0E23     		movs	r3, #14
 231 0144 FB18     		adds	r3, r7, r3
 232 0146 1B88     		ldrh	r3, [r3]
 233 0148 164A     		ldr	r2, .L9+28
 234 014a 9342     		cmp	r3, r2
 235 014c 15D9     		bls	.L7
 236              	.LBB2:
 140:main.c        ****             {
 141:main.c        ****                 uint32 tmp1 = 0;
 237              		.loc 1 141 0
 238 014e 0023     		movs	r3, #0
 239 0150 BB60     		str	r3, [r7, #8]
 142:main.c        ****                 uint32 tmp2 = 0;
 240              		.loc 1 142 0
 241 0152 0023     		movs	r3, #0
 242 0154 7B60     		str	r3, [r7, #4]
 143:main.c        **** 				pwmCntLocal = 0;
 243              		.loc 1 143 0
 244 0156 0E23     		movs	r3, #14
 245 0158 FB18     		adds	r3, r7, r3
 246 015a 0022     		movs	r2, #0
 247 015c 1A80     		strh	r2, [r3]
 144:main.c        ****                 tmp1 = (60*FREQ_CAPTURE_CLK);
 248              		.loc 1 144 0
 249 015e 0F4B     		ldr	r3, .L9+20
 250 0160 BB60     		str	r3, [r7, #8]
 145:main.c        ****                 tmp2 = (MOTOR_POLE_PAIRS*speedCur);            
 251              		.loc 1 145 0
 252 0162 114B     		ldr	r3, .L9+32
 253 0164 1B88     		ldrh	r3, [r3]
 254 0166 9B00     		lsls	r3, r3, #2
ARM GAS  C:\Users\IlyR\AppData\Local\Temp\ccWX9Fdo.s 			page 8


 255 0168 7B60     		str	r3, [r7, #4]
 146:main.c        ****                 UI_Data.speedRpm = (tmp1/tmp2);      
 256              		.loc 1 146 0
 257 016a 7968     		ldr	r1, [r7, #4]
 258 016c B868     		ldr	r0, [r7, #8]
 259 016e FFF7FEFF 		bl	__aeabi_uidiv
 260 0172 0300     		movs	r3, r0
 261 0174 9AB2     		uxth	r2, r3
 262 0176 054B     		ldr	r3, .L9+4
 263 0178 9A80     		strh	r2, [r3, #4]
 264              	.L7:
 265              	.LBE2:
 147:main.c        ****             }
 148:main.c        ****             
 149:main.c        ****             pwmCnt = pwmCntLocal;
 266              		.loc 1 149 0
 267 017a 074B     		ldr	r3, .L9+16
 268 017c 0E22     		movs	r2, #14
 269 017e BA18     		adds	r2, r7, r2
 270 0180 1288     		ldrh	r2, [r2]
 271 0182 1A80     		strh	r2, [r3]
 150:main.c        ****         }	
 151:main.c        ****     }
 272              		.loc 1 151 0
 273 0184 57E7     		b	.L8
 274              	.L10:
 275 0186 C046     		.align	2
 276              	.L9:
 277 0188 00000000 		.word	UI_Cmd
 278 018c 00000000 		.word	UI_Data
 279 0190 00000000 		.word	piOut
 280 0194 00000000 		.word	errorState
 281 0198 00000000 		.word	pwmCnt
 282 019c 808D5B00 		.word	6000000
 283 01a0 00000000 		.word	speedRef
 284 01a4 CF070000 		.word	1999
 285 01a8 00000000 		.word	speedCur
 286              		.cfi_endproc
 287              	.LFE32:
 288              		.size	main, .-main
 289              		.text
 290              	.Letext0:
 291              		.file 2 "Generated_Source\\PSoC4/cytypes.h"
 292              		.file 3 "motor.h"
 293              		.file 4 "speed.h"
 294              		.section	.debug_info,"",%progbits
 295              	.Ldebug_info0:
 296 0000 3C020000 		.4byte	0x23c
 297 0004 0400     		.2byte	0x4
 298 0006 00000000 		.4byte	.Ldebug_abbrev0
 299 000a 04       		.byte	0x4
 300 000b 01       		.uleb128 0x1
 301 000c C5000000 		.4byte	.LASF43
 302 0010 0C       		.byte	0xc
 303 0011 75020000 		.4byte	.LASF44
 304 0015 D7010000 		.4byte	.LASF45
 305 0019 00000000 		.4byte	.Ldebug_ranges0+0
ARM GAS  C:\Users\IlyR\AppData\Local\Temp\ccWX9Fdo.s 			page 9


 306 001d 00000000 		.4byte	0
 307 0021 00000000 		.4byte	.Ldebug_line0
 308 0025 02       		.uleb128 0x2
 309 0026 01       		.byte	0x1
 310 0027 06       		.byte	0x6
 311 0028 C7020000 		.4byte	.LASF0
 312 002c 02       		.uleb128 0x2
 313 002d 01       		.byte	0x1
 314 002e 08       		.byte	0x8
 315 002f 8E010000 		.4byte	.LASF1
 316 0033 02       		.uleb128 0x2
 317 0034 02       		.byte	0x2
 318 0035 05       		.byte	0x5
 319 0036 6A010000 		.4byte	.LASF2
 320 003a 02       		.uleb128 0x2
 321 003b 02       		.byte	0x2
 322 003c 07       		.byte	0x7
 323 003d B2000000 		.4byte	.LASF3
 324 0041 02       		.uleb128 0x2
 325 0042 04       		.byte	0x4
 326 0043 05       		.byte	0x5
 327 0044 A0020000 		.4byte	.LASF4
 328 0048 02       		.uleb128 0x2
 329 0049 04       		.byte	0x4
 330 004a 07       		.byte	0x7
 331 004b 98000000 		.4byte	.LASF5
 332 004f 02       		.uleb128 0x2
 333 0050 08       		.byte	0x8
 334 0051 05       		.byte	0x5
 335 0052 00000000 		.4byte	.LASF6
 336 0056 02       		.uleb128 0x2
 337 0057 08       		.byte	0x8
 338 0058 07       		.byte	0x7
 339 0059 A9010000 		.4byte	.LASF7
 340 005d 03       		.uleb128 0x3
 341 005e 04       		.byte	0x4
 342 005f 05       		.byte	0x5
 343 0060 696E7400 		.ascii	"int\000"
 344 0064 02       		.uleb128 0x2
 345 0065 04       		.byte	0x4
 346 0066 07       		.byte	0x7
 347 0067 9C010000 		.4byte	.LASF8
 348 006b 04       		.uleb128 0x4
 349 006c 9A020000 		.4byte	.LASF9
 350 0070 02       		.byte	0x2
 351 0071 E401     		.2byte	0x1e4
 352 0073 2C000000 		.4byte	0x2c
 353 0077 04       		.uleb128 0x4
 354 0078 74010000 		.4byte	.LASF10
 355 007c 02       		.byte	0x2
 356 007d E501     		.2byte	0x1e5
 357 007f 3A000000 		.4byte	0x3a
 358 0083 04       		.uleb128 0x4
 359 0084 7B010000 		.4byte	.LASF11
 360 0088 02       		.byte	0x2
 361 0089 E601     		.2byte	0x1e6
 362 008b 48000000 		.4byte	0x48
ARM GAS  C:\Users\IlyR\AppData\Local\Temp\ccWX9Fdo.s 			page 10


 363 008f 02       		.uleb128 0x2
 364 0090 04       		.byte	0x4
 365 0091 04       		.byte	0x4
 366 0092 63000000 		.4byte	.LASF12
 367 0096 02       		.uleb128 0x2
 368 0097 08       		.byte	0x8
 369 0098 04       		.byte	0x4
 370 0099 5C010000 		.4byte	.LASF13
 371 009d 02       		.uleb128 0x2
 372 009e 01       		.byte	0x1
 373 009f 08       		.byte	0x8
 374 00a0 7C020000 		.4byte	.LASF14
 375 00a4 02       		.uleb128 0x2
 376 00a5 08       		.byte	0x8
 377 00a6 04       		.byte	0x4
 378 00a7 BB020000 		.4byte	.LASF15
 379 00ab 02       		.uleb128 0x2
 380 00ac 04       		.byte	0x4
 381 00ad 07       		.byte	0x7
 382 00ae CE010000 		.4byte	.LASF16
 383 00b2 05       		.uleb128 0x5
 384 00b3 01       		.byte	0x1
 385 00b4 03       		.byte	0x3
 386 00b5 46       		.byte	0x46
 387 00b6 C7000000 		.4byte	0xc7
 388 00ba 06       		.uleb128 0x6
 389 00bb 72756E00 		.ascii	"run\000"
 390 00bf 03       		.byte	0x3
 391 00c0 48       		.byte	0x48
 392 00c1 6B000000 		.4byte	0x6b
 393 00c5 00       		.byte	0
 394 00c6 00       		.byte	0
 395 00c7 07       		.uleb128 0x7
 396 00c8 91000000 		.4byte	.LASF17
 397 00cc 03       		.byte	0x3
 398 00cd 49       		.byte	0x49
 399 00ce B2000000 		.4byte	0xb2
 400 00d2 05       		.uleb128 0x5
 401 00d3 12       		.byte	0x12
 402 00d4 03       		.byte	0x3
 403 00d5 4C       		.byte	0x4c
 404 00d6 51010000 		.4byte	0x151
 405 00da 06       		.uleb128 0x6
 406 00db 44697200 		.ascii	"Dir\000"
 407 00df 03       		.byte	0x3
 408 00e0 4E       		.byte	0x4e
 409 00e1 6B000000 		.4byte	0x6b
 410 00e5 00       		.byte	0
 411 00e6 08       		.uleb128 0x8
 412 00e7 69000000 		.4byte	.LASF18
 413 00eb 03       		.byte	0x3
 414 00ec 50       		.byte	0x50
 415 00ed 77000000 		.4byte	0x77
 416 00f1 02       		.byte	0x2
 417 00f2 08       		.uleb128 0x8
 418 00f3 91020000 		.4byte	.LASF19
 419 00f7 03       		.byte	0x3
ARM GAS  C:\Users\IlyR\AppData\Local\Temp\ccWX9Fdo.s 			page 11


 420 00f8 51       		.byte	0x51
 421 00f9 77000000 		.4byte	0x77
 422 00fd 04       		.byte	0x4
 423 00fe 08       		.uleb128 0x8
 424 00ff 36000000 		.4byte	.LASF20
 425 0103 03       		.byte	0x3
 426 0104 52       		.byte	0x52
 427 0105 77000000 		.4byte	0x77
 428 0109 06       		.byte	0x6
 429 010a 06       		.uleb128 0x6
 430 010b 6B7000   		.ascii	"kp\000"
 431 010e 03       		.byte	0x3
 432 010f 54       		.byte	0x54
 433 0110 77000000 		.4byte	0x77
 434 0114 08       		.byte	0x8
 435 0115 06       		.uleb128 0x6
 436 0116 6B6900   		.ascii	"ki\000"
 437 0119 03       		.byte	0x3
 438 011a 55       		.byte	0x55
 439 011b 77000000 		.4byte	0x77
 440 011f 0A       		.byte	0xa
 441 0120 08       		.uleb128 0x8
 442 0121 1E000000 		.4byte	.LASF21
 443 0125 03       		.byte	0x3
 444 0126 57       		.byte	0x57
 445 0127 77000000 		.4byte	0x77
 446 012b 0C       		.byte	0xc
 447 012c 08       		.uleb128 0x8
 448 012d 2A000000 		.4byte	.LASF22
 449 0131 03       		.byte	0x3
 450 0132 58       		.byte	0x58
 451 0133 77000000 		.4byte	0x77
 452 0137 0E       		.byte	0xe
 453 0138 08       		.uleb128 0x8
 454 0139 49000000 		.4byte	.LASF23
 455 013d 03       		.byte	0x3
 456 013e 59       		.byte	0x59
 457 013f 6B000000 		.4byte	0x6b
 458 0143 10       		.byte	0x10
 459 0144 08       		.uleb128 0x8
 460 0145 81020000 		.4byte	.LASF24
 461 0149 03       		.byte	0x3
 462 014a 5A       		.byte	0x5a
 463 014b 6B000000 		.4byte	0x6b
 464 014f 11       		.byte	0x11
 465 0150 00       		.byte	0
 466 0151 07       		.uleb128 0x7
 467 0152 89020000 		.4byte	.LASF25
 468 0156 03       		.byte	0x3
 469 0157 5B       		.byte	0x5b
 470 0158 D2000000 		.4byte	0xd2
 471 015c 09       		.uleb128 0x9
 472 015d 42000000 		.4byte	.LASF46
 473 0161 01       		.byte	0x1
 474 0162 2C000000 		.4byte	0x2c
 475 0166 03       		.byte	0x3
 476 0167 5F       		.byte	0x5f
ARM GAS  C:\Users\IlyR\AppData\Local\Temp\ccWX9Fdo.s 			page 12


 477 0168 8B010000 		.4byte	0x18b
 478 016c 0A       		.uleb128 0xa
 479 016d 53010000 		.4byte	.LASF26
 480 0171 00       		.byte	0
 481 0172 0A       		.uleb128 0xa
 482 0173 D3020000 		.4byte	.LASF27
 483 0177 01       		.byte	0x1
 484 0178 0A       		.uleb128 0xa
 485 0179 87000000 		.4byte	.LASF28
 486 017d 02       		.byte	0x2
 487 017e 0A       		.uleb128 0xa
 488 017f AA000000 		.4byte	.LASF29
 489 0183 03       		.byte	0x3
 490 0184 0A       		.uleb128 0xa
 491 0185 C0010000 		.4byte	.LASF30
 492 0189 04       		.byte	0x4
 493 018a 00       		.byte	0
 494 018b 07       		.uleb128 0x7
 495 018c 0E000000 		.4byte	.LASF31
 496 0190 03       		.byte	0x3
 497 0191 65       		.byte	0x65
 498 0192 5C010000 		.4byte	0x15c
 499 0196 0B       		.uleb128 0xb
 500 0197 C9010000 		.4byte	.LASF47
 501 019b 01       		.byte	0x1
 502 019c 30       		.byte	0x30
 503 019d 5D000000 		.4byte	0x5d
 504 01a1 00000000 		.4byte	.LFB32
 505 01a5 AC010000 		.4byte	.LFE32-.LFB32
 506 01a9 01       		.uleb128 0x1
 507 01aa 9C       		.byte	0x9c
 508 01ab F2010000 		.4byte	0x1f2
 509 01af 0C       		.uleb128 0xc
 510 01b0 A9020000 		.4byte	.LASF32
 511 01b4 01       		.byte	0x1
 512 01b5 32       		.byte	0x32
 513 01b6 6B000000 		.4byte	0x6b
 514 01ba 02       		.uleb128 0x2
 515 01bb 91       		.byte	0x91
 516 01bc 6D       		.sleb128 -19
 517 01bd 0C       		.uleb128 0xc
 518 01be 82010000 		.4byte	.LASF33
 519 01c2 01       		.byte	0x1
 520 01c3 33       		.byte	0x33
 521 01c4 77000000 		.4byte	0x77
 522 01c8 02       		.uleb128 0x2
 523 01c9 91       		.byte	0x91
 524 01ca 6E       		.sleb128 -18
 525 01cb 0D       		.uleb128 0xd
 526 01cc 4E010000 		.4byte	.LBB2
 527 01d0 2C000000 		.4byte	.LBE2-.LBB2
 528 01d4 0C       		.uleb128 0xc
 529 01d5 53000000 		.4byte	.LASF34
 530 01d9 01       		.byte	0x1
 531 01da 8D       		.byte	0x8d
 532 01db 83000000 		.4byte	0x83
 533 01df 02       		.uleb128 0x2
ARM GAS  C:\Users\IlyR\AppData\Local\Temp\ccWX9Fdo.s 			page 13


 534 01e0 91       		.byte	0x91
 535 01e1 68       		.sleb128 -24
 536 01e2 0C       		.uleb128 0xc
 537 01e3 58000000 		.4byte	.LASF35
 538 01e7 01       		.byte	0x1
 539 01e8 8E       		.byte	0x8e
 540 01e9 83000000 		.4byte	0x83
 541 01ed 02       		.uleb128 0x2
 542 01ee 91       		.byte	0x91
 543 01ef 64       		.sleb128 -28
 544 01f0 00       		.byte	0
 545 01f1 00       		.byte	0
 546 01f2 0E       		.uleb128 0xe
 547 01f3 7C000000 		.4byte	.LASF36
 548 01f7 03       		.byte	0x3
 549 01f8 67       		.byte	0x67
 550 01f9 8B010000 		.4byte	0x18b
 551 01fd 0E       		.uleb128 0xe
 552 01fe 63010000 		.4byte	.LASF37
 553 0202 03       		.byte	0x3
 554 0203 68       		.byte	0x68
 555 0204 C7000000 		.4byte	0xc7
 556 0208 0E       		.uleb128 0xe
 557 0209 16000000 		.4byte	.LASF38
 558 020d 03       		.byte	0x3
 559 020e 69       		.byte	0x69
 560 020f 51010000 		.4byte	0x151
 561 0213 0E       		.uleb128 0xe
 562 0214 DB020000 		.4byte	.LASF39
 563 0218 03       		.byte	0x3
 564 0219 6B       		.byte	0x6b
 565 021a 77000000 		.4byte	0x77
 566 021e 0E       		.uleb128 0xe
 567 021f 73000000 		.4byte	.LASF40
 568 0223 03       		.byte	0x3
 569 0224 6C       		.byte	0x6c
 570 0225 77000000 		.4byte	0x77
 571 0229 0E       		.uleb128 0xe
 572 022a B4020000 		.4byte	.LASF41
 573 022e 03       		.byte	0x3
 574 022f 71       		.byte	0x71
 575 0230 77000000 		.4byte	0x77
 576 0234 0E       		.uleb128 0xe
 577 0235 5D000000 		.4byte	.LASF42
 578 0239 04       		.byte	0x4
 579 023a 34       		.byte	0x34
 580 023b 41000000 		.4byte	0x41
 581 023f 00       		.byte	0
 582              		.section	.debug_abbrev,"",%progbits
 583              	.Ldebug_abbrev0:
 584 0000 01       		.uleb128 0x1
 585 0001 11       		.uleb128 0x11
 586 0002 01       		.byte	0x1
 587 0003 25       		.uleb128 0x25
 588 0004 0E       		.uleb128 0xe
 589 0005 13       		.uleb128 0x13
 590 0006 0B       		.uleb128 0xb
ARM GAS  C:\Users\IlyR\AppData\Local\Temp\ccWX9Fdo.s 			page 14


 591 0007 03       		.uleb128 0x3
 592 0008 0E       		.uleb128 0xe
 593 0009 1B       		.uleb128 0x1b
 594 000a 0E       		.uleb128 0xe
 595 000b 55       		.uleb128 0x55
 596 000c 17       		.uleb128 0x17
 597 000d 11       		.uleb128 0x11
 598 000e 01       		.uleb128 0x1
 599 000f 10       		.uleb128 0x10
 600 0010 17       		.uleb128 0x17
 601 0011 00       		.byte	0
 602 0012 00       		.byte	0
 603 0013 02       		.uleb128 0x2
 604 0014 24       		.uleb128 0x24
 605 0015 00       		.byte	0
 606 0016 0B       		.uleb128 0xb
 607 0017 0B       		.uleb128 0xb
 608 0018 3E       		.uleb128 0x3e
 609 0019 0B       		.uleb128 0xb
 610 001a 03       		.uleb128 0x3
 611 001b 0E       		.uleb128 0xe
 612 001c 00       		.byte	0
 613 001d 00       		.byte	0
 614 001e 03       		.uleb128 0x3
 615 001f 24       		.uleb128 0x24
 616 0020 00       		.byte	0
 617 0021 0B       		.uleb128 0xb
 618 0022 0B       		.uleb128 0xb
 619 0023 3E       		.uleb128 0x3e
 620 0024 0B       		.uleb128 0xb
 621 0025 03       		.uleb128 0x3
 622 0026 08       		.uleb128 0x8
 623 0027 00       		.byte	0
 624 0028 00       		.byte	0
 625 0029 04       		.uleb128 0x4
 626 002a 16       		.uleb128 0x16
 627 002b 00       		.byte	0
 628 002c 03       		.uleb128 0x3
 629 002d 0E       		.uleb128 0xe
 630 002e 3A       		.uleb128 0x3a
 631 002f 0B       		.uleb128 0xb
 632 0030 3B       		.uleb128 0x3b
 633 0031 05       		.uleb128 0x5
 634 0032 49       		.uleb128 0x49
 635 0033 13       		.uleb128 0x13
 636 0034 00       		.byte	0
 637 0035 00       		.byte	0
 638 0036 05       		.uleb128 0x5
 639 0037 13       		.uleb128 0x13
 640 0038 01       		.byte	0x1
 641 0039 0B       		.uleb128 0xb
 642 003a 0B       		.uleb128 0xb
 643 003b 3A       		.uleb128 0x3a
 644 003c 0B       		.uleb128 0xb
 645 003d 3B       		.uleb128 0x3b
 646 003e 0B       		.uleb128 0xb
 647 003f 01       		.uleb128 0x1
ARM GAS  C:\Users\IlyR\AppData\Local\Temp\ccWX9Fdo.s 			page 15


 648 0040 13       		.uleb128 0x13
 649 0041 00       		.byte	0
 650 0042 00       		.byte	0
 651 0043 06       		.uleb128 0x6
 652 0044 0D       		.uleb128 0xd
 653 0045 00       		.byte	0
 654 0046 03       		.uleb128 0x3
 655 0047 08       		.uleb128 0x8
 656 0048 3A       		.uleb128 0x3a
 657 0049 0B       		.uleb128 0xb
 658 004a 3B       		.uleb128 0x3b
 659 004b 0B       		.uleb128 0xb
 660 004c 49       		.uleb128 0x49
 661 004d 13       		.uleb128 0x13
 662 004e 38       		.uleb128 0x38
 663 004f 0B       		.uleb128 0xb
 664 0050 00       		.byte	0
 665 0051 00       		.byte	0
 666 0052 07       		.uleb128 0x7
 667 0053 16       		.uleb128 0x16
 668 0054 00       		.byte	0
 669 0055 03       		.uleb128 0x3
 670 0056 0E       		.uleb128 0xe
 671 0057 3A       		.uleb128 0x3a
 672 0058 0B       		.uleb128 0xb
 673 0059 3B       		.uleb128 0x3b
 674 005a 0B       		.uleb128 0xb
 675 005b 49       		.uleb128 0x49
 676 005c 13       		.uleb128 0x13
 677 005d 00       		.byte	0
 678 005e 00       		.byte	0
 679 005f 08       		.uleb128 0x8
 680 0060 0D       		.uleb128 0xd
 681 0061 00       		.byte	0
 682 0062 03       		.uleb128 0x3
 683 0063 0E       		.uleb128 0xe
 684 0064 3A       		.uleb128 0x3a
 685 0065 0B       		.uleb128 0xb
 686 0066 3B       		.uleb128 0x3b
 687 0067 0B       		.uleb128 0xb
 688 0068 49       		.uleb128 0x49
 689 0069 13       		.uleb128 0x13
 690 006a 38       		.uleb128 0x38
 691 006b 0B       		.uleb128 0xb
 692 006c 00       		.byte	0
 693 006d 00       		.byte	0
 694 006e 09       		.uleb128 0x9
 695 006f 04       		.uleb128 0x4
 696 0070 01       		.byte	0x1
 697 0071 03       		.uleb128 0x3
 698 0072 0E       		.uleb128 0xe
 699 0073 0B       		.uleb128 0xb
 700 0074 0B       		.uleb128 0xb
 701 0075 49       		.uleb128 0x49
 702 0076 13       		.uleb128 0x13
 703 0077 3A       		.uleb128 0x3a
 704 0078 0B       		.uleb128 0xb
ARM GAS  C:\Users\IlyR\AppData\Local\Temp\ccWX9Fdo.s 			page 16


 705 0079 3B       		.uleb128 0x3b
 706 007a 0B       		.uleb128 0xb
 707 007b 01       		.uleb128 0x1
 708 007c 13       		.uleb128 0x13
 709 007d 00       		.byte	0
 710 007e 00       		.byte	0
 711 007f 0A       		.uleb128 0xa
 712 0080 28       		.uleb128 0x28
 713 0081 00       		.byte	0
 714 0082 03       		.uleb128 0x3
 715 0083 0E       		.uleb128 0xe
 716 0084 1C       		.uleb128 0x1c
 717 0085 0B       		.uleb128 0xb
 718 0086 00       		.byte	0
 719 0087 00       		.byte	0
 720 0088 0B       		.uleb128 0xb
 721 0089 2E       		.uleb128 0x2e
 722 008a 01       		.byte	0x1
 723 008b 3F       		.uleb128 0x3f
 724 008c 19       		.uleb128 0x19
 725 008d 03       		.uleb128 0x3
 726 008e 0E       		.uleb128 0xe
 727 008f 3A       		.uleb128 0x3a
 728 0090 0B       		.uleb128 0xb
 729 0091 3B       		.uleb128 0x3b
 730 0092 0B       		.uleb128 0xb
 731 0093 49       		.uleb128 0x49
 732 0094 13       		.uleb128 0x13
 733 0095 11       		.uleb128 0x11
 734 0096 01       		.uleb128 0x1
 735 0097 12       		.uleb128 0x12
 736 0098 06       		.uleb128 0x6
 737 0099 40       		.uleb128 0x40
 738 009a 18       		.uleb128 0x18
 739 009b 9642     		.uleb128 0x2116
 740 009d 19       		.uleb128 0x19
 741 009e 01       		.uleb128 0x1
 742 009f 13       		.uleb128 0x13
 743 00a0 00       		.byte	0
 744 00a1 00       		.byte	0
 745 00a2 0C       		.uleb128 0xc
 746 00a3 34       		.uleb128 0x34
 747 00a4 00       		.byte	0
 748 00a5 03       		.uleb128 0x3
 749 00a6 0E       		.uleb128 0xe
 750 00a7 3A       		.uleb128 0x3a
 751 00a8 0B       		.uleb128 0xb
 752 00a9 3B       		.uleb128 0x3b
 753 00aa 0B       		.uleb128 0xb
 754 00ab 49       		.uleb128 0x49
 755 00ac 13       		.uleb128 0x13
 756 00ad 02       		.uleb128 0x2
 757 00ae 18       		.uleb128 0x18
 758 00af 00       		.byte	0
 759 00b0 00       		.byte	0
 760 00b1 0D       		.uleb128 0xd
 761 00b2 0B       		.uleb128 0xb
ARM GAS  C:\Users\IlyR\AppData\Local\Temp\ccWX9Fdo.s 			page 17


 762 00b3 01       		.byte	0x1
 763 00b4 11       		.uleb128 0x11
 764 00b5 01       		.uleb128 0x1
 765 00b6 12       		.uleb128 0x12
 766 00b7 06       		.uleb128 0x6
 767 00b8 00       		.byte	0
 768 00b9 00       		.byte	0
 769 00ba 0E       		.uleb128 0xe
 770 00bb 34       		.uleb128 0x34
 771 00bc 00       		.byte	0
 772 00bd 03       		.uleb128 0x3
 773 00be 0E       		.uleb128 0xe
 774 00bf 3A       		.uleb128 0x3a
 775 00c0 0B       		.uleb128 0xb
 776 00c1 3B       		.uleb128 0x3b
 777 00c2 0B       		.uleb128 0xb
 778 00c3 49       		.uleb128 0x49
 779 00c4 13       		.uleb128 0x13
 780 00c5 3F       		.uleb128 0x3f
 781 00c6 19       		.uleb128 0x19
 782 00c7 3C       		.uleb128 0x3c
 783 00c8 19       		.uleb128 0x19
 784 00c9 00       		.byte	0
 785 00ca 00       		.byte	0
 786 00cb 00       		.byte	0
 787              		.section	.debug_aranges,"",%progbits
 788 0000 1C000000 		.4byte	0x1c
 789 0004 0200     		.2byte	0x2
 790 0006 00000000 		.4byte	.Ldebug_info0
 791 000a 04       		.byte	0x4
 792 000b 00       		.byte	0
 793 000c 0000     		.2byte	0
 794 000e 0000     		.2byte	0
 795 0010 00000000 		.4byte	.LFB32
 796 0014 AC010000 		.4byte	.LFE32-.LFB32
 797 0018 00000000 		.4byte	0
 798 001c 00000000 		.4byte	0
 799              		.section	.debug_ranges,"",%progbits
 800              	.Ldebug_ranges0:
 801 0000 00000000 		.4byte	.LFB32
 802 0004 AC010000 		.4byte	.LFE32
 803 0008 00000000 		.4byte	0
 804 000c 00000000 		.4byte	0
 805              		.section	.debug_line,"",%progbits
 806              	.Ldebug_line0:
 807 0000 A1000000 		.section	.debug_str,"MS",%progbits,1
 807      02005700 
 807      00000201 
 807      FB0E0D00 
 807      01010101 
 808              	.LASF6:
 809 0000 6C6F6E67 		.ascii	"long long int\000"
 809      206C6F6E 
 809      6720696E 
 809      7400
 810              	.LASF31:
 811 000e 4572726F 		.ascii	"Error_T\000"
ARM GAS  C:\Users\IlyR\AppData\Local\Temp\ccWX9Fdo.s 			page 18


 811      725F5400 
 812              	.LASF38:
 813 0016 55495F44 		.ascii	"UI_Data\000"
 813      61746100 
 814              	.LASF21:
 815 001e 6D617853 		.ascii	"maxSpeedRpm\000"
 815      70656564 
 815      52706D00 
 816              	.LASF22:
 817 002a 6D696E53 		.ascii	"minSpeedRpm\000"
 817      70656564 
 817      52706D00 
 818              	.LASF20:
 819 0036 73706565 		.ascii	"speedRpmRef\000"
 819      6452706D 
 819      52656600 
 820              	.LASF46:
 821 0042 5F457272 		.ascii	"_Error\000"
 821      6F7200
 822              	.LASF23:
 823 0049 706F6C65 		.ascii	"polePairs\000"
 823      50616972 
 823      7300
 824              	.LASF34:
 825 0053 746D7031 		.ascii	"tmp1\000"
 825      00
 826              	.LASF35:
 827 0058 746D7032 		.ascii	"tmp2\000"
 827      00
 828              	.LASF42:
 829 005d 70694F75 		.ascii	"piOut\000"
 829      7400
 830              	.LASF12:
 831 0063 666C6F61 		.ascii	"float\000"
 831      7400
 832              	.LASF18:
 833 0069 67656172 		.ascii	"gearRatio\000"
 833      52617469 
 833      6F00
 834              	.LASF40:
 835 0073 73706565 		.ascii	"speedCur\000"
 835      64437572 
 835      00
 836              	.LASF36:
 837 007c 6572726F 		.ascii	"errorState\000"
 837      72537461 
 837      746500
 838              	.LASF28:
 839 0087 68616C6C 		.ascii	"hallError\000"
 839      4572726F 
 839      7200
 840              	.LASF17:
 841 0091 55495F43 		.ascii	"UI_CMD\000"
 841      4D4400
 842              	.LASF5:
 843 0098 6C6F6E67 		.ascii	"long unsigned int\000"
 843      20756E73 
ARM GAS  C:\Users\IlyR\AppData\Local\Temp\ccWX9Fdo.s 			page 19


 843      69676E65 
 843      6420696E 
 843      7400
 844              	.LASF29:
 845 00aa 6C6F7756 		.ascii	"lowVolt\000"
 845      6F6C7400 
 846              	.LASF3:
 847 00b2 73686F72 		.ascii	"short unsigned int\000"
 847      7420756E 
 847      7369676E 
 847      65642069 
 847      6E7400
 848              	.LASF43:
 849 00c5 474E5520 		.ascii	"GNU C11 5.4.1 20160609 (release) [ARM/embedded-5-br"
 849      43313120 
 849      352E342E 
 849      31203230 
 849      31363036 
 850 00f8 616E6368 		.ascii	"anch revision 237715] -mcpu=cortex-m0 -mthumb -g -O"
 850      20726576 
 850      6973696F 
 850      6E203233 
 850      37373135 
 851 012b 30202D66 		.ascii	"0 -ffunction-sections -ffat-lto-objects\000"
 851      66756E63 
 851      74696F6E 
 851      2D736563 
 851      74696F6E 
 852              	.LASF26:
 853 0153 6E6F5F65 		.ascii	"no_error\000"
 853      72726F72 
 853      00
 854              	.LASF13:
 855 015c 646F7562 		.ascii	"double\000"
 855      6C6500
 856              	.LASF37:
 857 0163 55495F43 		.ascii	"UI_Cmd\000"
 857      6D6400
 858              	.LASF2:
 859 016a 73686F72 		.ascii	"short int\000"
 859      7420696E 
 859      7400
 860              	.LASF10:
 861 0174 75696E74 		.ascii	"uint16\000"
 861      313600
 862              	.LASF11:
 863 017b 75696E74 		.ascii	"uint32\000"
 863      333200
 864              	.LASF33:
 865 0182 70776D43 		.ascii	"pwmCntLocal\000"
 865      6E744C6F 
 865      63616C00 
 866              	.LASF1:
 867 018e 756E7369 		.ascii	"unsigned char\000"
 867      676E6564 
 867      20636861 
 867      7200
ARM GAS  C:\Users\IlyR\AppData\Local\Temp\ccWX9Fdo.s 			page 20


 868              	.LASF8:
 869 019c 756E7369 		.ascii	"unsigned int\000"
 869      676E6564 
 869      20696E74 
 869      00
 870              	.LASF7:
 871 01a9 6C6F6E67 		.ascii	"long long unsigned int\000"
 871      206C6F6E 
 871      6720756E 
 871      7369676E 
 871      65642069 
 872              	.LASF30:
 873 01c0 68696768 		.ascii	"highVolt\000"
 873      566F6C74 
 873      00
 874              	.LASF47:
 875 01c9 6D61696E 		.ascii	"main\000"
 875      00
 876              	.LASF16:
 877 01ce 73697A65 		.ascii	"sizetype\000"
 877      74797065 
 877      00
 878              	.LASF45:
 879 01d7 433A5C55 		.ascii	"C:\\Users\\IlyR\\OneDrive - The University of Manch"
 879      73657273 
 879      5C496C79 
 879      525C4F6E 
 879      65447269 
 880 0207 65737465 		.ascii	"ester\\EEE MTE SEM2\\3YP\\control\\speed_control_v1"
 880      725C4545 
 880      45204D54 
 880      45205345 
 880      4D325C33 
 881 0236 5C53656E 		.ascii	"\\Sensored BLDC Motor Control\\Sensored BLDC Motor "
 881      736F7265 
 881      6420424C 
 881      4443204D 
 881      6F746F72 
 882 0267 436F6E74 		.ascii	"Control.cydsn\000"
 882      726F6C2E 
 882      63796473 
 882      6E00
 883              	.LASF44:
 884 0275 6D61696E 		.ascii	"main.c\000"
 884      2E6300
 885              	.LASF14:
 886 027c 63686172 		.ascii	"char\000"
 886      00
 887              	.LASF24:
 888 0281 6D617843 		.ascii	"maxCurr\000"
 888      75727200 
 889              	.LASF25:
 890 0289 55495F44 		.ascii	"UI_DATA\000"
 890      41544100 
 891              	.LASF19:
 892 0291 73706565 		.ascii	"speedRpm\000"
 892      6452706D 
ARM GAS  C:\Users\IlyR\AppData\Local\Temp\ccWX9Fdo.s 			page 21


 892      00
 893              	.LASF9:
 894 029a 75696E74 		.ascii	"uint8\000"
 894      3800
 895              	.LASF4:
 896 02a0 6C6F6E67 		.ascii	"long int\000"
 896      20696E74 
 896      00
 897              	.LASF32:
 898 02a9 48616C6C 		.ascii	"HallReader\000"
 898      52656164 
 898      657200
 899              	.LASF41:
 900 02b4 70776D43 		.ascii	"pwmCnt\000"
 900      6E7400
 901              	.LASF15:
 902 02bb 6C6F6E67 		.ascii	"long double\000"
 902      20646F75 
 902      626C6500 
 903              	.LASF0:
 904 02c7 7369676E 		.ascii	"signed char\000"
 904      65642063 
 904      68617200 
 905              	.LASF27:
 906 02d3 6F766572 		.ascii	"overCur\000"
 906      43757200 
 907              	.LASF39:
 908 02db 73706565 		.ascii	"speedRef\000"
 908      64526566 
 908      00
 909              		.ident	"GCC: (GNU Tools for ARM Embedded Processors) 5.4.1 20160609 (release) [ARM/embedded-5-bran
