ARM GAS  C:\Users\IlyR\AppData\Local\Temp\ccPpRNBt.s 			page 1


   1              		.syntax unified
   2              		.cpu cortex-m0
   3              		.fpu softvfp
   4              		.eabi_attribute 20, 1
   5              		.eabi_attribute 21, 1
   6              		.eabi_attribute 23, 3
   7              		.eabi_attribute 24, 1
   8              		.eabi_attribute 25, 1
   9              		.eabi_attribute 26, 1
  10              		.eabi_attribute 30, 6
  11              		.eabi_attribute 34, 0
  12              		.eabi_attribute 18, 4
  13              		.thumb
  14              		.syntax unified
  15              		.file	"speedloop.c"
  16              		.text
  17              	.Ltext0:
  18              		.cfi_sections	.debug_frame
  19              		.global	piOut
  20              		.data
  21              		.align	2
  22              		.type	piOut, %object
  23              		.size	piOut, 4
  24              	piOut:
  25 0000 00000500 		.word	327680
  26              		.section	.text.SpeedPID,"ax",%progbits
  27              		.align	2
  28              		.global	SpeedPID
  29              		.code	16
  30              		.thumb_func
  31              		.type	SpeedPID, %function
  32              	SpeedPID:
  33              	.LFB32:
  34              		.file 1 "speedloop.c"
   1:speedloop.c   **** /*******************************************************************************
   2:speedloop.c   **** * Project Name		: Sensored BLDC Motor Control
   3:speedloop.c   **** * File Name			: speedloop.c
   4:speedloop.c   **** * Version			: 1.0
   5:speedloop.c   **** * Device Used		: CY8C4245AXI-483     
   6:speedloop.c   **** * Software Used		: PSoC Creator 4.2
   7:speedloop.c   **** * Compiler Used		: ARM GCC 5.4.1 
   8:speedloop.c   **** * Related Hardware  : CY8CKIT-042 PSoC 4 Pioneer Kit + CY8CKIT-037 PSoC 4
   9:speedloop.c   **** *                     Motor Control Evaluation Kit
  10:speedloop.c   **** ******************************************************************************
  11:speedloop.c   **** * Copyright (2018), Cypress Semiconductor Corporation. All rights reserved.
  12:speedloop.c   **** *******************************************************************************
  13:speedloop.c   **** * This software, including source code, documentation and related materials
  14:speedloop.c   **** * (“Software”), is owned by Cypress Semiconductor Corporation or one of its
  15:speedloop.c   **** * subsidiaries (“Cypress”) and is protected by and subject to worldwide patent
  16:speedloop.c   **** * protection (United States and foreign), United States copyright laws and
  17:speedloop.c   **** * international treaty provisions. Therefore, you may use this Software only
  18:speedloop.c   **** * as provided in the license agreement accompanying the software package from
  19:speedloop.c   **** * which you obtained this Software (“EULA”).
  20:speedloop.c   **** *
  21:speedloop.c   **** * If no EULA applies, Cypress hereby grants you a personal, nonexclusive,
  22:speedloop.c   **** * non-transferable license to copy, modify, and compile the Software source
  23:speedloop.c   **** * code solely for use in connection with Cypress’s integrated circuit products.
ARM GAS  C:\Users\IlyR\AppData\Local\Temp\ccPpRNBt.s 			page 2


  24:speedloop.c   **** * Any reproduction, modification, translation, compilation, or representation
  25:speedloop.c   **** * of this Software except as specified above is prohibited without the express
  26:speedloop.c   **** * written permission of Cypress.
  27:speedloop.c   **** *
  28:speedloop.c   **** * Disclaimer: THIS SOFTWARE IS PROVIDED AS-IS, WITH NO WARRANTY OF ANY KIND, 
  29:speedloop.c   **** * EXPRESS OR IMPLIED, INCLUDING, BUT NOT LIMITED TO, NONINFRINGEMENT, IMPLIED 
  30:speedloop.c   **** * WARRANTIES OF MERCHANTABILITY AND FITNESS FOR A PARTICULAR PURPOSE. Cypress 
  31:speedloop.c   **** * reserves the right to make changes to the Software without notice. Cypress 
  32:speedloop.c   **** * does not assume any liability arising out of the application or use of the 
  33:speedloop.c   **** * Software or any product or circuit described in the Software. Cypress does 
  34:speedloop.c   **** * not authorize its products for use in any products where a malfunction or 
  35:speedloop.c   **** * failure of the Cypress product may reasonably be expected to result in 
  36:speedloop.c   **** * significant property damage, injury or death (“High Risk Product”). By 
  37:speedloop.c   **** * including Cypress’s product in a High Risk Product, the manufacturer of such 
  38:speedloop.c   **** * system or application assumes all risk of such use and in doing so agrees to 
  39:speedloop.c   **** * indemnify Cypress against all liability.
  40:speedloop.c   **** *******************************************************************************/
  41:speedloop.c   **** #include <project.h>
  42:speedloop.c   **** #include "speed.h"
  43:speedloop.c   **** #include "motor.h"
  44:speedloop.c   **** 
  45:speedloop.c   **** int32 piOut = INIT_PIOUT;       /* 60*(1<<16)PI loop output value */
  46:speedloop.c   **** 
  47:speedloop.c   **** /*******************************************************************************
  48:speedloop.c   **** * Function Name: SpeedPID
  49:speedloop.c   **** ********************************************************************************
  50:speedloop.c   **** * Summary:
  51:speedloop.c   **** * The SpeedPID function implements PID regulator for motor speed closed loop control.. 
  52:speedloop.c   **** *
  53:speedloop.c   **** * Parameters: None
  54:speedloop.c   **** *    
  55:speedloop.c   **** * Return: None
  56:speedloop.c   **** *
  57:speedloop.c   **** *******************************************************************************/
  58:speedloop.c   **** void SpeedPID(void)
  59:speedloop.c   **** {
  35              		.loc 1 59 0
  36              		.cfi_startproc
  37              		@ args = 0, pretend = 0, frame = 16
  38              		@ frame_needed = 1, uses_anonymous_args = 0
  39 0000 80B5     		push	{r7, lr}
  40              		.cfi_def_cfa_offset 8
  41              		.cfi_offset 7, -8
  42              		.cfi_offset 14, -4
  43 0002 84B0     		sub	sp, sp, #16
  44              		.cfi_def_cfa_offset 24
  45 0004 00AF     		add	r7, sp, #0
  46              		.cfi_def_cfa_register 7
  60:speedloop.c   ****     int16 speedErr;
  61:speedloop.c   ****     static int16 speedErrPrev = 0x00;
  62:speedloop.c   ****     int16 speedErr2;
  63:speedloop.c   ****     int32 result;
  64:speedloop.c   ****     uint16 kp,ki;
  65:speedloop.c   ****   
  66:speedloop.c   ****     if(speedRef > MIDDLE_SPEED_CMD) 		/* Low Speed, Low Coefficient  */
  47              		.loc 1 66 0
  48 0006 3A4B     		ldr	r3, .L6
ARM GAS  C:\Users\IlyR\AppData\Local\Temp\ccPpRNBt.s 			page 3


  49 0008 1B88     		ldrh	r3, [r3]
  50 000a 3A4A     		ldr	r2, .L6+4
  51 000c 9342     		cmp	r3, r2
  52 000e 0AD9     		bls	.L2
  67:speedloop.c   ****     {
  68:speedloop.c   ****         kp = UI_Data.kp;
  53              		.loc 1 68 0
  54 0010 0E23     		movs	r3, #14
  55 0012 FB18     		adds	r3, r7, r3
  56 0014 384A     		ldr	r2, .L6+8
  57 0016 1289     		ldrh	r2, [r2, #8]
  58 0018 1A80     		strh	r2, [r3]
  69:speedloop.c   ****         ki = UI_Data.ki;
  59              		.loc 1 69 0
  60 001a 0C23     		movs	r3, #12
  61 001c FB18     		adds	r3, r7, r3
  62 001e 364A     		ldr	r2, .L6+8
  63 0020 5289     		ldrh	r2, [r2, #10]
  64 0022 1A80     		strh	r2, [r3]
  65 0024 0BE0     		b	.L3
  66              	.L2:
  70:speedloop.c   ****     }
  71:speedloop.c   ****     else									/* High Speed, High Coefficient  */
  72:speedloop.c   ****     {
  73:speedloop.c   ****         kp = UI_Data.kp << 1;
  67              		.loc 1 73 0
  68 0026 344B     		ldr	r3, .L6+8
  69 0028 1B89     		ldrh	r3, [r3, #8]
  70 002a 0E22     		movs	r2, #14
  71 002c BA18     		adds	r2, r7, r2
  72 002e DB18     		adds	r3, r3, r3
  73 0030 1380     		strh	r3, [r2]
  74:speedloop.c   ****         ki = UI_Data.ki << 1;
  74              		.loc 1 74 0
  75 0032 314B     		ldr	r3, .L6+8
  76 0034 5B89     		ldrh	r3, [r3, #10]
  77 0036 0C22     		movs	r2, #12
  78 0038 BA18     		adds	r2, r7, r2
  79 003a DB18     		adds	r3, r3, r3
  80 003c 1380     		strh	r3, [r2]
  81              	.L3:
  75:speedloop.c   ****     }
  76:speedloop.c   ****    
  77:speedloop.c   ****     speedErr = speedCur - speedRef; 
  82              		.loc 1 77 0
  83 003e 2F4B     		ldr	r3, .L6+12
  84 0040 1A88     		ldrh	r2, [r3]
  85 0042 2B4B     		ldr	r3, .L6
  86 0044 1B88     		ldrh	r3, [r3]
  87 0046 D31A     		subs	r3, r2, r3
  88 0048 9AB2     		uxth	r2, r3
  89 004a 0A23     		movs	r3, #10
  90 004c FB18     		adds	r3, r7, r3
  91 004e 1A80     		strh	r2, [r3]
  78:speedloop.c   ****     
  79:speedloop.c   ****     /* Calculate output of integration */	
  80:speedloop.c   ****     result = (int32 )(speedErr * ki);		
ARM GAS  C:\Users\IlyR\AppData\Local\Temp\ccPpRNBt.s 			page 4


  92              		.loc 1 80 0
  93 0050 0A23     		movs	r3, #10
  94 0052 FB18     		adds	r3, r7, r3
  95 0054 0022     		movs	r2, #0
  96 0056 9B5E     		ldrsh	r3, [r3, r2]
  97 0058 0C22     		movs	r2, #12
  98 005a BA18     		adds	r2, r7, r2
  99 005c 1288     		ldrh	r2, [r2]
 100 005e 5343     		muls	r3, r2
 101 0060 7B60     		str	r3, [r7, #4]
  81:speedloop.c   **** 	piOut += result;
 102              		.loc 1 81 0
 103 0062 274B     		ldr	r3, .L6+16
 104 0064 1A68     		ldr	r2, [r3]
 105 0066 7B68     		ldr	r3, [r7, #4]
 106 0068 D218     		adds	r2, r2, r3
 107 006a 254B     		ldr	r3, .L6+16
 108 006c 1A60     		str	r2, [r3]
  82:speedloop.c   **** 	
  83:speedloop.c   ****     /* Calculate output of proportional */		
  84:speedloop.c   **** 	speedErr2 = (speedErr-speedErrPrev);			
 109              		.loc 1 84 0
 110 006e 0A23     		movs	r3, #10
 111 0070 FB18     		adds	r3, r7, r3
 112 0072 1A88     		ldrh	r2, [r3]
 113 0074 234B     		ldr	r3, .L6+20
 114 0076 0021     		movs	r1, #0
 115 0078 5B5E     		ldrsh	r3, [r3, r1]
 116 007a 9BB2     		uxth	r3, r3
 117 007c D31A     		subs	r3, r2, r3
 118 007e 9AB2     		uxth	r2, r3
 119 0080 BB1C     		adds	r3, r7, #2
 120 0082 1A80     		strh	r2, [r3]
  85:speedloop.c   **** 	speedErrPrev = speedErr;
 121              		.loc 1 85 0
 122 0084 1F4B     		ldr	r3, .L6+20
 123 0086 0A22     		movs	r2, #10
 124 0088 BA18     		adds	r2, r7, r2
 125 008a 1288     		ldrh	r2, [r2]
 126 008c 1A80     		strh	r2, [r3]
  86:speedloop.c   **** 	
  87:speedloop.c   **** 	result = (int32)(speedErr2 * kp);
 127              		.loc 1 87 0
 128 008e BB1C     		adds	r3, r7, #2
 129 0090 0022     		movs	r2, #0
 130 0092 9B5E     		ldrsh	r3, [r3, r2]
 131 0094 0E22     		movs	r2, #14
 132 0096 BA18     		adds	r2, r7, r2
 133 0098 1288     		ldrh	r2, [r2]
 134 009a 5343     		muls	r3, r2
 135 009c 7B60     		str	r3, [r7, #4]
  88:speedloop.c   **** 	piOut += result;
 136              		.loc 1 88 0
 137 009e 184B     		ldr	r3, .L6+16
 138 00a0 1A68     		ldr	r2, [r3]
 139 00a2 7B68     		ldr	r3, [r7, #4]
 140 00a4 D218     		adds	r2, r2, r3
ARM GAS  C:\Users\IlyR\AppData\Local\Temp\ccPpRNBt.s 			page 5


 141 00a6 164B     		ldr	r3, .L6+16
 142 00a8 1A60     		str	r2, [r3]
  89:speedloop.c   **** 	
  90:speedloop.c   **** 
  91:speedloop.c   **** 	if(piOut>PIOUT_MAX)
 143              		.loc 1 91 0
 144 00aa 154B     		ldr	r3, .L6+16
 145 00ac 1A68     		ldr	r2, [r3]
 146 00ae AA23     		movs	r3, #170
 147 00b0 1B04     		lsls	r3, r3, #16
 148 00b2 9A42     		cmp	r2, r3
 149 00b4 03DD     		ble	.L4
  92:speedloop.c   **** 		piOut= PIOUT_MAX;
 150              		.loc 1 92 0
 151 00b6 124B     		ldr	r3, .L6+16
 152 00b8 AA22     		movs	r2, #170
 153 00ba 1204     		lsls	r2, r2, #16
 154 00bc 1A60     		str	r2, [r3]
 155              	.L4:
  93:speedloop.c   ****     if(piOut<PIOUT_MIN)
 156              		.loc 1 93 0
 157 00be 104B     		ldr	r3, .L6+16
 158 00c0 1B68     		ldr	r3, [r3]
 159 00c2 114A     		ldr	r2, .L6+24
 160 00c4 9342     		cmp	r3, r2
 161 00c6 03DC     		bgt	.L5
  94:speedloop.c   **** 		piOut= PIOUT_MIN;
 162              		.loc 1 94 0
 163 00c8 0D4B     		ldr	r3, .L6+16
 164 00ca 8022     		movs	r2, #128
 165 00cc 5203     		lsls	r2, r2, #13
 166 00ce 1A60     		str	r2, [r3]
 167              	.L5:
  95:speedloop.c   **** 				
  96:speedloop.c   **** 	dutyCycle = piOut>>16;  
 168              		.loc 1 96 0
 169 00d0 0B4B     		ldr	r3, .L6+16
 170 00d2 1B68     		ldr	r3, [r3]
 171 00d4 1B14     		asrs	r3, r3, #16
 172 00d6 DAB2     		uxtb	r2, r3
 173 00d8 0C4B     		ldr	r3, .L6+28
 174 00da 1A70     		strb	r2, [r3]
  97:speedloop.c   **** 
  98:speedloop.c   **** 	PWM_Drive_WriteCompare(dutyCycle);
 175              		.loc 1 98 0
 176 00dc 0B4B     		ldr	r3, .L6+28
 177 00de 1B78     		ldrb	r3, [r3]
 178 00e0 1800     		movs	r0, r3
 179 00e2 FFF7FEFF 		bl	PWM_Drive_WriteCompare
  99:speedloop.c   **** }
 180              		.loc 1 99 0
 181 00e6 C046     		nop
 182 00e8 BD46     		mov	sp, r7
 183 00ea 04B0     		add	sp, sp, #16
 184              		@ sp needed
 185 00ec 80BD     		pop	{r7, pc}
 186              	.L7:
ARM GAS  C:\Users\IlyR\AppData\Local\Temp\ccPpRNBt.s 			page 6


 187 00ee C046     		.align	2
 188              	.L6:
 189 00f0 00000000 		.word	speedRef
 190 00f4 EE020000 		.word	750
 191 00f8 00000000 		.word	UI_Data
 192 00fc 00000000 		.word	speedCur
 193 0100 00000000 		.word	piOut
 194 0104 00000000 		.word	speedErrPrev.6108
 195 0108 FFFF0F00 		.word	1048575
 196 010c 00000000 		.word	dutyCycle
 197              		.cfi_endproc
 198              	.LFE32:
 199              		.size	SpeedPID, .-SpeedPID
 200              		.bss
 201              		.align	1
 202              	speedErrPrev.6108:
 203 0000 0000     		.space	2
 204              		.text
 205              	.Letext0:
 206              		.file 2 "Generated_Source\\PSoC4/cytypes.h"
 207              		.file 3 "motor.h"
 208              		.section	.debug_info,"",%progbits
 209              	.Ldebug_info0:
 210 0000 ED010000 		.4byte	0x1ed
 211 0004 0400     		.2byte	0x4
 212 0006 00000000 		.4byte	.Ldebug_abbrev0
 213 000a 04       		.byte	0x4
 214 000b 01       		.uleb128 0x1
 215 000c AB000000 		.4byte	.LASF35
 216 0010 0C       		.byte	0xc
 217 0011 71020000 		.4byte	.LASF36
 218 0015 B7010000 		.4byte	.LASF37
 219 0019 00000000 		.4byte	.Ldebug_ranges0+0
 220 001d 00000000 		.4byte	0
 221 0021 00000000 		.4byte	.Ldebug_line0
 222 0025 02       		.uleb128 0x2
 223 0026 01       		.byte	0x1
 224 0027 06       		.byte	0x6
 225 0028 92020000 		.4byte	.LASF0
 226 002c 02       		.uleb128 0x2
 227 002d 01       		.byte	0x1
 228 002e 08       		.byte	0x8
 229 002f 42010000 		.4byte	.LASF1
 230 0033 02       		.uleb128 0x2
 231 0034 02       		.byte	0x2
 232 0035 05       		.byte	0x5
 233 0036 57010000 		.4byte	.LASF2
 234 003a 02       		.uleb128 0x2
 235 003b 02       		.byte	0x2
 236 003c 07       		.byte	0x7
 237 003d 4E000000 		.4byte	.LASF3
 238 0041 02       		.uleb128 0x2
 239 0042 04       		.byte	0x4
 240 0043 05       		.byte	0x5
 241 0044 7D020000 		.4byte	.LASF4
 242 0048 02       		.uleb128 0x2
 243 0049 04       		.byte	0x4
ARM GAS  C:\Users\IlyR\AppData\Local\Temp\ccPpRNBt.s 			page 7


 244 004a 07       		.byte	0x7
 245 004b 93000000 		.4byte	.LASF5
 246 004f 02       		.uleb128 0x2
 247 0050 08       		.byte	0x8
 248 0051 05       		.byte	0x5
 249 0052 00000000 		.4byte	.LASF6
 250 0056 02       		.uleb128 0x2
 251 0057 08       		.byte	0x8
 252 0058 07       		.byte	0x7
 253 0059 90010000 		.4byte	.LASF7
 254 005d 03       		.uleb128 0x3
 255 005e 04       		.byte	0x4
 256 005f 05       		.byte	0x5
 257 0060 696E7400 		.ascii	"int\000"
 258 0064 02       		.uleb128 0x2
 259 0065 04       		.byte	0x4
 260 0066 07       		.byte	0x7
 261 0067 83010000 		.4byte	.LASF8
 262 006b 04       		.uleb128 0x4
 263 006c 6B020000 		.4byte	.LASF9
 264 0070 02       		.byte	0x2
 265 0071 E401     		.2byte	0x1e4
 266 0073 2C000000 		.4byte	0x2c
 267 0077 04       		.uleb128 0x4
 268 0078 6E010000 		.4byte	.LASF10
 269 007c 02       		.byte	0x2
 270 007d E501     		.2byte	0x1e5
 271 007f 3A000000 		.4byte	0x3a
 272 0083 04       		.uleb128 0x4
 273 0084 8D000000 		.4byte	.LASF11
 274 0088 02       		.byte	0x2
 275 0089 E801     		.2byte	0x1e8
 276 008b 33000000 		.4byte	0x33
 277 008f 04       		.uleb128 0x4
 278 0090 A5000000 		.4byte	.LASF12
 279 0094 02       		.byte	0x2
 280 0095 E901     		.2byte	0x1e9
 281 0097 41000000 		.4byte	0x41
 282 009b 02       		.uleb128 0x2
 283 009c 04       		.byte	0x4
 284 009d 04       		.byte	0x4
 285 009e 6B000000 		.4byte	.LASF13
 286 00a2 02       		.uleb128 0x2
 287 00a3 08       		.byte	0x8
 288 00a4 04       		.byte	0x4
 289 00a5 50010000 		.4byte	.LASF14
 290 00a9 02       		.uleb128 0x2
 291 00aa 01       		.byte	0x1
 292 00ab 08       		.byte	0x8
 293 00ac 55020000 		.4byte	.LASF15
 294 00b0 02       		.uleb128 0x2
 295 00b1 08       		.byte	0x8
 296 00b2 04       		.byte	0x4
 297 00b3 86020000 		.4byte	.LASF16
 298 00b7 02       		.uleb128 0x2
 299 00b8 04       		.byte	0x4
 300 00b9 07       		.byte	0x7
ARM GAS  C:\Users\IlyR\AppData\Local\Temp\ccPpRNBt.s 			page 8


 301 00ba AE010000 		.4byte	.LASF17
 302 00be 05       		.uleb128 0x5
 303 00bf 12       		.byte	0x12
 304 00c0 03       		.byte	0x3
 305 00c1 4C       		.byte	0x4c
 306 00c2 3D010000 		.4byte	0x13d
 307 00c6 06       		.uleb128 0x6
 308 00c7 44697200 		.ascii	"Dir\000"
 309 00cb 03       		.byte	0x3
 310 00cc 4E       		.byte	0x4e
 311 00cd 6B000000 		.4byte	0x6b
 312 00d1 00       		.byte	0
 313 00d2 07       		.uleb128 0x7
 314 00d3 83000000 		.4byte	.LASF18
 315 00d7 03       		.byte	0x3
 316 00d8 50       		.byte	0x50
 317 00d9 77000000 		.4byte	0x77
 318 00dd 02       		.byte	0x2
 319 00de 07       		.uleb128 0x7
 320 00df 62020000 		.4byte	.LASF19
 321 00e3 03       		.byte	0x3
 322 00e4 51       		.byte	0x51
 323 00e5 77000000 		.4byte	0x77
 324 00e9 04       		.byte	0x4
 325 00ea 07       		.uleb128 0x7
 326 00eb 42000000 		.4byte	.LASF20
 327 00ef 03       		.byte	0x3
 328 00f0 52       		.byte	0x52
 329 00f1 77000000 		.4byte	0x77
 330 00f5 06       		.byte	0x6
 331 00f6 06       		.uleb128 0x6
 332 00f7 6B7000   		.ascii	"kp\000"
 333 00fa 03       		.byte	0x3
 334 00fb 54       		.byte	0x54
 335 00fc 77000000 		.4byte	0x77
 336 0100 08       		.byte	0x8
 337 0101 06       		.uleb128 0x6
 338 0102 6B6900   		.ascii	"ki\000"
 339 0105 03       		.byte	0x3
 340 0106 55       		.byte	0x55
 341 0107 77000000 		.4byte	0x77
 342 010b 0A       		.byte	0xa
 343 010c 07       		.uleb128 0x7
 344 010d 16000000 		.4byte	.LASF21
 345 0111 03       		.byte	0x3
 346 0112 57       		.byte	0x57
 347 0113 77000000 		.4byte	0x77
 348 0117 0C       		.byte	0xc
 349 0118 07       		.uleb128 0x7
 350 0119 36000000 		.4byte	.LASF22
 351 011d 03       		.byte	0x3
 352 011e 58       		.byte	0x58
 353 011f 77000000 		.4byte	0x77
 354 0123 0E       		.byte	0xe
 355 0124 07       		.uleb128 0x7
 356 0125 61000000 		.4byte	.LASF23
 357 0129 03       		.byte	0x3
ARM GAS  C:\Users\IlyR\AppData\Local\Temp\ccPpRNBt.s 			page 9


 358 012a 59       		.byte	0x59
 359 012b 6B000000 		.4byte	0x6b
 360 012f 10       		.byte	0x10
 361 0130 07       		.uleb128 0x7
 362 0131 7B010000 		.4byte	.LASF24
 363 0135 03       		.byte	0x3
 364 0136 5A       		.byte	0x5a
 365 0137 6B000000 		.4byte	0x6b
 366 013b 11       		.byte	0x11
 367 013c 00       		.byte	0
 368 013d 08       		.uleb128 0x8
 369 013e 5A020000 		.4byte	.LASF25
 370 0142 03       		.byte	0x3
 371 0143 5B       		.byte	0x5b
 372 0144 BE000000 		.4byte	0xbe
 373 0148 09       		.uleb128 0x9
 374 0149 71000000 		.4byte	.LASF38
 375 014d 01       		.byte	0x1
 376 014e 3A       		.byte	0x3a
 377 014f 00000000 		.4byte	.LFB32
 378 0153 10010000 		.4byte	.LFE32-.LFB32
 379 0157 01       		.uleb128 0x1
 380 0158 9C       		.byte	0x9c
 381 0159 B3010000 		.4byte	0x1b3
 382 015d 0A       		.uleb128 0xa
 383 015e 39010000 		.4byte	.LASF26
 384 0162 01       		.byte	0x1
 385 0163 3C       		.byte	0x3c
 386 0164 83000000 		.4byte	0x83
 387 0168 02       		.uleb128 0x2
 388 0169 91       		.byte	0x91
 389 016a 72       		.sleb128 -14
 390 016b 0A       		.uleb128 0xa
 391 016c 61010000 		.4byte	.LASF27
 392 0170 01       		.byte	0x1
 393 0171 3D       		.byte	0x3d
 394 0172 83000000 		.4byte	0x83
 395 0176 05       		.uleb128 0x5
 396 0177 03       		.byte	0x3
 397 0178 00000000 		.4byte	speedErrPrev.6108
 398 017c 0A       		.uleb128 0xa
 399 017d 22000000 		.4byte	.LASF28
 400 0181 01       		.byte	0x1
 401 0182 3E       		.byte	0x3e
 402 0183 83000000 		.4byte	0x83
 403 0187 02       		.uleb128 0x2
 404 0188 91       		.byte	0x91
 405 0189 6A       		.sleb128 -22
 406 018a 0A       		.uleb128 0xa
 407 018b A7010000 		.4byte	.LASF29
 408 018f 01       		.byte	0x1
 409 0190 3F       		.byte	0x3f
 410 0191 8F000000 		.4byte	0x8f
 411 0195 02       		.uleb128 0x2
 412 0196 91       		.byte	0x91
 413 0197 6C       		.sleb128 -20
 414 0198 0B       		.uleb128 0xb
ARM GAS  C:\Users\IlyR\AppData\Local\Temp\ccPpRNBt.s 			page 10


 415 0199 6B7000   		.ascii	"kp\000"
 416 019c 01       		.byte	0x1
 417 019d 40       		.byte	0x40
 418 019e 77000000 		.4byte	0x77
 419 01a2 02       		.uleb128 0x2
 420 01a3 91       		.byte	0x91
 421 01a4 76       		.sleb128 -10
 422 01a5 0B       		.uleb128 0xb
 423 01a6 6B6900   		.ascii	"ki\000"
 424 01a9 01       		.byte	0x1
 425 01aa 40       		.byte	0x40
 426 01ab 77000000 		.4byte	0x77
 427 01af 02       		.uleb128 0x2
 428 01b0 91       		.byte	0x91
 429 01b1 74       		.sleb128 -12
 430 01b2 00       		.byte	0
 431 01b3 0C       		.uleb128 0xc
 432 01b4 75010000 		.4byte	.LASF30
 433 01b8 01       		.byte	0x1
 434 01b9 2D       		.byte	0x2d
 435 01ba 8F000000 		.4byte	0x8f
 436 01be 05       		.uleb128 0x5
 437 01bf 03       		.byte	0x3
 438 01c0 00000000 		.4byte	piOut
 439 01c4 0D       		.uleb128 0xd
 440 01c5 0E000000 		.4byte	.LASF31
 441 01c9 03       		.byte	0x3
 442 01ca 69       		.byte	0x69
 443 01cb 3D010000 		.4byte	0x13d
 444 01cf 0D       		.uleb128 0xd
 445 01d0 9E020000 		.4byte	.LASF32
 446 01d4 03       		.byte	0x3
 447 01d5 6B       		.byte	0x6b
 448 01d6 77000000 		.4byte	0x77
 449 01da 0D       		.uleb128 0xd
 450 01db 7A000000 		.4byte	.LASF33
 451 01df 03       		.byte	0x3
 452 01e0 6C       		.byte	0x6c
 453 01e1 77000000 		.4byte	0x77
 454 01e5 0D       		.uleb128 0xd
 455 01e6 2C000000 		.4byte	.LASF34
 456 01ea 03       		.byte	0x3
 457 01eb 73       		.byte	0x73
 458 01ec 6B000000 		.4byte	0x6b
 459 01f0 00       		.byte	0
 460              		.section	.debug_abbrev,"",%progbits
 461              	.Ldebug_abbrev0:
 462 0000 01       		.uleb128 0x1
 463 0001 11       		.uleb128 0x11
 464 0002 01       		.byte	0x1
 465 0003 25       		.uleb128 0x25
 466 0004 0E       		.uleb128 0xe
 467 0005 13       		.uleb128 0x13
 468 0006 0B       		.uleb128 0xb
 469 0007 03       		.uleb128 0x3
 470 0008 0E       		.uleb128 0xe
 471 0009 1B       		.uleb128 0x1b
ARM GAS  C:\Users\IlyR\AppData\Local\Temp\ccPpRNBt.s 			page 11


 472 000a 0E       		.uleb128 0xe
 473 000b 55       		.uleb128 0x55
 474 000c 17       		.uleb128 0x17
 475 000d 11       		.uleb128 0x11
 476 000e 01       		.uleb128 0x1
 477 000f 10       		.uleb128 0x10
 478 0010 17       		.uleb128 0x17
 479 0011 00       		.byte	0
 480 0012 00       		.byte	0
 481 0013 02       		.uleb128 0x2
 482 0014 24       		.uleb128 0x24
 483 0015 00       		.byte	0
 484 0016 0B       		.uleb128 0xb
 485 0017 0B       		.uleb128 0xb
 486 0018 3E       		.uleb128 0x3e
 487 0019 0B       		.uleb128 0xb
 488 001a 03       		.uleb128 0x3
 489 001b 0E       		.uleb128 0xe
 490 001c 00       		.byte	0
 491 001d 00       		.byte	0
 492 001e 03       		.uleb128 0x3
 493 001f 24       		.uleb128 0x24
 494 0020 00       		.byte	0
 495 0021 0B       		.uleb128 0xb
 496 0022 0B       		.uleb128 0xb
 497 0023 3E       		.uleb128 0x3e
 498 0024 0B       		.uleb128 0xb
 499 0025 03       		.uleb128 0x3
 500 0026 08       		.uleb128 0x8
 501 0027 00       		.byte	0
 502 0028 00       		.byte	0
 503 0029 04       		.uleb128 0x4
 504 002a 16       		.uleb128 0x16
 505 002b 00       		.byte	0
 506 002c 03       		.uleb128 0x3
 507 002d 0E       		.uleb128 0xe
 508 002e 3A       		.uleb128 0x3a
 509 002f 0B       		.uleb128 0xb
 510 0030 3B       		.uleb128 0x3b
 511 0031 05       		.uleb128 0x5
 512 0032 49       		.uleb128 0x49
 513 0033 13       		.uleb128 0x13
 514 0034 00       		.byte	0
 515 0035 00       		.byte	0
 516 0036 05       		.uleb128 0x5
 517 0037 13       		.uleb128 0x13
 518 0038 01       		.byte	0x1
 519 0039 0B       		.uleb128 0xb
 520 003a 0B       		.uleb128 0xb
 521 003b 3A       		.uleb128 0x3a
 522 003c 0B       		.uleb128 0xb
 523 003d 3B       		.uleb128 0x3b
 524 003e 0B       		.uleb128 0xb
 525 003f 01       		.uleb128 0x1
 526 0040 13       		.uleb128 0x13
 527 0041 00       		.byte	0
 528 0042 00       		.byte	0
ARM GAS  C:\Users\IlyR\AppData\Local\Temp\ccPpRNBt.s 			page 12


 529 0043 06       		.uleb128 0x6
 530 0044 0D       		.uleb128 0xd
 531 0045 00       		.byte	0
 532 0046 03       		.uleb128 0x3
 533 0047 08       		.uleb128 0x8
 534 0048 3A       		.uleb128 0x3a
 535 0049 0B       		.uleb128 0xb
 536 004a 3B       		.uleb128 0x3b
 537 004b 0B       		.uleb128 0xb
 538 004c 49       		.uleb128 0x49
 539 004d 13       		.uleb128 0x13
 540 004e 38       		.uleb128 0x38
 541 004f 0B       		.uleb128 0xb
 542 0050 00       		.byte	0
 543 0051 00       		.byte	0
 544 0052 07       		.uleb128 0x7
 545 0053 0D       		.uleb128 0xd
 546 0054 00       		.byte	0
 547 0055 03       		.uleb128 0x3
 548 0056 0E       		.uleb128 0xe
 549 0057 3A       		.uleb128 0x3a
 550 0058 0B       		.uleb128 0xb
 551 0059 3B       		.uleb128 0x3b
 552 005a 0B       		.uleb128 0xb
 553 005b 49       		.uleb128 0x49
 554 005c 13       		.uleb128 0x13
 555 005d 38       		.uleb128 0x38
 556 005e 0B       		.uleb128 0xb
 557 005f 00       		.byte	0
 558 0060 00       		.byte	0
 559 0061 08       		.uleb128 0x8
 560 0062 16       		.uleb128 0x16
 561 0063 00       		.byte	0
 562 0064 03       		.uleb128 0x3
 563 0065 0E       		.uleb128 0xe
 564 0066 3A       		.uleb128 0x3a
 565 0067 0B       		.uleb128 0xb
 566 0068 3B       		.uleb128 0x3b
 567 0069 0B       		.uleb128 0xb
 568 006a 49       		.uleb128 0x49
 569 006b 13       		.uleb128 0x13
 570 006c 00       		.byte	0
 571 006d 00       		.byte	0
 572 006e 09       		.uleb128 0x9
 573 006f 2E       		.uleb128 0x2e
 574 0070 01       		.byte	0x1
 575 0071 3F       		.uleb128 0x3f
 576 0072 19       		.uleb128 0x19
 577 0073 03       		.uleb128 0x3
 578 0074 0E       		.uleb128 0xe
 579 0075 3A       		.uleb128 0x3a
 580 0076 0B       		.uleb128 0xb
 581 0077 3B       		.uleb128 0x3b
 582 0078 0B       		.uleb128 0xb
 583 0079 27       		.uleb128 0x27
 584 007a 19       		.uleb128 0x19
 585 007b 11       		.uleb128 0x11
ARM GAS  C:\Users\IlyR\AppData\Local\Temp\ccPpRNBt.s 			page 13


 586 007c 01       		.uleb128 0x1
 587 007d 12       		.uleb128 0x12
 588 007e 06       		.uleb128 0x6
 589 007f 40       		.uleb128 0x40
 590 0080 18       		.uleb128 0x18
 591 0081 9642     		.uleb128 0x2116
 592 0083 19       		.uleb128 0x19
 593 0084 01       		.uleb128 0x1
 594 0085 13       		.uleb128 0x13
 595 0086 00       		.byte	0
 596 0087 00       		.byte	0
 597 0088 0A       		.uleb128 0xa
 598 0089 34       		.uleb128 0x34
 599 008a 00       		.byte	0
 600 008b 03       		.uleb128 0x3
 601 008c 0E       		.uleb128 0xe
 602 008d 3A       		.uleb128 0x3a
 603 008e 0B       		.uleb128 0xb
 604 008f 3B       		.uleb128 0x3b
 605 0090 0B       		.uleb128 0xb
 606 0091 49       		.uleb128 0x49
 607 0092 13       		.uleb128 0x13
 608 0093 02       		.uleb128 0x2
 609 0094 18       		.uleb128 0x18
 610 0095 00       		.byte	0
 611 0096 00       		.byte	0
 612 0097 0B       		.uleb128 0xb
 613 0098 34       		.uleb128 0x34
 614 0099 00       		.byte	0
 615 009a 03       		.uleb128 0x3
 616 009b 08       		.uleb128 0x8
 617 009c 3A       		.uleb128 0x3a
 618 009d 0B       		.uleb128 0xb
 619 009e 3B       		.uleb128 0x3b
 620 009f 0B       		.uleb128 0xb
 621 00a0 49       		.uleb128 0x49
 622 00a1 13       		.uleb128 0x13
 623 00a2 02       		.uleb128 0x2
 624 00a3 18       		.uleb128 0x18
 625 00a4 00       		.byte	0
 626 00a5 00       		.byte	0
 627 00a6 0C       		.uleb128 0xc
 628 00a7 34       		.uleb128 0x34
 629 00a8 00       		.byte	0
 630 00a9 03       		.uleb128 0x3
 631 00aa 0E       		.uleb128 0xe
 632 00ab 3A       		.uleb128 0x3a
 633 00ac 0B       		.uleb128 0xb
 634 00ad 3B       		.uleb128 0x3b
 635 00ae 0B       		.uleb128 0xb
 636 00af 49       		.uleb128 0x49
 637 00b0 13       		.uleb128 0x13
 638 00b1 3F       		.uleb128 0x3f
 639 00b2 19       		.uleb128 0x19
 640 00b3 02       		.uleb128 0x2
 641 00b4 18       		.uleb128 0x18
 642 00b5 00       		.byte	0
ARM GAS  C:\Users\IlyR\AppData\Local\Temp\ccPpRNBt.s 			page 14


 643 00b6 00       		.byte	0
 644 00b7 0D       		.uleb128 0xd
 645 00b8 34       		.uleb128 0x34
 646 00b9 00       		.byte	0
 647 00ba 03       		.uleb128 0x3
 648 00bb 0E       		.uleb128 0xe
 649 00bc 3A       		.uleb128 0x3a
 650 00bd 0B       		.uleb128 0xb
 651 00be 3B       		.uleb128 0x3b
 652 00bf 0B       		.uleb128 0xb
 653 00c0 49       		.uleb128 0x49
 654 00c1 13       		.uleb128 0x13
 655 00c2 3F       		.uleb128 0x3f
 656 00c3 19       		.uleb128 0x19
 657 00c4 3C       		.uleb128 0x3c
 658 00c5 19       		.uleb128 0x19
 659 00c6 00       		.byte	0
 660 00c7 00       		.byte	0
 661 00c8 00       		.byte	0
 662              		.section	.debug_aranges,"",%progbits
 663 0000 1C000000 		.4byte	0x1c
 664 0004 0200     		.2byte	0x2
 665 0006 00000000 		.4byte	.Ldebug_info0
 666 000a 04       		.byte	0x4
 667 000b 00       		.byte	0
 668 000c 0000     		.2byte	0
 669 000e 0000     		.2byte	0
 670 0010 00000000 		.4byte	.LFB32
 671 0014 10010000 		.4byte	.LFE32-.LFB32
 672 0018 00000000 		.4byte	0
 673 001c 00000000 		.4byte	0
 674              		.section	.debug_ranges,"",%progbits
 675              	.Ldebug_ranges0:
 676 0000 00000000 		.4byte	.LFB32
 677 0004 10010000 		.4byte	.LFE32
 678 0008 00000000 		.4byte	0
 679 000c 00000000 		.4byte	0
 680              		.section	.debug_line,"",%progbits
 681              	.Ldebug_line0:
 682 0000 79000000 		.section	.debug_str,"MS",%progbits,1
 682      02005100 
 682      00000201 
 682      FB0E0D00 
 682      01010101 
 683              	.LASF6:
 684 0000 6C6F6E67 		.ascii	"long long int\000"
 684      206C6F6E 
 684      6720696E 
 684      7400
 685              	.LASF31:
 686 000e 55495F44 		.ascii	"UI_Data\000"
 686      61746100 
 687              	.LASF21:
 688 0016 6D617853 		.ascii	"maxSpeedRpm\000"
 688      70656564 
 688      52706D00 
 689              	.LASF28:
ARM GAS  C:\Users\IlyR\AppData\Local\Temp\ccPpRNBt.s 			page 15


 690 0022 73706565 		.ascii	"speedErr2\000"
 690      64457272 
 690      3200
 691              	.LASF34:
 692 002c 64757479 		.ascii	"dutyCycle\000"
 692      4379636C 
 692      6500
 693              	.LASF22:
 694 0036 6D696E53 		.ascii	"minSpeedRpm\000"
 694      70656564 
 694      52706D00 
 695              	.LASF20:
 696 0042 73706565 		.ascii	"speedRpmRef\000"
 696      6452706D 
 696      52656600 
 697              	.LASF3:
 698 004e 73686F72 		.ascii	"short unsigned int\000"
 698      7420756E 
 698      7369676E 
 698      65642069 
 698      6E7400
 699              	.LASF23:
 700 0061 706F6C65 		.ascii	"polePairs\000"
 700      50616972 
 700      7300
 701              	.LASF13:
 702 006b 666C6F61 		.ascii	"float\000"
 702      7400
 703              	.LASF38:
 704 0071 53706565 		.ascii	"SpeedPID\000"
 704      64504944 
 704      00
 705              	.LASF33:
 706 007a 73706565 		.ascii	"speedCur\000"
 706      64437572 
 706      00
 707              	.LASF18:
 708 0083 67656172 		.ascii	"gearRatio\000"
 708      52617469 
 708      6F00
 709              	.LASF11:
 710 008d 696E7431 		.ascii	"int16\000"
 710      3600
 711              	.LASF5:
 712 0093 6C6F6E67 		.ascii	"long unsigned int\000"
 712      20756E73 
 712      69676E65 
 712      6420696E 
 712      7400
 713              	.LASF12:
 714 00a5 696E7433 		.ascii	"int32\000"
 714      3200
 715              	.LASF35:
 716 00ab 474E5520 		.ascii	"GNU C11 5.4.1 20160609 (release) [ARM/embedded-5-br"
 716      43313120 
 716      352E342E 
 716      31203230 
ARM GAS  C:\Users\IlyR\AppData\Local\Temp\ccPpRNBt.s 			page 16


 716      31363036 
 717 00de 616E6368 		.ascii	"anch revision 237715] -mcpu=cortex-m0 -mthumb -g -O"
 717      20726576 
 717      6973696F 
 717      6E203233 
 717      37373135 
 718 0111 30202D66 		.ascii	"0 -ffunction-sections -ffat-lto-objects\000"
 718      66756E63 
 718      74696F6E 
 718      2D736563 
 718      74696F6E 
 719              	.LASF26:
 720 0139 73706565 		.ascii	"speedErr\000"
 720      64457272 
 720      00
 721              	.LASF1:
 722 0142 756E7369 		.ascii	"unsigned char\000"
 722      676E6564 
 722      20636861 
 722      7200
 723              	.LASF14:
 724 0150 646F7562 		.ascii	"double\000"
 724      6C6500
 725              	.LASF2:
 726 0157 73686F72 		.ascii	"short int\000"
 726      7420696E 
 726      7400
 727              	.LASF27:
 728 0161 73706565 		.ascii	"speedErrPrev\000"
 728      64457272 
 728      50726576 
 728      00
 729              	.LASF10:
 730 016e 75696E74 		.ascii	"uint16\000"
 730      313600
 731              	.LASF30:
 732 0175 70694F75 		.ascii	"piOut\000"
 732      7400
 733              	.LASF24:
 734 017b 6D617843 		.ascii	"maxCurr\000"
 734      75727200 
 735              	.LASF8:
 736 0183 756E7369 		.ascii	"unsigned int\000"
 736      676E6564 
 736      20696E74 
 736      00
 737              	.LASF7:
 738 0190 6C6F6E67 		.ascii	"long long unsigned int\000"
 738      206C6F6E 
 738      6720756E 
 738      7369676E 
 738      65642069 
 739              	.LASF29:
 740 01a7 72657375 		.ascii	"result\000"
 740      6C7400
 741              	.LASF17:
 742 01ae 73697A65 		.ascii	"sizetype\000"
ARM GAS  C:\Users\IlyR\AppData\Local\Temp\ccPpRNBt.s 			page 17


 742      74797065 
 742      00
 743              	.LASF37:
 744 01b7 433A5C55 		.ascii	"C:\\Users\\IlyR\\OneDrive - The University of Manch"
 744      73657273 
 744      5C496C79 
 744      525C4F6E 
 744      65447269 
 745 01e7 65737465 		.ascii	"ester\\EEE MTE SEM2\\3YP\\control\\speed_control_v1"
 745      725C4545 
 745      45204D54 
 745      45205345 
 745      4D325C33 
 746 0216 5C53656E 		.ascii	"\\Sensored BLDC Motor Control\\Sensored BLDC Motor "
 746      736F7265 
 746      6420424C 
 746      4443204D 
 746      6F746F72 
 747 0247 436F6E74 		.ascii	"Control.cydsn\000"
 747      726F6C2E 
 747      63796473 
 747      6E00
 748              	.LASF15:
 749 0255 63686172 		.ascii	"char\000"
 749      00
 750              	.LASF25:
 751 025a 55495F44 		.ascii	"UI_DATA\000"
 751      41544100 
 752              	.LASF19:
 753 0262 73706565 		.ascii	"speedRpm\000"
 753      6452706D 
 753      00
 754              	.LASF9:
 755 026b 75696E74 		.ascii	"uint8\000"
 755      3800
 756              	.LASF36:
 757 0271 73706565 		.ascii	"speedloop.c\000"
 757      646C6F6F 
 757      702E6300 
 758              	.LASF4:
 759 027d 6C6F6E67 		.ascii	"long int\000"
 759      20696E74 
 759      00
 760              	.LASF16:
 761 0286 6C6F6E67 		.ascii	"long double\000"
 761      20646F75 
 761      626C6500 
 762              	.LASF0:
 763 0292 7369676E 		.ascii	"signed char\000"
 763      65642063 
 763      68617200 
 764              	.LASF32:
 765 029e 73706565 		.ascii	"speedRef\000"
 765      64526566 
 765      00
 766              		.ident	"GCC: (GNU Tools for ARM Embedded Processors) 5.4.1 20160609 (release) [ARM/embedded-5-bran
