ARM GAS  C:\Users\IlyR\AppData\Local\Temp\ccnGizqg.s 			page 1


   1              		.syntax unified
   2              		.cpu cortex-m0
   3              		.fpu softvfp
   4              		.eabi_attribute 20, 1
   5              		.eabi_attribute 21, 1
   6              		.eabi_attribute 23, 3
   7              		.eabi_attribute 24, 1
   8              		.eabi_attribute 25, 1
   9              		.eabi_attribute 26, 1
  10              		.eabi_attribute 30, 6
  11              		.eabi_attribute 34, 0
  12              		.eabi_attribute 18, 4
  13              		.thumb
  14              		.syntax unified
  15              		.file	"Timer_1_PM.c"
  16              		.text
  17              	.Ltext0:
  18              		.cfi_sections	.debug_frame
  19              		.bss
  20              		.align	2
  21              	Timer_1_backup:
  22 0000 00000000 		.space	6
  22      0000
  23              		.section	.text.Timer_1_SaveConfig,"ax",%progbits
  24              		.align	2
  25              		.global	Timer_1_SaveConfig
  26              		.code	16
  27              		.thumb_func
  28              		.type	Timer_1_SaveConfig, %function
  29              	Timer_1_SaveConfig:
  30              	.LFB0:
  31              		.file 1 "Generated_Source\\PSoC4\\Timer_1_PM.c"
   1:Generated_Source\PSoC4/Timer_1_PM.c **** /*******************************************************************************
   2:Generated_Source\PSoC4/Timer_1_PM.c **** * File Name: Timer_1_PM.c
   3:Generated_Source\PSoC4/Timer_1_PM.c **** * Version 2.80
   4:Generated_Source\PSoC4/Timer_1_PM.c **** *
   5:Generated_Source\PSoC4/Timer_1_PM.c **** *  Description:
   6:Generated_Source\PSoC4/Timer_1_PM.c **** *     This file provides the power management source code to API for the
   7:Generated_Source\PSoC4/Timer_1_PM.c **** *     Timer.
   8:Generated_Source\PSoC4/Timer_1_PM.c **** *
   9:Generated_Source\PSoC4/Timer_1_PM.c **** *   Note:
  10:Generated_Source\PSoC4/Timer_1_PM.c **** *     None
  11:Generated_Source\PSoC4/Timer_1_PM.c **** *
  12:Generated_Source\PSoC4/Timer_1_PM.c **** *******************************************************************************
  13:Generated_Source\PSoC4/Timer_1_PM.c **** * Copyright 2008-2017, Cypress Semiconductor Corporation.  All rights reserved.
  14:Generated_Source\PSoC4/Timer_1_PM.c **** * You may use this file only in accordance with the license, terms, conditions,
  15:Generated_Source\PSoC4/Timer_1_PM.c **** * disclaimers, and limitations in the end user license agreement accompanying
  16:Generated_Source\PSoC4/Timer_1_PM.c **** * the software package with which this file was provided.
  17:Generated_Source\PSoC4/Timer_1_PM.c **** ********************************************************************************/
  18:Generated_Source\PSoC4/Timer_1_PM.c **** 
  19:Generated_Source\PSoC4/Timer_1_PM.c **** #include "Timer_1.h"
  20:Generated_Source\PSoC4/Timer_1_PM.c **** 
  21:Generated_Source\PSoC4/Timer_1_PM.c **** static Timer_1_backupStruct Timer_1_backup;
  22:Generated_Source\PSoC4/Timer_1_PM.c **** 
  23:Generated_Source\PSoC4/Timer_1_PM.c **** 
  24:Generated_Source\PSoC4/Timer_1_PM.c **** /*******************************************************************************
  25:Generated_Source\PSoC4/Timer_1_PM.c **** * Function Name: Timer_1_SaveConfig
ARM GAS  C:\Users\IlyR\AppData\Local\Temp\ccnGizqg.s 			page 2


  26:Generated_Source\PSoC4/Timer_1_PM.c **** ********************************************************************************
  27:Generated_Source\PSoC4/Timer_1_PM.c **** *
  28:Generated_Source\PSoC4/Timer_1_PM.c **** * Summary:
  29:Generated_Source\PSoC4/Timer_1_PM.c **** *     Save the current user configuration
  30:Generated_Source\PSoC4/Timer_1_PM.c **** *
  31:Generated_Source\PSoC4/Timer_1_PM.c **** * Parameters:
  32:Generated_Source\PSoC4/Timer_1_PM.c **** *  void
  33:Generated_Source\PSoC4/Timer_1_PM.c **** *
  34:Generated_Source\PSoC4/Timer_1_PM.c **** * Return:
  35:Generated_Source\PSoC4/Timer_1_PM.c **** *  void
  36:Generated_Source\PSoC4/Timer_1_PM.c **** *
  37:Generated_Source\PSoC4/Timer_1_PM.c **** * Global variables:
  38:Generated_Source\PSoC4/Timer_1_PM.c **** *  Timer_1_backup:  Variables of this global structure are modified to
  39:Generated_Source\PSoC4/Timer_1_PM.c **** *  store the values of non retention configuration registers when Sleep() API is
  40:Generated_Source\PSoC4/Timer_1_PM.c **** *  called.
  41:Generated_Source\PSoC4/Timer_1_PM.c **** *
  42:Generated_Source\PSoC4/Timer_1_PM.c **** *******************************************************************************/
  43:Generated_Source\PSoC4/Timer_1_PM.c **** void Timer_1_SaveConfig(void) 
  44:Generated_Source\PSoC4/Timer_1_PM.c **** {
  32              		.loc 1 44 0
  33              		.cfi_startproc
  34              		@ args = 0, pretend = 0, frame = 0
  35              		@ frame_needed = 1, uses_anonymous_args = 0
  36 0000 80B5     		push	{r7, lr}
  37              		.cfi_def_cfa_offset 8
  38              		.cfi_offset 7, -8
  39              		.cfi_offset 14, -4
  40 0002 00AF     		add	r7, sp, #0
  41              		.cfi_def_cfa_register 7
  45:Generated_Source\PSoC4/Timer_1_PM.c ****     #if (!Timer_1_UsingFixedFunction)
  46:Generated_Source\PSoC4/Timer_1_PM.c ****         Timer_1_backup.TimerUdb = Timer_1_ReadCounter();
  42              		.loc 1 46 0
  43 0004 FFF7FEFF 		bl	Timer_1_ReadCounter
  44 0008 0300     		movs	r3, r0
  45 000a 1A00     		movs	r2, r3
  46 000c 074B     		ldr	r3, .L2
  47 000e 5A80     		strh	r2, [r3, #2]
  47:Generated_Source\PSoC4/Timer_1_PM.c ****         Timer_1_backup.InterruptMaskValue = Timer_1_STATUS_MASK;
  48              		.loc 1 47 0
  49 0010 074B     		ldr	r3, .L2+4
  50 0012 1B78     		ldrb	r3, [r3]
  51 0014 DAB2     		uxtb	r2, r3
  52 0016 054B     		ldr	r3, .L2
  53 0018 1A71     		strb	r2, [r3, #4]
  48:Generated_Source\PSoC4/Timer_1_PM.c ****         #if (Timer_1_UsingHWCaptureCounter)
  49:Generated_Source\PSoC4/Timer_1_PM.c ****             Timer_1_backup.TimerCaptureCounter = Timer_1_ReadCaptureCount();
  50:Generated_Source\PSoC4/Timer_1_PM.c ****         #endif /* Back Up capture counter register  */
  51:Generated_Source\PSoC4/Timer_1_PM.c **** 
  52:Generated_Source\PSoC4/Timer_1_PM.c ****         #if(!Timer_1_UDB_CONTROL_REG_REMOVED)
  53:Generated_Source\PSoC4/Timer_1_PM.c ****             Timer_1_backup.TimerControlRegister = Timer_1_ReadControlRegister();
  54              		.loc 1 53 0
  55 001a FFF7FEFF 		bl	Timer_1_ReadControlRegister
  56 001e 0300     		movs	r3, r0
  57 0020 1A00     		movs	r2, r3
  58 0022 024B     		ldr	r3, .L2
  59 0024 5A71     		strb	r2, [r3, #5]
  54:Generated_Source\PSoC4/Timer_1_PM.c ****         #endif /* Backup the enable state of the Timer component */
ARM GAS  C:\Users\IlyR\AppData\Local\Temp\ccnGizqg.s 			page 3


  55:Generated_Source\PSoC4/Timer_1_PM.c ****     #endif /* Backup non retention registers in UDB implementation. All fixed function registers ar
  56:Generated_Source\PSoC4/Timer_1_PM.c **** }
  60              		.loc 1 56 0
  61 0026 C046     		nop
  62 0028 BD46     		mov	sp, r7
  63              		@ sp needed
  64 002a 80BD     		pop	{r7, pc}
  65              	.L3:
  66              		.align	2
  67              	.L2:
  68 002c 00000000 		.word	Timer_1_backup
  69 0030 83000F40 		.word	1074724995
  70              		.cfi_endproc
  71              	.LFE0:
  72              		.size	Timer_1_SaveConfig, .-Timer_1_SaveConfig
  73              		.section	.text.Timer_1_RestoreConfig,"ax",%progbits
  74              		.align	2
  75              		.global	Timer_1_RestoreConfig
  76              		.code	16
  77              		.thumb_func
  78              		.type	Timer_1_RestoreConfig, %function
  79              	Timer_1_RestoreConfig:
  80              	.LFB1:
  57:Generated_Source\PSoC4/Timer_1_PM.c **** 
  58:Generated_Source\PSoC4/Timer_1_PM.c **** 
  59:Generated_Source\PSoC4/Timer_1_PM.c **** /*******************************************************************************
  60:Generated_Source\PSoC4/Timer_1_PM.c **** * Function Name: Timer_1_RestoreConfig
  61:Generated_Source\PSoC4/Timer_1_PM.c **** ********************************************************************************
  62:Generated_Source\PSoC4/Timer_1_PM.c **** *
  63:Generated_Source\PSoC4/Timer_1_PM.c **** * Summary:
  64:Generated_Source\PSoC4/Timer_1_PM.c **** *  Restores the current user configuration.
  65:Generated_Source\PSoC4/Timer_1_PM.c **** *
  66:Generated_Source\PSoC4/Timer_1_PM.c **** * Parameters:
  67:Generated_Source\PSoC4/Timer_1_PM.c **** *  void
  68:Generated_Source\PSoC4/Timer_1_PM.c **** *
  69:Generated_Source\PSoC4/Timer_1_PM.c **** * Return:
  70:Generated_Source\PSoC4/Timer_1_PM.c **** *  void
  71:Generated_Source\PSoC4/Timer_1_PM.c **** *
  72:Generated_Source\PSoC4/Timer_1_PM.c **** * Global variables:
  73:Generated_Source\PSoC4/Timer_1_PM.c **** *  Timer_1_backup:  Variables of this global structure are used to
  74:Generated_Source\PSoC4/Timer_1_PM.c **** *  restore the values of non retention registers on wakeup from sleep mode.
  75:Generated_Source\PSoC4/Timer_1_PM.c **** *
  76:Generated_Source\PSoC4/Timer_1_PM.c **** *******************************************************************************/
  77:Generated_Source\PSoC4/Timer_1_PM.c **** void Timer_1_RestoreConfig(void) 
  78:Generated_Source\PSoC4/Timer_1_PM.c **** {   
  81              		.loc 1 78 0
  82              		.cfi_startproc
  83              		@ args = 0, pretend = 0, frame = 0
  84              		@ frame_needed = 1, uses_anonymous_args = 0
  85 0000 80B5     		push	{r7, lr}
  86              		.cfi_def_cfa_offset 8
  87              		.cfi_offset 7, -8
  88              		.cfi_offset 14, -4
  89 0002 00AF     		add	r7, sp, #0
  90              		.cfi_def_cfa_register 7
  79:Generated_Source\PSoC4/Timer_1_PM.c ****     #if (!Timer_1_UsingFixedFunction)
  80:Generated_Source\PSoC4/Timer_1_PM.c **** 
ARM GAS  C:\Users\IlyR\AppData\Local\Temp\ccnGizqg.s 			page 4


  81:Generated_Source\PSoC4/Timer_1_PM.c ****         Timer_1_WriteCounter(Timer_1_backup.TimerUdb);
  91              		.loc 1 81 0
  92 0004 084B     		ldr	r3, .L5
  93 0006 5B88     		ldrh	r3, [r3, #2]
  94 0008 1800     		movs	r0, r3
  95 000a FFF7FEFF 		bl	Timer_1_WriteCounter
  82:Generated_Source\PSoC4/Timer_1_PM.c ****         Timer_1_STATUS_MASK =Timer_1_backup.InterruptMaskValue;
  96              		.loc 1 82 0
  97 000e 074A     		ldr	r2, .L5+4
  98 0010 054B     		ldr	r3, .L5
  99 0012 1B79     		ldrb	r3, [r3, #4]
 100 0014 1370     		strb	r3, [r2]
  83:Generated_Source\PSoC4/Timer_1_PM.c ****         #if (Timer_1_UsingHWCaptureCounter)
  84:Generated_Source\PSoC4/Timer_1_PM.c ****             Timer_1_SetCaptureCount(Timer_1_backup.TimerCaptureCounter);
  85:Generated_Source\PSoC4/Timer_1_PM.c ****         #endif /* Restore Capture counter register*/
  86:Generated_Source\PSoC4/Timer_1_PM.c **** 
  87:Generated_Source\PSoC4/Timer_1_PM.c ****         #if(!Timer_1_UDB_CONTROL_REG_REMOVED)
  88:Generated_Source\PSoC4/Timer_1_PM.c ****             Timer_1_WriteControlRegister(Timer_1_backup.TimerControlRegister);
 101              		.loc 1 88 0
 102 0016 044B     		ldr	r3, .L5
 103 0018 5B79     		ldrb	r3, [r3, #5]
 104 001a 1800     		movs	r0, r3
 105 001c FFF7FEFF 		bl	Timer_1_WriteControlRegister
  89:Generated_Source\PSoC4/Timer_1_PM.c ****         #endif /* Restore the enable state of the Timer component */
  90:Generated_Source\PSoC4/Timer_1_PM.c ****     #endif /* Restore non retention registers in the UDB implementation only */
  91:Generated_Source\PSoC4/Timer_1_PM.c **** }
 106              		.loc 1 91 0
 107 0020 C046     		nop
 108 0022 BD46     		mov	sp, r7
 109              		@ sp needed
 110 0024 80BD     		pop	{r7, pc}
 111              	.L6:
 112 0026 C046     		.align	2
 113              	.L5:
 114 0028 00000000 		.word	Timer_1_backup
 115 002c 83000F40 		.word	1074724995
 116              		.cfi_endproc
 117              	.LFE1:
 118              		.size	Timer_1_RestoreConfig, .-Timer_1_RestoreConfig
 119              		.section	.text.Timer_1_Sleep,"ax",%progbits
 120              		.align	2
 121              		.global	Timer_1_Sleep
 122              		.code	16
 123              		.thumb_func
 124              		.type	Timer_1_Sleep, %function
 125              	Timer_1_Sleep:
 126              	.LFB2:
  92:Generated_Source\PSoC4/Timer_1_PM.c **** 
  93:Generated_Source\PSoC4/Timer_1_PM.c **** 
  94:Generated_Source\PSoC4/Timer_1_PM.c **** /*******************************************************************************
  95:Generated_Source\PSoC4/Timer_1_PM.c **** * Function Name: Timer_1_Sleep
  96:Generated_Source\PSoC4/Timer_1_PM.c **** ********************************************************************************
  97:Generated_Source\PSoC4/Timer_1_PM.c **** *
  98:Generated_Source\PSoC4/Timer_1_PM.c **** * Summary:
  99:Generated_Source\PSoC4/Timer_1_PM.c **** *     Stop and Save the user configuration
 100:Generated_Source\PSoC4/Timer_1_PM.c **** *
 101:Generated_Source\PSoC4/Timer_1_PM.c **** * Parameters:
ARM GAS  C:\Users\IlyR\AppData\Local\Temp\ccnGizqg.s 			page 5


 102:Generated_Source\PSoC4/Timer_1_PM.c **** *  void
 103:Generated_Source\PSoC4/Timer_1_PM.c **** *
 104:Generated_Source\PSoC4/Timer_1_PM.c **** * Return:
 105:Generated_Source\PSoC4/Timer_1_PM.c **** *  void
 106:Generated_Source\PSoC4/Timer_1_PM.c **** *
 107:Generated_Source\PSoC4/Timer_1_PM.c **** * Global variables:
 108:Generated_Source\PSoC4/Timer_1_PM.c **** *  Timer_1_backup.TimerEnableState:  Is modified depending on the
 109:Generated_Source\PSoC4/Timer_1_PM.c **** *  enable state of the block before entering sleep mode.
 110:Generated_Source\PSoC4/Timer_1_PM.c **** *
 111:Generated_Source\PSoC4/Timer_1_PM.c **** *******************************************************************************/
 112:Generated_Source\PSoC4/Timer_1_PM.c **** void Timer_1_Sleep(void) 
 113:Generated_Source\PSoC4/Timer_1_PM.c **** {
 127              		.loc 1 113 0
 128              		.cfi_startproc
 129              		@ args = 0, pretend = 0, frame = 0
 130              		@ frame_needed = 1, uses_anonymous_args = 0
 131 0000 80B5     		push	{r7, lr}
 132              		.cfi_def_cfa_offset 8
 133              		.cfi_offset 7, -8
 134              		.cfi_offset 14, -4
 135 0002 00AF     		add	r7, sp, #0
 136              		.cfi_def_cfa_register 7
 114:Generated_Source\PSoC4/Timer_1_PM.c ****     #if(!Timer_1_UDB_CONTROL_REG_REMOVED)
 115:Generated_Source\PSoC4/Timer_1_PM.c ****         /* Save Counter's enable state */
 116:Generated_Source\PSoC4/Timer_1_PM.c ****         if(Timer_1_CTRL_ENABLE == (Timer_1_CONTROL & Timer_1_CTRL_ENABLE))
 137              		.loc 1 116 0
 138 0004 094B     		ldr	r3, .L10
 139 0006 1B78     		ldrb	r3, [r3]
 140 0008 DBB2     		uxtb	r3, r3
 141 000a 5BB2     		sxtb	r3, r3
 142 000c 002B     		cmp	r3, #0
 143 000e 03DA     		bge	.L8
 117:Generated_Source\PSoC4/Timer_1_PM.c ****         {
 118:Generated_Source\PSoC4/Timer_1_PM.c ****             /* Timer is enabled */
 119:Generated_Source\PSoC4/Timer_1_PM.c ****             Timer_1_backup.TimerEnableState = 1u;
 144              		.loc 1 119 0
 145 0010 074B     		ldr	r3, .L10+4
 146 0012 0122     		movs	r2, #1
 147 0014 1A70     		strb	r2, [r3]
 148 0016 02E0     		b	.L9
 149              	.L8:
 120:Generated_Source\PSoC4/Timer_1_PM.c ****         }
 121:Generated_Source\PSoC4/Timer_1_PM.c ****         else
 122:Generated_Source\PSoC4/Timer_1_PM.c ****         {
 123:Generated_Source\PSoC4/Timer_1_PM.c ****             /* Timer is disabled */
 124:Generated_Source\PSoC4/Timer_1_PM.c ****             Timer_1_backup.TimerEnableState = 0u;
 150              		.loc 1 124 0
 151 0018 054B     		ldr	r3, .L10+4
 152 001a 0022     		movs	r2, #0
 153 001c 1A70     		strb	r2, [r3]
 154              	.L9:
 125:Generated_Source\PSoC4/Timer_1_PM.c ****         }
 126:Generated_Source\PSoC4/Timer_1_PM.c ****     #endif /* Back up enable state from the Timer control register */
 127:Generated_Source\PSoC4/Timer_1_PM.c ****     Timer_1_Stop();
 155              		.loc 1 127 0
 156 001e FFF7FEFF 		bl	Timer_1_Stop
 128:Generated_Source\PSoC4/Timer_1_PM.c ****     Timer_1_SaveConfig();
ARM GAS  C:\Users\IlyR\AppData\Local\Temp\ccnGizqg.s 			page 6


 157              		.loc 1 128 0
 158 0022 FFF7FEFF 		bl	Timer_1_SaveConfig
 129:Generated_Source\PSoC4/Timer_1_PM.c **** }
 159              		.loc 1 129 0
 160 0026 C046     		nop
 161 0028 BD46     		mov	sp, r7
 162              		@ sp needed
 163 002a 80BD     		pop	{r7, pc}
 164              	.L11:
 165              		.align	2
 166              	.L10:
 167 002c 72000F40 		.word	1074724978
 168 0030 00000000 		.word	Timer_1_backup
 169              		.cfi_endproc
 170              	.LFE2:
 171              		.size	Timer_1_Sleep, .-Timer_1_Sleep
 172              		.section	.text.Timer_1_Wakeup,"ax",%progbits
 173              		.align	2
 174              		.global	Timer_1_Wakeup
 175              		.code	16
 176              		.thumb_func
 177              		.type	Timer_1_Wakeup, %function
 178              	Timer_1_Wakeup:
 179              	.LFB3:
 130:Generated_Source\PSoC4/Timer_1_PM.c **** 
 131:Generated_Source\PSoC4/Timer_1_PM.c **** 
 132:Generated_Source\PSoC4/Timer_1_PM.c **** /*******************************************************************************
 133:Generated_Source\PSoC4/Timer_1_PM.c **** * Function Name: Timer_1_Wakeup
 134:Generated_Source\PSoC4/Timer_1_PM.c **** ********************************************************************************
 135:Generated_Source\PSoC4/Timer_1_PM.c **** *
 136:Generated_Source\PSoC4/Timer_1_PM.c **** * Summary:
 137:Generated_Source\PSoC4/Timer_1_PM.c **** *  Restores and enables the user configuration
 138:Generated_Source\PSoC4/Timer_1_PM.c **** *
 139:Generated_Source\PSoC4/Timer_1_PM.c **** * Parameters:
 140:Generated_Source\PSoC4/Timer_1_PM.c **** *  void
 141:Generated_Source\PSoC4/Timer_1_PM.c **** *
 142:Generated_Source\PSoC4/Timer_1_PM.c **** * Return:
 143:Generated_Source\PSoC4/Timer_1_PM.c **** *  void
 144:Generated_Source\PSoC4/Timer_1_PM.c **** *
 145:Generated_Source\PSoC4/Timer_1_PM.c **** * Global variables:
 146:Generated_Source\PSoC4/Timer_1_PM.c **** *  Timer_1_backup.enableState:  Is used to restore the enable state of
 147:Generated_Source\PSoC4/Timer_1_PM.c **** *  block on wakeup from sleep mode.
 148:Generated_Source\PSoC4/Timer_1_PM.c **** *
 149:Generated_Source\PSoC4/Timer_1_PM.c **** *******************************************************************************/
 150:Generated_Source\PSoC4/Timer_1_PM.c **** void Timer_1_Wakeup(void) 
 151:Generated_Source\PSoC4/Timer_1_PM.c **** {
 180              		.loc 1 151 0
 181              		.cfi_startproc
 182              		@ args = 0, pretend = 0, frame = 0
 183              		@ frame_needed = 1, uses_anonymous_args = 0
 184 0000 80B5     		push	{r7, lr}
 185              		.cfi_def_cfa_offset 8
 186              		.cfi_offset 7, -8
 187              		.cfi_offset 14, -4
 188 0002 00AF     		add	r7, sp, #0
 189              		.cfi_def_cfa_register 7
 152:Generated_Source\PSoC4/Timer_1_PM.c ****     Timer_1_RestoreConfig();
ARM GAS  C:\Users\IlyR\AppData\Local\Temp\ccnGizqg.s 			page 7


 190              		.loc 1 152 0
 191 0004 FFF7FEFF 		bl	Timer_1_RestoreConfig
 153:Generated_Source\PSoC4/Timer_1_PM.c ****     #if(!Timer_1_UDB_CONTROL_REG_REMOVED)
 154:Generated_Source\PSoC4/Timer_1_PM.c ****         if(Timer_1_backup.TimerEnableState == 1u)
 192              		.loc 1 154 0
 193 0008 044B     		ldr	r3, .L15
 194 000a 1B78     		ldrb	r3, [r3]
 195 000c 012B     		cmp	r3, #1
 196 000e 01D1     		bne	.L14
 155:Generated_Source\PSoC4/Timer_1_PM.c ****         {     /* Enable Timer's operation */
 156:Generated_Source\PSoC4/Timer_1_PM.c ****                 Timer_1_Enable();
 197              		.loc 1 156 0
 198 0010 FFF7FEFF 		bl	Timer_1_Enable
 199              	.L14:
 157:Generated_Source\PSoC4/Timer_1_PM.c ****         } /* Do nothing if Timer was disabled before */
 158:Generated_Source\PSoC4/Timer_1_PM.c ****     #endif /* Remove this code section if Control register is removed */
 159:Generated_Source\PSoC4/Timer_1_PM.c **** }
 200              		.loc 1 159 0
 201 0014 C046     		nop
 202 0016 BD46     		mov	sp, r7
 203              		@ sp needed
 204 0018 80BD     		pop	{r7, pc}
 205              	.L16:
 206 001a C046     		.align	2
 207              	.L15:
 208 001c 00000000 		.word	Timer_1_backup
 209              		.cfi_endproc
 210              	.LFE3:
 211              		.size	Timer_1_Wakeup, .-Timer_1_Wakeup
 212              		.text
 213              	.Letext0:
 214              		.file 2 "Generated_Source\\PSoC4\\cytypes.h"
 215              		.file 3 "Generated_Source\\PSoC4\\Timer_1.h"
 216              		.section	.debug_info,"",%progbits
 217              	.Ldebug_info0:
 218 0000 4D010000 		.4byte	0x14d
 219 0004 0400     		.2byte	0x4
 220 0006 00000000 		.4byte	.Ldebug_abbrev0
 221 000a 04       		.byte	0x4
 222 000b 01       		.uleb128 0x1
 223 000c 94000000 		.4byte	.LASF26
 224 0010 0C       		.byte	0xc
 225 0011 B6010000 		.4byte	.LASF27
 226 0015 6A010000 		.4byte	.LASF28
 227 0019 00000000 		.4byte	.Ldebug_ranges0+0
 228 001d 00000000 		.4byte	0
 229 0021 00000000 		.4byte	.Ldebug_line0
 230 0025 02       		.uleb128 0x2
 231 0026 01       		.byte	0x1
 232 0027 06       		.byte	0x6
 233 0028 17020000 		.4byte	.LASF0
 234 002c 02       		.uleb128 0x2
 235 002d 01       		.byte	0x1
 236 002e 08       		.byte	0x8
 237 002f 5B000000 		.4byte	.LASF1
 238 0033 02       		.uleb128 0x2
 239 0034 02       		.byte	0x2
ARM GAS  C:\Users\IlyR\AppData\Local\Temp\ccnGizqg.s 			page 8


 240 0035 05       		.byte	0x5
 241 0036 E9010000 		.4byte	.LASF2
 242 003a 02       		.uleb128 0x2
 243 003b 02       		.byte	0x2
 244 003c 07       		.byte	0x7
 245 003d 26000000 		.4byte	.LASF3
 246 0041 02       		.uleb128 0x2
 247 0042 04       		.byte	0x4
 248 0043 05       		.byte	0x5
 249 0044 F3010000 		.4byte	.LASF4
 250 0048 02       		.uleb128 0x2
 251 0049 04       		.byte	0x4
 252 004a 07       		.byte	0x7
 253 004b 6E000000 		.4byte	.LASF5
 254 004f 02       		.uleb128 0x2
 255 0050 08       		.byte	0x8
 256 0051 05       		.byte	0x5
 257 0052 A3010000 		.4byte	.LASF6
 258 0056 02       		.uleb128 0x2
 259 0057 08       		.byte	0x8
 260 0058 07       		.byte	0x7
 261 0059 3D010000 		.4byte	.LASF7
 262 005d 03       		.uleb128 0x3
 263 005e 04       		.byte	0x4
 264 005f 05       		.byte	0x5
 265 0060 696E7400 		.ascii	"int\000"
 266 0064 02       		.uleb128 0x2
 267 0065 04       		.byte	0x4
 268 0066 07       		.byte	0x7
 269 0067 30010000 		.4byte	.LASF8
 270 006b 04       		.uleb128 0x4
 271 006c 8E000000 		.4byte	.LASF9
 272 0070 02       		.byte	0x2
 273 0071 E401     		.2byte	0x1e4
 274 0073 2C000000 		.4byte	0x2c
 275 0077 04       		.uleb128 0x4
 276 0078 29010000 		.4byte	.LASF10
 277 007c 02       		.byte	0x2
 278 007d E501     		.2byte	0x1e5
 279 007f 3A000000 		.4byte	0x3a
 280 0083 02       		.uleb128 0x2
 281 0084 04       		.byte	0x4
 282 0085 04       		.byte	0x4
 283 0086 55000000 		.4byte	.LASF11
 284 008a 02       		.uleb128 0x2
 285 008b 08       		.byte	0x8
 286 008c 04       		.byte	0x4
 287 008d 22010000 		.4byte	.LASF12
 288 0091 02       		.uleb128 0x2
 289 0092 01       		.byte	0x1
 290 0093 08       		.byte	0x8
 291 0094 B1010000 		.4byte	.LASF13
 292 0098 04       		.uleb128 0x4
 293 0099 69000000 		.4byte	.LASF14
 294 009d 02       		.byte	0x2
 295 009e 8E02     		.2byte	0x28e
 296 00a0 A4000000 		.4byte	0xa4
ARM GAS  C:\Users\IlyR\AppData\Local\Temp\ccnGizqg.s 			page 9


 297 00a4 05       		.uleb128 0x5
 298 00a5 6B000000 		.4byte	0x6b
 299 00a9 02       		.uleb128 0x2
 300 00aa 08       		.byte	0x8
 301 00ab 04       		.byte	0x4
 302 00ac 0B020000 		.4byte	.LASF15
 303 00b0 02       		.uleb128 0x2
 304 00b1 04       		.byte	0x4
 305 00b2 07       		.byte	0x7
 306 00b3 9A010000 		.4byte	.LASF16
 307 00b7 06       		.uleb128 0x6
 308 00b8 06       		.byte	0x6
 309 00b9 03       		.byte	0x3
 310 00ba 43       		.byte	0x43
 311 00bb F0000000 		.4byte	0xf0
 312 00bf 07       		.uleb128 0x7
 313 00c0 00000000 		.4byte	.LASF17
 314 00c4 03       		.byte	0x3
 315 00c5 45       		.byte	0x45
 316 00c6 6B000000 		.4byte	0x6b
 317 00ca 00       		.byte	0
 318 00cb 07       		.uleb128 0x7
 319 00cc 4C000000 		.4byte	.LASF18
 320 00d0 03       		.byte	0x3
 321 00d1 48       		.byte	0x48
 322 00d2 77000000 		.4byte	0x77
 323 00d6 02       		.byte	0x2
 324 00d7 07       		.uleb128 0x7
 325 00d8 23020000 		.4byte	.LASF19
 326 00dc 03       		.byte	0x3
 327 00dd 49       		.byte	0x49
 328 00de 6B000000 		.4byte	0x6b
 329 00e2 04       		.byte	0x4
 330 00e3 07       		.uleb128 0x7
 331 00e4 36020000 		.4byte	.LASF20
 332 00e8 03       		.byte	0x3
 333 00e9 4F       		.byte	0x4f
 334 00ea 6B000000 		.4byte	0x6b
 335 00ee 05       		.byte	0x5
 336 00ef 00       		.byte	0
 337 00f0 08       		.uleb128 0x8
 338 00f1 11000000 		.4byte	.LASF21
 339 00f5 03       		.byte	0x3
 340 00f6 53       		.byte	0x53
 341 00f7 B7000000 		.4byte	0xb7
 342 00fb 09       		.uleb128 0x9
 343 00fc 39000000 		.4byte	.LASF22
 344 0100 01       		.byte	0x1
 345 0101 2B       		.byte	0x2b
 346 0102 00000000 		.4byte	.LFB0
 347 0106 34000000 		.4byte	.LFE0-.LFB0
 348 010a 01       		.uleb128 0x1
 349 010b 9C       		.byte	0x9c
 350 010c 09       		.uleb128 0x9
 351 010d 54010000 		.4byte	.LASF23
 352 0111 01       		.byte	0x1
 353 0112 4D       		.byte	0x4d
ARM GAS  C:\Users\IlyR\AppData\Local\Temp\ccnGizqg.s 			page 10


 354 0113 00000000 		.4byte	.LFB1
 355 0117 30000000 		.4byte	.LFE1-.LFB1
 356 011b 01       		.uleb128 0x1
 357 011c 9C       		.byte	0x9c
 358 011d 09       		.uleb128 0x9
 359 011e 80000000 		.4byte	.LASF24
 360 0122 01       		.byte	0x1
 361 0123 70       		.byte	0x70
 362 0124 00000000 		.4byte	.LFB2
 363 0128 34000000 		.4byte	.LFE2-.LFB2
 364 012c 01       		.uleb128 0x1
 365 012d 9C       		.byte	0x9c
 366 012e 09       		.uleb128 0x9
 367 012f FC010000 		.4byte	.LASF25
 368 0133 01       		.byte	0x1
 369 0134 96       		.byte	0x96
 370 0135 00000000 		.4byte	.LFB3
 371 0139 20000000 		.4byte	.LFE3-.LFB3
 372 013d 01       		.uleb128 0x1
 373 013e 9C       		.byte	0x9c
 374 013f 0A       		.uleb128 0xa
 375 0140 DA010000 		.4byte	.LASF29
 376 0144 01       		.byte	0x1
 377 0145 15       		.byte	0x15
 378 0146 F0000000 		.4byte	0xf0
 379 014a 05       		.uleb128 0x5
 380 014b 03       		.byte	0x3
 381 014c 00000000 		.4byte	Timer_1_backup
 382 0150 00       		.byte	0
 383              		.section	.debug_abbrev,"",%progbits
 384              	.Ldebug_abbrev0:
 385 0000 01       		.uleb128 0x1
 386 0001 11       		.uleb128 0x11
 387 0002 01       		.byte	0x1
 388 0003 25       		.uleb128 0x25
 389 0004 0E       		.uleb128 0xe
 390 0005 13       		.uleb128 0x13
 391 0006 0B       		.uleb128 0xb
 392 0007 03       		.uleb128 0x3
 393 0008 0E       		.uleb128 0xe
 394 0009 1B       		.uleb128 0x1b
 395 000a 0E       		.uleb128 0xe
 396 000b 55       		.uleb128 0x55
 397 000c 17       		.uleb128 0x17
 398 000d 11       		.uleb128 0x11
 399 000e 01       		.uleb128 0x1
 400 000f 10       		.uleb128 0x10
 401 0010 17       		.uleb128 0x17
 402 0011 00       		.byte	0
 403 0012 00       		.byte	0
 404 0013 02       		.uleb128 0x2
 405 0014 24       		.uleb128 0x24
 406 0015 00       		.byte	0
 407 0016 0B       		.uleb128 0xb
 408 0017 0B       		.uleb128 0xb
 409 0018 3E       		.uleb128 0x3e
 410 0019 0B       		.uleb128 0xb
ARM GAS  C:\Users\IlyR\AppData\Local\Temp\ccnGizqg.s 			page 11


 411 001a 03       		.uleb128 0x3
 412 001b 0E       		.uleb128 0xe
 413 001c 00       		.byte	0
 414 001d 00       		.byte	0
 415 001e 03       		.uleb128 0x3
 416 001f 24       		.uleb128 0x24
 417 0020 00       		.byte	0
 418 0021 0B       		.uleb128 0xb
 419 0022 0B       		.uleb128 0xb
 420 0023 3E       		.uleb128 0x3e
 421 0024 0B       		.uleb128 0xb
 422 0025 03       		.uleb128 0x3
 423 0026 08       		.uleb128 0x8
 424 0027 00       		.byte	0
 425 0028 00       		.byte	0
 426 0029 04       		.uleb128 0x4
 427 002a 16       		.uleb128 0x16
 428 002b 00       		.byte	0
 429 002c 03       		.uleb128 0x3
 430 002d 0E       		.uleb128 0xe
 431 002e 3A       		.uleb128 0x3a
 432 002f 0B       		.uleb128 0xb
 433 0030 3B       		.uleb128 0x3b
 434 0031 05       		.uleb128 0x5
 435 0032 49       		.uleb128 0x49
 436 0033 13       		.uleb128 0x13
 437 0034 00       		.byte	0
 438 0035 00       		.byte	0
 439 0036 05       		.uleb128 0x5
 440 0037 35       		.uleb128 0x35
 441 0038 00       		.byte	0
 442 0039 49       		.uleb128 0x49
 443 003a 13       		.uleb128 0x13
 444 003b 00       		.byte	0
 445 003c 00       		.byte	0
 446 003d 06       		.uleb128 0x6
 447 003e 13       		.uleb128 0x13
 448 003f 01       		.byte	0x1
 449 0040 0B       		.uleb128 0xb
 450 0041 0B       		.uleb128 0xb
 451 0042 3A       		.uleb128 0x3a
 452 0043 0B       		.uleb128 0xb
 453 0044 3B       		.uleb128 0x3b
 454 0045 0B       		.uleb128 0xb
 455 0046 01       		.uleb128 0x1
 456 0047 13       		.uleb128 0x13
 457 0048 00       		.byte	0
 458 0049 00       		.byte	0
 459 004a 07       		.uleb128 0x7
 460 004b 0D       		.uleb128 0xd
 461 004c 00       		.byte	0
 462 004d 03       		.uleb128 0x3
 463 004e 0E       		.uleb128 0xe
 464 004f 3A       		.uleb128 0x3a
 465 0050 0B       		.uleb128 0xb
 466 0051 3B       		.uleb128 0x3b
 467 0052 0B       		.uleb128 0xb
ARM GAS  C:\Users\IlyR\AppData\Local\Temp\ccnGizqg.s 			page 12


 468 0053 49       		.uleb128 0x49
 469 0054 13       		.uleb128 0x13
 470 0055 38       		.uleb128 0x38
 471 0056 0B       		.uleb128 0xb
 472 0057 00       		.byte	0
 473 0058 00       		.byte	0
 474 0059 08       		.uleb128 0x8
 475 005a 16       		.uleb128 0x16
 476 005b 00       		.byte	0
 477 005c 03       		.uleb128 0x3
 478 005d 0E       		.uleb128 0xe
 479 005e 3A       		.uleb128 0x3a
 480 005f 0B       		.uleb128 0xb
 481 0060 3B       		.uleb128 0x3b
 482 0061 0B       		.uleb128 0xb
 483 0062 49       		.uleb128 0x49
 484 0063 13       		.uleb128 0x13
 485 0064 00       		.byte	0
 486 0065 00       		.byte	0
 487 0066 09       		.uleb128 0x9
 488 0067 2E       		.uleb128 0x2e
 489 0068 00       		.byte	0
 490 0069 3F       		.uleb128 0x3f
 491 006a 19       		.uleb128 0x19
 492 006b 03       		.uleb128 0x3
 493 006c 0E       		.uleb128 0xe
 494 006d 3A       		.uleb128 0x3a
 495 006e 0B       		.uleb128 0xb
 496 006f 3B       		.uleb128 0x3b
 497 0070 0B       		.uleb128 0xb
 498 0071 27       		.uleb128 0x27
 499 0072 19       		.uleb128 0x19
 500 0073 11       		.uleb128 0x11
 501 0074 01       		.uleb128 0x1
 502 0075 12       		.uleb128 0x12
 503 0076 06       		.uleb128 0x6
 504 0077 40       		.uleb128 0x40
 505 0078 18       		.uleb128 0x18
 506 0079 9642     		.uleb128 0x2116
 507 007b 19       		.uleb128 0x19
 508 007c 00       		.byte	0
 509 007d 00       		.byte	0
 510 007e 0A       		.uleb128 0xa
 511 007f 34       		.uleb128 0x34
 512 0080 00       		.byte	0
 513 0081 03       		.uleb128 0x3
 514 0082 0E       		.uleb128 0xe
 515 0083 3A       		.uleb128 0x3a
 516 0084 0B       		.uleb128 0xb
 517 0085 3B       		.uleb128 0x3b
 518 0086 0B       		.uleb128 0xb
 519 0087 49       		.uleb128 0x49
 520 0088 13       		.uleb128 0x13
 521 0089 02       		.uleb128 0x2
 522 008a 18       		.uleb128 0x18
 523 008b 00       		.byte	0
 524 008c 00       		.byte	0
ARM GAS  C:\Users\IlyR\AppData\Local\Temp\ccnGizqg.s 			page 13


 525 008d 00       		.byte	0
 526              		.section	.debug_aranges,"",%progbits
 527 0000 34000000 		.4byte	0x34
 528 0004 0200     		.2byte	0x2
 529 0006 00000000 		.4byte	.Ldebug_info0
 530 000a 04       		.byte	0x4
 531 000b 00       		.byte	0
 532 000c 0000     		.2byte	0
 533 000e 0000     		.2byte	0
 534 0010 00000000 		.4byte	.LFB0
 535 0014 34000000 		.4byte	.LFE0-.LFB0
 536 0018 00000000 		.4byte	.LFB1
 537 001c 30000000 		.4byte	.LFE1-.LFB1
 538 0020 00000000 		.4byte	.LFB2
 539 0024 34000000 		.4byte	.LFE2-.LFB2
 540 0028 00000000 		.4byte	.LFB3
 541 002c 20000000 		.4byte	.LFE3-.LFB3
 542 0030 00000000 		.4byte	0
 543 0034 00000000 		.4byte	0
 544              		.section	.debug_ranges,"",%progbits
 545              	.Ldebug_ranges0:
 546 0000 00000000 		.4byte	.LFB0
 547 0004 34000000 		.4byte	.LFE0
 548 0008 00000000 		.4byte	.LFB1
 549 000c 30000000 		.4byte	.LFE1
 550 0010 00000000 		.4byte	.LFB2
 551 0014 34000000 		.4byte	.LFE2
 552 0018 00000000 		.4byte	.LFB3
 553 001c 20000000 		.4byte	.LFE3
 554 0020 00000000 		.4byte	0
 555 0024 00000000 		.4byte	0
 556              		.section	.debug_line,"",%progbits
 557              	.Ldebug_line0:
 558 0000 AB000000 		.section	.debug_str,"MS",%progbits,1
 558      02005400 
 558      00000201 
 558      FB0E0D00 
 558      01010101 
 559              	.LASF17:
 560 0000 54696D65 		.ascii	"TimerEnableState\000"
 560      72456E61 
 560      626C6553 
 560      74617465 
 560      00
 561              	.LASF21:
 562 0011 54696D65 		.ascii	"Timer_1_backupStruct\000"
 562      725F315F 
 562      6261636B 
 562      75705374 
 562      72756374 
 563              	.LASF3:
 564 0026 73686F72 		.ascii	"short unsigned int\000"
 564      7420756E 
 564      7369676E 
 564      65642069 
 564      6E7400
 565              	.LASF22:
ARM GAS  C:\Users\IlyR\AppData\Local\Temp\ccnGizqg.s 			page 14


 566 0039 54696D65 		.ascii	"Timer_1_SaveConfig\000"
 566      725F315F 
 566      53617665 
 566      436F6E66 
 566      696700
 567              	.LASF18:
 568 004c 54696D65 		.ascii	"TimerUdb\000"
 568      72556462 
 568      00
 569              	.LASF11:
 570 0055 666C6F61 		.ascii	"float\000"
 570      7400
 571              	.LASF1:
 572 005b 756E7369 		.ascii	"unsigned char\000"
 572      676E6564 
 572      20636861 
 572      7200
 573              	.LASF14:
 574 0069 72656738 		.ascii	"reg8\000"
 574      00
 575              	.LASF5:
 576 006e 6C6F6E67 		.ascii	"long unsigned int\000"
 576      20756E73 
 576      69676E65 
 576      6420696E 
 576      7400
 577              	.LASF24:
 578 0080 54696D65 		.ascii	"Timer_1_Sleep\000"
 578      725F315F 
 578      536C6565 
 578      7000
 579              	.LASF9:
 580 008e 75696E74 		.ascii	"uint8\000"
 580      3800
 581              	.LASF26:
 582 0094 474E5520 		.ascii	"GNU C11 5.4.1 20160609 (release) [ARM/embedded-5-br"
 582      43313120 
 582      352E342E 
 582      31203230 
 582      31363036 
 583 00c7 616E6368 		.ascii	"anch revision 237715] -mcpu=cortex-m0 -mthumb -g -O"
 583      20726576 
 583      6973696F 
 583      6E203233 
 583      37373135 
 584 00fa 30202D66 		.ascii	"0 -ffunction-sections -ffat-lto-objects\000"
 584      66756E63 
 584      74696F6E 
 584      2D736563 
 584      74696F6E 
 585              	.LASF12:
 586 0122 646F7562 		.ascii	"double\000"
 586      6C6500
 587              	.LASF10:
 588 0129 75696E74 		.ascii	"uint16\000"
 588      313600
 589              	.LASF8:
ARM GAS  C:\Users\IlyR\AppData\Local\Temp\ccnGizqg.s 			page 15


 590 0130 756E7369 		.ascii	"unsigned int\000"
 590      676E6564 
 590      20696E74 
 590      00
 591              	.LASF7:
 592 013d 6C6F6E67 		.ascii	"long long unsigned int\000"
 592      206C6F6E 
 592      6720756E 
 592      7369676E 
 592      65642069 
 593              	.LASF23:
 594 0154 54696D65 		.ascii	"Timer_1_RestoreConfig\000"
 594      725F315F 
 594      52657374 
 594      6F726543 
 594      6F6E6669 
 595              	.LASF28:
 596 016a 443A5C53 		.ascii	"D:\\Sensored BLDC Motor Control\\control_v3.cydsn\000"
 596      656E736F 
 596      72656420 
 596      424C4443 
 596      204D6F74 
 597              	.LASF16:
 598 019a 73697A65 		.ascii	"sizetype\000"
 598      74797065 
 598      00
 599              	.LASF6:
 600 01a3 6C6F6E67 		.ascii	"long long int\000"
 600      206C6F6E 
 600      6720696E 
 600      7400
 601              	.LASF13:
 602 01b1 63686172 		.ascii	"char\000"
 602      00
 603              	.LASF27:
 604 01b6 47656E65 		.ascii	"Generated_Source\\PSoC4\\Timer_1_PM.c\000"
 604      72617465 
 604      645F536F 
 604      75726365 
 604      5C50536F 
 605              	.LASF29:
 606 01da 54696D65 		.ascii	"Timer_1_backup\000"
 606      725F315F 
 606      6261636B 
 606      757000
 607              	.LASF2:
 608 01e9 73686F72 		.ascii	"short int\000"
 608      7420696E 
 608      7400
 609              	.LASF4:
 610 01f3 6C6F6E67 		.ascii	"long int\000"
 610      20696E74 
 610      00
 611              	.LASF25:
 612 01fc 54696D65 		.ascii	"Timer_1_Wakeup\000"
 612      725F315F 
 612      57616B65 
ARM GAS  C:\Users\IlyR\AppData\Local\Temp\ccnGizqg.s 			page 16


 612      757000
 613              	.LASF15:
 614 020b 6C6F6E67 		.ascii	"long double\000"
 614      20646F75 
 614      626C6500 
 615              	.LASF0:
 616 0217 7369676E 		.ascii	"signed char\000"
 616      65642063 
 616      68617200 
 617              	.LASF19:
 618 0223 496E7465 		.ascii	"InterruptMaskValue\000"
 618      72727570 
 618      744D6173 
 618      6B56616C 
 618      756500
 619              	.LASF20:
 620 0236 54696D65 		.ascii	"TimerControlRegister\000"
 620      72436F6E 
 620      74726F6C 
 620      52656769 
 620      73746572 
 621              		.ident	"GCC: (GNU Tools for ARM Embedded Processors) 5.4.1 20160609 (release) [ARM/embedded-5-bran
